<?xml version="1.0" encoding="UTF-8" standalone="no"?>
<!DOCTYPE log SYSTEM "logger.dtd">
<log>
<record>
  <date>2017-06-28T11:33:09</date>
  <millis>1498617189683</millis>
  <sequence>0</sequence>
  <level>START</level>
  <class>com.kms.katalon.core.logging.KeywordLogger</class>
  <method>startSuite</method>
  <thread>1</thread>
  <message>Start Test Suite : TS_China_Mobile</message>
  <nestedLevel>0</nestedLevel>
  <property name="name">TS_China_Mobile</property>
  <property name="description"></property>
  <property name="id">Test Suites/TS_China_Mobile</property>
</record>
<record>
  <date>2017-06-28T11:33:09</date>
  <millis>1498617189737</millis>
  <sequence>1</sequence>
  <level>RUN_DATA</level>
  <class>com.kms.katalon.core.logging.KeywordLogger</class>
  <method>logMessage</method>
  <thread>1</thread>
  <message>Logging run data &amp;apos;hostName&amp;apos; with value &amp;apos;User - 10.241.21.212&amp;apos;</message>
  <nestedLevel>0</nestedLevel>
  <property name="hostName">User - 10.241.21.212</property>
</record>
<record>
  <date>2017-06-28T11:33:09</date>
  <millis>1498617189738</millis>
  <sequence>2</sequence>
  <level>RUN_DATA</level>
  <class>com.kms.katalon.core.logging.KeywordLogger</class>
  <method>logMessage</method>
  <thread>1</thread>
  <message>Logging run data &amp;apos;os&amp;apos; with value &amp;apos;Windows 7 64bit&amp;apos;</message>
  <nestedLevel>0</nestedLevel>
  <property name="os">Windows 7 64bit</property>
</record>
<record>
  <date>2017-06-28T11:33:09</date>
  <millis>1498617189740</millis>
  <sequence>3</sequence>
  <level>RUN_DATA</level>
  <class>com.kms.katalon.core.logging.KeywordLogger</class>
  <method>logMessage</method>
  <thread>1</thread>
  <message>Logging run data &amp;apos;hostAddress&amp;apos; with value &amp;apos;10.241.21.212&amp;apos;</message>
  <nestedLevel>0</nestedLevel>
  <property name="hostAddress">10.241.21.212</property>
</record>
<record>
  <date>2017-06-28T11:33:09</date>
  <millis>1498617189741</millis>
  <sequence>4</sequence>
  <level>RUN_DATA</level>
  <class>com.kms.katalon.core.logging.KeywordLogger</class>
  <method>logMessage</method>
  <thread>1</thread>
  <message>Logging run data &amp;apos;katalonVersion&amp;apos; with value &amp;apos;4.6.0.2&amp;apos;</message>
  <nestedLevel>0</nestedLevel>
  <property name="katalonVersion">4.6.0.2</property>
</record>
<record>
  <date>2017-06-28T11:33:10</date>
  <millis>1498617190106</millis>
  <sequence>5</sequence>
  <level>START</level>
  <class>com.kms.katalon.core.logging.KeywordLogger</class>
  <method>startTest</method>
  <thread>1</thread>
  <message>Start Test Case : Test Cases/SCENARIO_TEST/CHINA/Mobile/TC_mobile_01</message>
  <nestedLevel>1</nestedLevel>
  <property name="name">Test Cases/SCENARIO_TEST/CHINA/Mobile/TC_mobile_01</property>
  <property name="description"></property>
  <property name="id">Test Cases/SCENARIO_TEST/CHINA/Mobile/TC_mobile_01</property>
  <property name="source">C:\\Users\\User\\git\\Test_AutomationTest Cases\\SCENARIO_TEST\\CHINA\\Mobile\\TC_mobile_01.tc</property>
  <property name="isOptional">false</property>
</record>
<record>
  <date>2017-06-28T11:33:10</date>
  <millis>1498617190292</millis>
  <sequence>6</sequence>
  <level>INFO</level>
  <class>com.kms.katalon.core.logging.KeywordLogger</class>
  <method>logMessage</method>
  <thread>1</thread>
  <message>Evaluating variables for test case</message>
  <nestedLevel>1</nestedLevel>
</record>
<record>
  <date>2017-06-28T11:33:10</date>
  <millis>1498617190732</millis>
  <sequence>7</sequence>
  <level>START</level>
  <class>com.kms.katalon.core.logging.KeywordLogger</class>
  <method>startKeyword</method>
  <thread>1</thread>
  <message>Start action : openBrowser</message>
  <nestedLevel>1</nestedLevel>
  <property name="startLine">22</property>
  <property name="stepIndex">1</property>
</record>
<record>
  <date>2017-06-28T11:33:11</date>
  <millis>1498617191453</millis>
  <sequence>8</sequence>
  <level>INFO</level>
  <class>com.kms.katalon.core.logging.KeywordLogger</class>
  <method>logMessage</method>
  <thread>1</thread>
  <message>Opening browser</message>
  <nestedLevel>1</nestedLevel>
</record>
<record>
  <date>2017-06-28T11:33:11</date>
  <millis>1498617191466</millis>
  <sequence>9</sequence>
  <level>INFO</level>
  <class>com.kms.katalon.core.logging.KeywordLogger</class>
  <method>logMessage</method>
  <thread>1</thread>
  <message>Starting &amp;apos;Firefox&amp;apos; driver</message>
  <nestedLevel>1</nestedLevel>
</record>
<record>
  <date>2017-06-28T11:33:16</date>
  <millis>1498617196023</millis>
  <sequence>10</sequence>
  <level>RUN_DATA</level>
  <class>com.kms.katalon.core.logging.KeywordLogger</class>
  <method>logMessage</method>
  <thread>1</thread>
  <message>Logging run data &amp;apos;sessionId&amp;apos; with value &amp;apos;d46b2308-ada7-49fe-a3e1-c801e0f1c2db&amp;apos;</message>
  <nestedLevel>1</nestedLevel>
  <property name="sessionId">d46b2308-ada7-49fe-a3e1-c801e0f1c2db</property>
</record>
<record>
  <date>2017-06-28T11:33:16</date>
  <millis>1498617196066</millis>
  <sequence>11</sequence>
  <level>RUN_DATA</level>
  <class>com.kms.katalon.core.logging.KeywordLogger</class>
  <method>logMessage</method>
  <thread>1</thread>
  <message>Logging run data &amp;apos;browser&amp;apos; with value &amp;apos;Firefox 53.0&amp;apos;</message>
  <nestedLevel>1</nestedLevel>
  <property name="browser">Firefox 53.0</property>
</record>
<record>
  <date>2017-06-28T11:33:16</date>
  <millis>1498617196067</millis>
  <sequence>12</sequence>
  <level>RUN_DATA</level>
  <class>com.kms.katalon.core.logging.KeywordLogger</class>
  <method>logMessage</method>
  <thread>1</thread>
  <message>Logging run data &amp;apos;platform&amp;apos; with value &amp;apos;Windows 7&amp;apos;</message>
  <nestedLevel>1</nestedLevel>
  <property name="platform">Windows 7</property>
</record>
<record>
  <date>2017-06-28T11:33:16</date>
  <millis>1498617196071</millis>
  <sequence>13</sequence>
  <level>RUN_DATA</level>
  <class>com.kms.katalon.core.logging.KeywordLogger</class>
  <method>logMessage</method>
  <thread>1</thread>
  <message>Logging run data &amp;apos;seleniumVersion&amp;apos; with value &amp;apos;2.53.0&amp;apos;</message>
  <nestedLevel>1</nestedLevel>
  <property name="seleniumVersion">2.53.0</property>
</record>
<record>
  <date>2017-06-28T11:33:16</date>
  <millis>1498617196073</millis>
  <sequence>14</sequence>
  <level>RUN_DATA</level>
  <class>com.kms.katalon.core.logging.KeywordLogger</class>
  <method>logMessage</method>
  <thread>1</thread>
  <message>Logging run data &amp;apos;proxyInformation&amp;apos; with value &amp;apos;ProxyInformation{proxyOption=NO_PROXY, proxyServerType=HTTP, password=, proxyServerAddress=, proxyServerPort=0}&amp;apos;</message>
  <nestedLevel>1</nestedLevel>
  <property name="proxyInformation">ProxyInformation{proxyOption=NO_PROXY, proxyServerType=HTTP, password=, proxyServerAddress=, proxyServerPort=0}</property>
</record>
<record>
  <date>2017-06-28T11:33:16</date>
  <millis>1498617196074</millis>
  <sequence>15</sequence>
  <level>PASSED</level>
  <class>com.kms.katalon.core.logging.KeywordLogger</class>
  <method>logMessage</method>
  <thread>1</thread>
  <message>Browser is opened with url: &amp;apos;&amp;apos;</message>
  <nestedLevel>1</nestedLevel>
</record>
<record>
  <date>2017-06-28T11:33:16</date>
  <millis>1498617196075</millis>
  <sequence>16</sequence>
  <level>END</level>
  <class>com.kms.katalon.core.logging.KeywordLogger</class>
  <method>endKeyword</method>
  <thread>1</thread>
  <message>End action : openBrowser</message>
  <nestedLevel>1</nestedLevel>
</record>
<record>
  <date>2017-06-28T11:33:16</date>
  <millis>1498617196075</millis>
  <sequence>17</sequence>
  <level>START</level>
  <class>com.kms.katalon.core.logging.KeywordLogger</class>
  <method>startKeyword</method>
  <thread>1</thread>
  <message>Start action : setViewPortSize</message>
  <nestedLevel>1</nestedLevel>
  <property name="startLine">25</property>
  <property name="stepIndex">2</property>
  <property name="description">iPhone 6 diplay size</property>
</record>
<record>
  <date>2017-06-28T11:33:16</date>
  <millis>1498617196098</millis>
  <sequence>18</sequence>
  <level>INFO</level>
  <class>com.kms.katalon.core.logging.KeywordLogger</class>
  <method>logMessage</method>
  <thread>1</thread>
  <message>Checking width</message>
  <nestedLevel>1</nestedLevel>
</record>
<record>
  <date>2017-06-28T11:33:16</date>
  <millis>1498617196099</millis>
  <sequence>19</sequence>
  <level>INFO</level>
  <class>com.kms.katalon.core.logging.KeywordLogger</class>
  <method>logMessage</method>
  <thread>1</thread>
  <message>Checking height</message>
  <nestedLevel>1</nestedLevel>
</record>
<record>
  <date>2017-06-28T11:33:16</date>
  <millis>1498617196146</millis>
  <sequence>20</sequence>
  <level>PASSED</level>
  <class>com.kms.katalon.core.logging.KeywordLogger</class>
  <method>logMessage</method>
  <thread>1</thread>
  <message>Viewport is set to new size with width = 375 and height = 667</message>
  <nestedLevel>1</nestedLevel>
</record>
<record>
  <date>2017-06-28T11:33:16</date>
  <millis>1498617196147</millis>
  <sequence>21</sequence>
  <level>END</level>
  <class>com.kms.katalon.core.logging.KeywordLogger</class>
  <method>endKeyword</method>
  <thread>1</thread>
  <message>End action : setViewPortSize</message>
  <nestedLevel>1</nestedLevel>
</record>
<record>
  <date>2017-06-28T11:33:16</date>
  <millis>1498617196148</millis>
  <sequence>22</sequence>
  <level>START</level>
  <class>com.kms.katalon.core.logging.KeywordLogger</class>
  <method>startKeyword</method>
  <thread>1</thread>
  <message>Start action : navigateToUrl</message>
  <nestedLevel>1</nestedLevel>
  <property name="startLine">28</property>
  <property name="stepIndex">3</property>
  <property name="description">navigate to www.samsung.com/cn</property>
</record>
<record>
  <date>2017-06-28T11:33:16</date>
  <millis>1498617196164</millis>
  <sequence>23</sequence>
  <level>INFO</level>
  <class>com.kms.katalon.core.logging.KeywordLogger</class>
  <method>logMessage</method>
  <thread>1</thread>
  <message>Checking url</message>
  <nestedLevel>1</nestedLevel>
</record>
<record>
  <date>2017-06-28T11:33:16</date>
  <millis>1498617196166</millis>
  <sequence>24</sequence>
  <level>INFO</level>
  <class>com.kms.katalon.core.logging.KeywordLogger</class>
  <method>logMessage</method>
  <thread>1</thread>
  <message>Navigating to &amp;apos;http://www.samsung.com/cn/&amp;apos;</message>
  <nestedLevel>1</nestedLevel>
</record>
<record>
  <date>2017-06-28T11:33:19</date>
  <millis>1498617199636</millis>
  <sequence>25</sequence>
  <level>PASSED</level>
  <class>com.kms.katalon.core.logging.KeywordLogger</class>
  <method>logMessage</method>
  <thread>1</thread>
  <message>Navigate to &amp;apos;http://www.samsung.com/cn/&amp;apos; successfully</message>
  <nestedLevel>1</nestedLevel>
</record>
<record>
  <date>2017-06-28T11:33:19</date>
  <millis>1498617199637</millis>
  <sequence>26</sequence>
  <level>END</level>
  <class>com.kms.katalon.core.logging.KeywordLogger</class>
  <method>endKeyword</method>
  <thread>1</thread>
  <message>End action : navigateToUrl</message>
  <nestedLevel>1</nestedLevel>
</record>
<record>
  <date>2017-06-28T11:33:19</date>
  <millis>1498617199638</millis>
  <sequence>27</sequence>
  <level>START</level>
  <class>com.kms.katalon.core.logging.KeywordLogger</class>
  <method>startKeyword</method>
  <thread>1</thread>
  <message>Start action : click</message>
  <nestedLevel>1</nestedLevel>
  <property name="startLine">31</property>
  <property name="stepIndex">4</property>
  <property name="description">hit the menu button</property>
</record>
<record>
  <date>2017-06-28T11:33:19</date>
  <millis>1498617199643</millis>
  <sequence>28</sequence>
  <level>INFO</level>
  <class>com.kms.katalon.core.logging.KeywordLogger</class>
  <method>logMessage</method>
  <thread>1</thread>
  <message>Finding Test Object with id &amp;apos;Object Repository/SCENARIO_TEST/CHINA/Mobile/01. Page_/01. button_s-svg s-gnb-toggler&amp;apos;</message>
  <nestedLevel>1</nestedLevel>
</record>
<record>
  <date>2017-06-28T11:33:19</date>
  <millis>1498617199657</millis>
  <sequence>29</sequence>
  <level>INFO</level>
  <class>com.kms.katalon.core.logging.KeywordLogger</class>
  <method>logMessage</method>
  <thread>1</thread>
  <message>Checking object</message>
  <nestedLevel>1</nestedLevel>
</record>
<record>
  <date>2017-06-28T11:33:19</date>
  <millis>1498617199657</millis>
  <sequence>30</sequence>
  <level>INFO</level>
  <class>com.kms.katalon.core.logging.KeywordLogger</class>
  <method>logMessage</method>
  <thread>1</thread>
  <message>Checking timeout</message>
  <nestedLevel>1</nestedLevel>
</record>
<record>
  <date>2017-06-28T11:33:19</date>
  <millis>1498617199661</millis>
  <sequence>31</sequence>
  <level>INFO</level>
  <class>com.kms.katalon.core.logging.KeywordLogger</class>
  <method>logMessage</method>
  <thread>1</thread>
  <message>Finding web element with id: &amp;apos;Object Repository/SCENARIO_TEST/CHINA/Mobile/01. Page_/01. button_s-svg s-gnb-toggler&amp;apos; located by &amp;apos;By.xpath: //button[count(. | id(\&amp;quot;header\&amp;quot;)/div[@class=\&amp;quot;cm-g-gnb gnb\&amp;quot;]/nav[@class=\&amp;quot;gb-gnb\&amp;quot;]/div[@class=\&amp;quot;gb-gnb__bar\&amp;quot;]/div[@class=\&amp;quot;gb-gnb__bar-inner\&amp;quot;]/button[@class=\&amp;quot;s-svg s-gnb-toggler\&amp;quot;]) = count(id(\&amp;quot;header\&amp;quot;)/div[@class=\&amp;quot;cm-g-gnb gnb\&amp;quot;]/nav[@class=\&amp;quot;gb-gnb\&amp;quot;]/div[@class=\&amp;quot;gb-gnb__bar\&amp;quot;]/div[@class=\&amp;quot;gb-gnb__bar-inner\&amp;quot;]/button[@class=\&amp;quot;s-svg s-gnb-toggler\&amp;quot;])]&amp;apos; in &amp;apos;30&amp;apos; second(s)</message>
  <nestedLevel>1</nestedLevel>
</record>
<record>
  <date>2017-06-28T11:33:19</date>
  <millis>1498617199957</millis>
  <sequence>32</sequence>
  <level>INFO</level>
  <class>com.kms.katalon.core.logging.KeywordLogger</class>
  <method>logMessage</method>
  <thread>1</thread>
  <message>Found 1 web elements with id: &amp;apos;Object Repository/SCENARIO_TEST/CHINA/Mobile/01. Page_/01. button_s-svg s-gnb-toggler&amp;apos; located by &amp;apos;By.xpath: //button[count(. | id(\&amp;quot;header\&amp;quot;)/div[@class=\&amp;quot;cm-g-gnb gnb\&amp;quot;]/nav[@class=\&amp;quot;gb-gnb\&amp;quot;]/div[@class=\&amp;quot;gb-gnb__bar\&amp;quot;]/div[@class=\&amp;quot;gb-gnb__bar-inner\&amp;quot;]/button[@class=\&amp;quot;s-svg s-gnb-toggler\&amp;quot;]) = count(id(\&amp;quot;header\&amp;quot;)/div[@class=\&amp;quot;cm-g-gnb gnb\&amp;quot;]/nav[@class=\&amp;quot;gb-gnb\&amp;quot;]/div[@class=\&amp;quot;gb-gnb__bar\&amp;quot;]/div[@class=\&amp;quot;gb-gnb__bar-inner\&amp;quot;]/button[@class=\&amp;quot;s-svg s-gnb-toggler\&amp;quot;])]&amp;apos; in &amp;apos;30&amp;apos; second(s)</message>
  <nestedLevel>1</nestedLevel>
</record>
<record>
  <date>2017-06-28T11:33:19</date>
  <millis>1498617199958</millis>
  <sequence>33</sequence>
  <level>INFO</level>
  <class>com.kms.katalon.core.logging.KeywordLogger</class>
  <method>logMessage</method>
  <thread>1</thread>
  <message>Clicking on object: &amp;apos;Object Repository/SCENARIO_TEST/CHINA/Mobile/01. Page_/01. button_s-svg s-gnb-toggler&amp;apos;</message>
  <nestedLevel>1</nestedLevel>
</record>
<record>
  <date>2017-06-28T11:33:20</date>
  <millis>1498617200080</millis>
  <sequence>34</sequence>
  <level>PASSED</level>
  <class>com.kms.katalon.core.logging.KeywordLogger</class>
  <method>logMessage</method>
  <thread>1</thread>
  <message>Object: &amp;apos;Object Repository/SCENARIO_TEST/CHINA/Mobile/01. Page_/01. button_s-svg s-gnb-toggler&amp;apos; is clicked on</message>
  <nestedLevel>1</nestedLevel>
</record>
<record>
  <date>2017-06-28T11:33:20</date>
  <millis>1498617200081</millis>
  <sequence>35</sequence>
  <level>END</level>
  <class>com.kms.katalon.core.logging.KeywordLogger</class>
  <method>endKeyword</method>
  <thread>1</thread>
  <message>End action : click</message>
  <nestedLevel>1</nestedLevel>
</record>
<record>
  <date>2017-06-28T11:33:20</date>
  <millis>1498617200081</millis>
  <sequence>36</sequence>
  <level>START</level>
  <class>com.kms.katalon.core.logging.KeywordLogger</class>
  <method>startKeyword</method>
  <thread>1</thread>
  <message>Start action : click</message>
  <nestedLevel>1</nestedLevel>
  <property name="startLine">33</property>
  <property name="stepIndex">5</property>
</record>
<record>
  <date>2017-06-28T11:33:20</date>
  <millis>1498617200082</millis>
  <sequence>37</sequence>
  <level>INFO</level>
  <class>com.kms.katalon.core.logging.KeywordLogger</class>
  <method>logMessage</method>
  <thread>1</thread>
  <message>Finding Test Object with id &amp;apos;Object Repository/SCENARIO_TEST/CHINA/Mobile/01. Page_/02. a_TV&amp;apos;</message>
  <nestedLevel>1</nestedLevel>
</record>
<record>
  <date>2017-06-28T11:33:20</date>
  <millis>1498617200088</millis>
  <sequence>38</sequence>
  <level>INFO</level>
  <class>com.kms.katalon.core.logging.KeywordLogger</class>
  <method>logMessage</method>
  <thread>1</thread>
  <message>Checking object</message>
  <nestedLevel>1</nestedLevel>
</record>
<record>
  <date>2017-06-28T11:33:20</date>
  <millis>1498617200089</millis>
  <sequence>39</sequence>
  <level>INFO</level>
  <class>com.kms.katalon.core.logging.KeywordLogger</class>
  <method>logMessage</method>
  <thread>1</thread>
  <message>Checking timeout</message>
  <nestedLevel>1</nestedLevel>
</record>
<record>
  <date>2017-06-28T11:33:20</date>
  <millis>1498617200090</millis>
  <sequence>40</sequence>
  <level>INFO</level>
  <class>com.kms.katalon.core.logging.KeywordLogger</class>
  <method>logMessage</method>
  <thread>1</thread>
  <message>Finding web element with id: &amp;apos;Object Repository/SCENARIO_TEST/CHINA/Mobile/01. Page_/02. a_TV&amp;apos; located by &amp;apos;By.xpath: //a[count(. | id(\&amp;quot;mobile_left\&amp;quot;)/li[2]/a[@class=\&amp;quot;s-depth1-link\&amp;quot;]) = count(id(\&amp;quot;mobile_left\&amp;quot;)/li[2]/a[@class=\&amp;quot;s-depth1-link\&amp;quot;])]&amp;apos; in &amp;apos;30&amp;apos; second(s)</message>
  <nestedLevel>1</nestedLevel>
</record>
<record>
  <date>2017-06-28T11:33:20</date>
  <millis>1498617200136</millis>
  <sequence>41</sequence>
  <level>INFO</level>
  <class>com.kms.katalon.core.logging.KeywordLogger</class>
  <method>logMessage</method>
  <thread>1</thread>
  <message>Found 1 web elements with id: &amp;apos;Object Repository/SCENARIO_TEST/CHINA/Mobile/01. Page_/02. a_TV&amp;apos; located by &amp;apos;By.xpath: //a[count(. | id(\&amp;quot;mobile_left\&amp;quot;)/li[2]/a[@class=\&amp;quot;s-depth1-link\&amp;quot;]) = count(id(\&amp;quot;mobile_left\&amp;quot;)/li[2]/a[@class=\&amp;quot;s-depth1-link\&amp;quot;])]&amp;apos; in &amp;apos;30&amp;apos; second(s)</message>
  <nestedLevel>1</nestedLevel>
</record>
<record>
  <date>2017-06-28T11:33:20</date>
  <millis>1498617200138</millis>
  <sequence>42</sequence>
  <level>INFO</level>
  <class>com.kms.katalon.core.logging.KeywordLogger</class>
  <method>logMessage</method>
  <thread>1</thread>
  <message>Clicking on object: &amp;apos;Object Repository/SCENARIO_TEST/CHINA/Mobile/01. Page_/02. a_TV&amp;apos;</message>
  <nestedLevel>1</nestedLevel>
</record>
<record>
  <date>2017-06-28T11:33:20</date>
  <millis>1498617200305</millis>
  <sequence>43</sequence>
  <level>PASSED</level>
  <class>com.kms.katalon.core.logging.KeywordLogger</class>
  <method>logMessage</method>
  <thread>1</thread>
  <message>Object: &amp;apos;Object Repository/SCENARIO_TEST/CHINA/Mobile/01. Page_/02. a_TV&amp;apos; is clicked on</message>
  <nestedLevel>1</nestedLevel>
</record>
<record>
  <date>2017-06-28T11:33:20</date>
  <millis>1498617200306</millis>
  <sequence>44</sequence>
  <level>END</level>
  <class>com.kms.katalon.core.logging.KeywordLogger</class>
  <method>endKeyword</method>
  <thread>1</thread>
  <message>End action : click</message>
  <nestedLevel>1</nestedLevel>
</record>
<record>
  <date>2017-06-28T11:33:20</date>
  <millis>1498617200306</millis>
  <sequence>45</sequence>
  <level>START</level>
  <class>com.kms.katalon.core.logging.KeywordLogger</class>
  <method>startKeyword</method>
  <thread>1</thread>
  <message>Start action : click</message>
  <nestedLevel>1</nestedLevel>
  <property name="startLine">35</property>
  <property name="stepIndex">6</property>
</record>
<record>
  <date>2017-06-28T11:33:20</date>
  <millis>1498617200307</millis>
  <sequence>46</sequence>
  <level>INFO</level>
  <class>com.kms.katalon.core.logging.KeywordLogger</class>
  <method>logMessage</method>
  <thread>1</thread>
  <message>Finding Test Object with id &amp;apos;Object Repository/SCENARIO_TEST/CHINA/Mobile/01. Page_/03. a_Premium UHD TV&amp;apos;</message>
  <nestedLevel>1</nestedLevel>
</record>
<record>
  <date>2017-06-28T11:33:20</date>
  <millis>1498617200312</millis>
  <sequence>47</sequence>
  <level>INFO</level>
  <class>com.kms.katalon.core.logging.KeywordLogger</class>
  <method>logMessage</method>
  <thread>1</thread>
  <message>Checking object</message>
  <nestedLevel>1</nestedLevel>
</record>
<record>
  <date>2017-06-28T11:33:20</date>
  <millis>1498617200313</millis>
  <sequence>48</sequence>
  <level>INFO</level>
  <class>com.kms.katalon.core.logging.KeywordLogger</class>
  <method>logMessage</method>
  <thread>1</thread>
  <message>Checking timeout</message>
  <nestedLevel>1</nestedLevel>
</record>
<record>
  <date>2017-06-28T11:33:20</date>
  <millis>1498617200313</millis>
  <sequence>49</sequence>
  <level>INFO</level>
  <class>com.kms.katalon.core.logging.KeywordLogger</class>
  <method>logMessage</method>
  <thread>1</thread>
  <message>Finding web element with id: &amp;apos;Object Repository/SCENARIO_TEST/CHINA/Mobile/01. Page_/03. a_Premium UHD TV&amp;apos; located by &amp;apos;By.xpath: //a[count(. | //*[@id=\&amp;quot;header\&amp;quot;]/div[4]/nav/div[2]/div/div[1]/div/div/ul/li[1]/ul/li[2]/a) = count(//*[@id=\&amp;quot;header\&amp;quot;]/div[4]/nav/div[2]/div/div[1]/div/div/ul/li[1]/ul/li[2]/a)]&amp;apos; in &amp;apos;30&amp;apos; second(s)</message>
  <nestedLevel>1</nestedLevel>
</record>
<record>
  <date>2017-06-28T11:33:20</date>
  <millis>1498617200829</millis>
  <sequence>50</sequence>
  <level>INFO</level>
  <class>com.kms.katalon.core.logging.KeywordLogger</class>
  <method>logMessage</method>
  <thread>1</thread>
  <message>Found 1 web elements with id: &amp;apos;Object Repository/SCENARIO_TEST/CHINA/Mobile/01. Page_/03. a_Premium UHD TV&amp;apos; located by &amp;apos;By.xpath: //a[count(. | //*[@id=\&amp;quot;header\&amp;quot;]/div[4]/nav/div[2]/div/div[1]/div/div/ul/li[1]/ul/li[2]/a) = count(//*[@id=\&amp;quot;header\&amp;quot;]/div[4]/nav/div[2]/div/div[1]/div/div/ul/li[1]/ul/li[2]/a)]&amp;apos; in &amp;apos;30&amp;apos; second(s)</message>
  <nestedLevel>1</nestedLevel>
</record>
<record>
  <date>2017-06-28T11:33:20</date>
  <millis>1498617200830</millis>
  <sequence>51</sequence>
  <level>INFO</level>
  <class>com.kms.katalon.core.logging.KeywordLogger</class>
  <method>logMessage</method>
  <thread>1</thread>
  <message>Clicking on object: &amp;apos;Object Repository/SCENARIO_TEST/CHINA/Mobile/01. Page_/03. a_Premium UHD TV&amp;apos;</message>
  <nestedLevel>1</nestedLevel>
</record>
<record>
  <date>2017-06-28T11:33:20</date>
  <millis>1498617200947</millis>
  <sequence>52</sequence>
  <level>PASSED</level>
  <class>com.kms.katalon.core.logging.KeywordLogger</class>
  <method>logMessage</method>
  <thread>1</thread>
  <message>Object: &amp;apos;Object Repository/SCENARIO_TEST/CHINA/Mobile/01. Page_/03. a_Premium UHD TV&amp;apos; is clicked on</message>
  <nestedLevel>1</nestedLevel>
</record>
<record>
  <date>2017-06-28T11:33:20</date>
  <millis>1498617200962</millis>
  <sequence>53</sequence>
  <level>END</level>
  <class>com.kms.katalon.core.logging.KeywordLogger</class>
  <method>endKeyword</method>
  <thread>1</thread>
  <message>End action : click</message>
  <nestedLevel>1</nestedLevel>
</record>
<record>
  <date>2017-06-28T11:33:20</date>
  <millis>1498617200963</millis>
  <sequence>54</sequence>
  <level>START</level>
  <class>com.kms.katalon.core.logging.KeywordLogger</class>
  <method>startKeyword</method>
  <thread>1</thread>
  <message>Start action : click</message>
  <nestedLevel>1</nestedLevel>
  <property name="startLine">37</property>
  <property name="stepIndex">7</property>
</record>
<record>
  <date>2017-06-28T11:33:20</date>
  <millis>1498617200963</millis>
  <sequence>55</sequence>
  <level>INFO</level>
  <class>com.kms.katalon.core.logging.KeywordLogger</class>
  <method>logMessage</method>
  <thread>1</thread>
  <message>Finding Test Object with id &amp;apos;Object Repository/SCENARIO_TEST/CHINA/Mobile/02. Page_ - SUHD Curved TV UHD TVFULL H/04. button_results&amp;apos;</message>
  <nestedLevel>1</nestedLevel>
</record>
<record>
  <date>2017-06-28T11:33:20</date>
  <millis>1498617200967</millis>
  <sequence>56</sequence>
  <level>INFO</level>
  <class>com.kms.katalon.core.logging.KeywordLogger</class>
  <method>logMessage</method>
  <thread>1</thread>
  <message>Checking object</message>
  <nestedLevel>1</nestedLevel>
</record>
<record>
  <date>2017-06-28T11:33:20</date>
  <millis>1498617200967</millis>
  <sequence>57</sequence>
  <level>INFO</level>
  <class>com.kms.katalon.core.logging.KeywordLogger</class>
  <method>logMessage</method>
  <thread>1</thread>
  <message>Checking timeout</message>
  <nestedLevel>1</nestedLevel>
</record>
<record>
  <date>2017-06-28T11:33:20</date>
  <millis>1498617200968</millis>
  <sequence>58</sequence>
  <level>INFO</level>
  <class>com.kms.katalon.core.logging.KeywordLogger</class>
  <method>logMessage</method>
  <thread>1</thread>
  <message>Finding web element with id: &amp;apos;Object Repository/SCENARIO_TEST/CHINA/Mobile/02. Page_ - SUHD Curved TV UHD TVFULL H/04. button_results&amp;apos; located by &amp;apos;By.xpath: //button[count(. | id(\&amp;quot;content\&amp;quot;)/div[@class=\&amp;quot;js-fs-blank\&amp;quot;]/div[@class=\&amp;quot;filter-sort\&amp;quot;]/div[@class=\&amp;quot;filter-sort__wrap\&amp;quot;]/div[@class=\&amp;quot;filter-sort__menu\&amp;quot;]/div[@class=\&amp;quot;filter-sort__results-mo\&amp;quot;]/button[@class=\&amp;quot;filter-sort__results-btn\&amp;quot;]) = count(id(\&amp;quot;content\&amp;quot;)/div[@class=\&amp;quot;js-fs-blank\&amp;quot;]/div[@class=\&amp;quot;filter-sort\&amp;quot;]/div[@class=\&amp;quot;filter-sort__wrap\&amp;quot;]/div[@class=\&amp;quot;filter-sort__menu\&amp;quot;]/div[@class=\&amp;quot;filter-sort__results-mo\&amp;quot;]/button[@class=\&amp;quot;filter-sort__results-btn\&amp;quot;])]&amp;apos; in &amp;apos;30&amp;apos; second(s)</message>
  <nestedLevel>1</nestedLevel>
</record>
<record>
  <date>2017-06-28T11:33:26</date>
  <millis>1498617206445</millis>
  <sequence>59</sequence>
  <level>INFO</level>
  <class>com.kms.katalon.core.logging.KeywordLogger</class>
  <method>logMessage</method>
  <thread>1</thread>
  <message>Found 1 web elements with id: &amp;apos;Object Repository/SCENARIO_TEST/CHINA/Mobile/02. Page_ - SUHD Curved TV UHD TVFULL H/04. button_results&amp;apos; located by &amp;apos;By.xpath: //button[count(. | id(\&amp;quot;content\&amp;quot;)/div[@class=\&amp;quot;js-fs-blank\&amp;quot;]/div[@class=\&amp;quot;filter-sort\&amp;quot;]/div[@class=\&amp;quot;filter-sort__wrap\&amp;quot;]/div[@class=\&amp;quot;filter-sort__menu\&amp;quot;]/div[@class=\&amp;quot;filter-sort__results-mo\&amp;quot;]/button[@class=\&amp;quot;filter-sort__results-btn\&amp;quot;]) = count(id(\&amp;quot;content\&amp;quot;)/div[@class=\&amp;quot;js-fs-blank\&amp;quot;]/div[@class=\&amp;quot;filter-sort\&amp;quot;]/div[@class=\&amp;quot;filter-sort__wrap\&amp;quot;]/div[@class=\&amp;quot;filter-sort__menu\&amp;quot;]/div[@class=\&amp;quot;filter-sort__results-mo\&amp;quot;]/button[@class=\&amp;quot;filter-sort__results-btn\&amp;quot;])]&amp;apos; in &amp;apos;30&amp;apos; second(s)</message>
  <nestedLevel>1</nestedLevel>
</record>
<record>
  <date>2017-06-28T11:33:26</date>
  <millis>1498617206446</millis>
  <sequence>60</sequence>
  <level>INFO</level>
  <class>com.kms.katalon.core.logging.KeywordLogger</class>
  <method>logMessage</method>
  <thread>1</thread>
  <message>Clicking on object: &amp;apos;Object Repository/SCENARIO_TEST/CHINA/Mobile/02. Page_ - SUHD Curved TV UHD TVFULL H/04. button_results&amp;apos;</message>
  <nestedLevel>1</nestedLevel>
</record>
<record>
  <date>2017-06-28T11:33:26</date>
  <millis>1498617206567</millis>
  <sequence>61</sequence>
  <level>PASSED</level>
  <class>com.kms.katalon.core.logging.KeywordLogger</class>
  <method>logMessage</method>
  <thread>1</thread>
  <message>Object: &amp;apos;Object Repository/SCENARIO_TEST/CHINA/Mobile/02. Page_ - SUHD Curved TV UHD TVFULL H/04. button_results&amp;apos; is clicked on</message>
  <nestedLevel>1</nestedLevel>
</record>
<record>
  <date>2017-06-28T11:33:26</date>
  <millis>1498617206567</millis>
  <sequence>62</sequence>
  <level>END</level>
  <class>com.kms.katalon.core.logging.KeywordLogger</class>
  <method>endKeyword</method>
  <thread>1</thread>
  <message>End action : click</message>
  <nestedLevel>1</nestedLevel>
</record>
<record>
  <date>2017-06-28T11:33:26</date>
  <millis>1498617206568</millis>
  <sequence>63</sequence>
  <level>START</level>
  <class>com.kms.katalon.core.logging.KeywordLogger</class>
  <method>startKeyword</method>
  <thread>1</thread>
  <message>Start action : click</message>
  <nestedLevel>1</nestedLevel>
  <property name="startLine">39</property>
  <property name="stepIndex">8</property>
</record>
<record>
  <date>2017-06-28T11:33:26</date>
  <millis>1498617206568</millis>
  <sequence>64</sequence>
  <level>INFO</level>
  <class>com.kms.katalon.core.logging.KeywordLogger</class>
  <method>logMessage</method>
  <thread>1</thread>
  <message>Finding Test Object with id &amp;apos;Object Repository/SCENARIO_TEST/CHINA/Mobile/02. Page_ - SUHD Curved TV UHD TVFULL H/05. a_type&amp;apos;</message>
  <nestedLevel>1</nestedLevel>
</record>
<record>
  <date>2017-06-28T11:33:26</date>
  <millis>1498617206573</millis>
  <sequence>65</sequence>
  <level>INFO</level>
  <class>com.kms.katalon.core.logging.KeywordLogger</class>
  <method>logMessage</method>
  <thread>1</thread>
  <message>Checking object</message>
  <nestedLevel>1</nestedLevel>
</record>
<record>
  <date>2017-06-28T11:33:26</date>
  <millis>1498617206574</millis>
  <sequence>66</sequence>
  <level>INFO</level>
  <class>com.kms.katalon.core.logging.KeywordLogger</class>
  <method>logMessage</method>
  <thread>1</thread>
  <message>Checking timeout</message>
  <nestedLevel>1</nestedLevel>
</record>
<record>
  <date>2017-06-28T11:33:26</date>
  <millis>1498617206574</millis>
  <sequence>67</sequence>
  <level>INFO</level>
  <class>com.kms.katalon.core.logging.KeywordLogger</class>
  <method>logMessage</method>
  <thread>1</thread>
  <message>Finding web element with id: &amp;apos;Object Repository/SCENARIO_TEST/CHINA/Mobile/02. Page_ - SUHD Curved TV UHD TVFULL H/05. a_type&amp;apos; located by &amp;apos;By.xpath: //a[count(. | id(\&amp;quot;content\&amp;quot;)/div[@class=\&amp;quot;product-filter-grid\&amp;quot;]/div[@class=\&amp;quot;product-filter-grid__left js-filter-left-fix\&amp;quot;]/div[@class=\&amp;quot;filter-sort__fix-wrap\&amp;quot;]/div[@class=\&amp;quot;filter-sort__list-wrap\&amp;quot;]/div[@class=\&amp;quot;filter-sort__list\&amp;quot;]/a[@class=\&amp;quot;filter-sort__list-title\&amp;quot;]) = count(id(\&amp;quot;content\&amp;quot;)/div[@class=\&amp;quot;product-filter-grid\&amp;quot;]/div[@class=\&amp;quot;product-filter-grid__left js-filter-left-fix\&amp;quot;]/div[@class=\&amp;quot;filter-sort__fix-wrap\&amp;quot;]/div[@class=\&amp;quot;filter-sort__list-wrap\&amp;quot;]/div[@class=\&amp;quot;filter-sort__list\&amp;quot;]/a[@class=\&amp;quot;filter-sort__list-title\&amp;quot;])]&amp;apos; in &amp;apos;30&amp;apos; second(s)</message>
  <nestedLevel>1</nestedLevel>
</record>
<record>
  <date>2017-06-28T11:33:27</date>
  <millis>1498617207448</millis>
  <sequence>68</sequence>
  <level>INFO</level>
  <class>com.kms.katalon.core.logging.KeywordLogger</class>
  <method>logMessage</method>
  <thread>1</thread>
  <message>Found 3 web elements with id: &amp;apos;Object Repository/SCENARIO_TEST/CHINA/Mobile/02. Page_ - SUHD Curved TV UHD TVFULL H/05. a_type&amp;apos; located by &amp;apos;By.xpath: //a[count(. | id(\&amp;quot;content\&amp;quot;)/div[@class=\&amp;quot;product-filter-grid\&amp;quot;]/div[@class=\&amp;quot;product-filter-grid__left js-filter-left-fix\&amp;quot;]/div[@class=\&amp;quot;filter-sort__fix-wrap\&amp;quot;]/div[@class=\&amp;quot;filter-sort__list-wrap\&amp;quot;]/div[@class=\&amp;quot;filter-sort__list\&amp;quot;]/a[@class=\&amp;quot;filter-sort__list-title\&amp;quot;]) = count(id(\&amp;quot;content\&amp;quot;)/div[@class=\&amp;quot;product-filter-grid\&amp;quot;]/div[@class=\&amp;quot;product-filter-grid__left js-filter-left-fix\&amp;quot;]/div[@class=\&amp;quot;filter-sort__fix-wrap\&amp;quot;]/div[@class=\&amp;quot;filter-sort__list-wrap\&amp;quot;]/div[@class=\&amp;quot;filter-sort__list\&amp;quot;]/a[@class=\&amp;quot;filter-sort__list-title\&amp;quot;])]&amp;apos; in &amp;apos;30&amp;apos; second(s)</message>
  <nestedLevel>1</nestedLevel>
</record>
<record>
  <date>2017-06-28T11:33:27</date>
  <millis>1498617207449</millis>
  <sequence>69</sequence>
  <level>INFO</level>
  <class>com.kms.katalon.core.logging.KeywordLogger</class>
  <method>logMessage</method>
  <thread>1</thread>
  <message>Clicking on object: &amp;apos;Object Repository/SCENARIO_TEST/CHINA/Mobile/02. Page_ - SUHD Curved TV UHD TVFULL H/05. a_type&amp;apos;</message>
  <nestedLevel>1</nestedLevel>
</record>
<record>
  <date>2017-06-28T11:33:27</date>
  <millis>1498617207547</millis>
  <sequence>70</sequence>
  <level>PASSED</level>
  <class>com.kms.katalon.core.logging.KeywordLogger</class>
  <method>logMessage</method>
  <thread>1</thread>
  <message>Object: &amp;apos;Object Repository/SCENARIO_TEST/CHINA/Mobile/02. Page_ - SUHD Curved TV UHD TVFULL H/05. a_type&amp;apos; is clicked on</message>
  <nestedLevel>1</nestedLevel>
</record>
<record>
  <date>2017-06-28T11:33:27</date>
  <millis>1498617207548</millis>
  <sequence>71</sequence>
  <level>END</level>
  <class>com.kms.katalon.core.logging.KeywordLogger</class>
  <method>endKeyword</method>
  <thread>1</thread>
  <message>End action : click</message>
  <nestedLevel>1</nestedLevel>
</record>
<record>
  <date>2017-06-28T11:33:27</date>
  <millis>1498617207548</millis>
  <sequence>72</sequence>
  <level>START</level>
  <class>com.kms.katalon.core.logging.KeywordLogger</class>
  <method>startKeyword</method>
  <thread>1</thread>
  <message>Start action : click</message>
  <nestedLevel>1</nestedLevel>
  <property name="startLine">42</property>
  <property name="stepIndex">9</property>
  <property name="description">do not hit the square box, becasue it changes into black when you mouseover\r\n</property>
</record>
<record>
  <date>2017-06-28T11:33:27</date>
  <millis>1498617207549</millis>
  <sequence>73</sequence>
  <level>INFO</level>
  <class>com.kms.katalon.core.logging.KeywordLogger</class>
  <method>logMessage</method>
  <thread>1</thread>
  <message>Finding Test Object with id &amp;apos;Object Repository/SCENARIO_TEST/CHINA/Mobile/02. Page_ - SUHD Curved TV UHD TVFULL H/06. p_Premium UHD TV&amp;apos;</message>
  <nestedLevel>1</nestedLevel>
</record>
<record>
  <date>2017-06-28T11:33:27</date>
  <millis>1498617207556</millis>
  <sequence>74</sequence>
  <level>INFO</level>
  <class>com.kms.katalon.core.logging.KeywordLogger</class>
  <method>logMessage</method>
  <thread>1</thread>
  <message>Checking object</message>
  <nestedLevel>1</nestedLevel>
</record>
<record>
  <date>2017-06-28T11:33:27</date>
  <millis>1498617207557</millis>
  <sequence>75</sequence>
  <level>INFO</level>
  <class>com.kms.katalon.core.logging.KeywordLogger</class>
  <method>logMessage</method>
  <thread>1</thread>
  <message>Checking timeout</message>
  <nestedLevel>1</nestedLevel>
</record>
<record>
  <date>2017-06-28T11:33:27</date>
  <millis>1498617207558</millis>
  <sequence>76</sequence>
  <level>INFO</level>
  <class>com.kms.katalon.core.logging.KeywordLogger</class>
  <method>logMessage</method>
  <thread>1</thread>
  <message>Finding web element with id: &amp;apos;Object Repository/SCENARIO_TEST/CHINA/Mobile/02. Page_ - SUHD Curved TV UHD TVFULL H/06. p_Premium UHD TV&amp;apos; located by &amp;apos;By.xpath: //p[count(. | id(\&amp;quot;content\&amp;quot;)/div[@class=\&amp;quot;product-filter-grid\&amp;quot;]/div[@class=\&amp;quot;product-filter-grid__left js-filter-left-fix\&amp;quot;]/div[@class=\&amp;quot;filter-sort__fix-wrap\&amp;quot;]/div[@class=\&amp;quot;filter-sort__list-wrap\&amp;quot;]/div[@class=\&amp;quot;filter-sort__list active\&amp;quot;]/div[@class=\&amp;quot;filter-sort__item\&amp;quot;]/ul[1]/li[2]/label[1]/p[@class=\&amp;quot;filter-sort__text\&amp;quot;]) = count(id(\&amp;quot;content\&amp;quot;)/div[@class=\&amp;quot;product-filter-grid\&amp;quot;]/div[@class=\&amp;quot;product-filter-grid__left js-filter-left-fix\&amp;quot;]/div[@class=\&amp;quot;filter-sort__fix-wrap\&amp;quot;]/div[@class=\&amp;quot;filter-sort__list-wrap\&amp;quot;]/div[@class=\&amp;quot;filter-sort__list active\&amp;quot;]/div[@class=\&amp;quot;filter-sort__item\&amp;quot;]/ul[1]/li[2]/label[1]/p[@class=\&amp;quot;filter-sort__text\&amp;quot;])]&amp;apos; in &amp;apos;30&amp;apos; second(s)</message>
  <nestedLevel>1</nestedLevel>
</record>
<record>
  <date>2017-06-28T11:33:27</date>
  <millis>1498617207891</millis>
  <sequence>77</sequence>
  <level>INFO</level>
  <class>com.kms.katalon.core.logging.KeywordLogger</class>
  <method>logMessage</method>
  <thread>1</thread>
  <message>Found 1 web elements with id: &amp;apos;Object Repository/SCENARIO_TEST/CHINA/Mobile/02. Page_ - SUHD Curved TV UHD TVFULL H/06. p_Premium UHD TV&amp;apos; located by &amp;apos;By.xpath: //p[count(. | id(\&amp;quot;content\&amp;quot;)/div[@class=\&amp;quot;product-filter-grid\&amp;quot;]/div[@class=\&amp;quot;product-filter-grid__left js-filter-left-fix\&amp;quot;]/div[@class=\&amp;quot;filter-sort__fix-wrap\&amp;quot;]/div[@class=\&amp;quot;filter-sort__list-wrap\&amp;quot;]/div[@class=\&amp;quot;filter-sort__list active\&amp;quot;]/div[@class=\&amp;quot;filter-sort__item\&amp;quot;]/ul[1]/li[2]/label[1]/p[@class=\&amp;quot;filter-sort__text\&amp;quot;]) = count(id(\&amp;quot;content\&amp;quot;)/div[@class=\&amp;quot;product-filter-grid\&amp;quot;]/div[@class=\&amp;quot;product-filter-grid__left js-filter-left-fix\&amp;quot;]/div[@class=\&amp;quot;filter-sort__fix-wrap\&amp;quot;]/div[@class=\&amp;quot;filter-sort__list-wrap\&amp;quot;]/div[@class=\&amp;quot;filter-sort__list active\&amp;quot;]/div[@class=\&amp;quot;filter-sort__item\&amp;quot;]/ul[1]/li[2]/label[1]/p[@class=\&amp;quot;filter-sort__text\&amp;quot;])]&amp;apos; in &amp;apos;30&amp;apos; second(s)</message>
  <nestedLevel>1</nestedLevel>
</record>
<record>
  <date>2017-06-28T11:33:27</date>
  <millis>1498617207894</millis>
  <sequence>78</sequence>
  <level>INFO</level>
  <class>com.kms.katalon.core.logging.KeywordLogger</class>
  <method>logMessage</method>
  <thread>1</thread>
  <message>Clicking on object: &amp;apos;Object Repository/SCENARIO_TEST/CHINA/Mobile/02. Page_ - SUHD Curved TV UHD TVFULL H/06. p_Premium UHD TV&amp;apos;</message>
  <nestedLevel>1</nestedLevel>
</record>
<record>
  <date>2017-06-28T11:33:28</date>
  <millis>1498617208020</millis>
  <sequence>79</sequence>
  <level>PASSED</level>
  <class>com.kms.katalon.core.logging.KeywordLogger</class>
  <method>logMessage</method>
  <thread>1</thread>
  <message>Object: &amp;apos;Object Repository/SCENARIO_TEST/CHINA/Mobile/02. Page_ - SUHD Curved TV UHD TVFULL H/06. p_Premium UHD TV&amp;apos; is clicked on</message>
  <nestedLevel>1</nestedLevel>
</record>
<record>
  <date>2017-06-28T11:33:28</date>
  <millis>1498617208023</millis>
  <sequence>80</sequence>
  <level>END</level>
  <class>com.kms.katalon.core.logging.KeywordLogger</class>
  <method>endKeyword</method>
  <thread>1</thread>
  <message>End action : click</message>
  <nestedLevel>1</nestedLevel>
</record>
<record>
  <date>2017-06-28T11:33:28</date>
  <millis>1498617208023</millis>
  <sequence>81</sequence>
  <level>START</level>
  <class>com.kms.katalon.core.logging.KeywordLogger</class>
  <method>startKeyword</method>
  <thread>1</thread>
  <message>Start action : click</message>
  <nestedLevel>1</nestedLevel>
  <property name="startLine">44</property>
  <property name="stepIndex">10</property>
</record>
<record>
  <date>2017-06-28T11:33:28</date>
  <millis>1498617208024</millis>
  <sequence>82</sequence>
  <level>INFO</level>
  <class>com.kms.katalon.core.logging.KeywordLogger</class>
  <method>logMessage</method>
  <thread>1</thread>
  <message>Finding Test Object with id &amp;apos;Object Repository/SCENARIO_TEST/CHINA/Mobile/02. Page_ - SUHD Curved TV UHD TVFULL H/04. button_results&amp;apos;</message>
  <nestedLevel>1</nestedLevel>
</record>
<record>
  <date>2017-06-28T11:33:28</date>
  <millis>1498617208028</millis>
  <sequence>83</sequence>
  <level>INFO</level>
  <class>com.kms.katalon.core.logging.KeywordLogger</class>
  <method>logMessage</method>
  <thread>1</thread>
  <message>Checking object</message>
  <nestedLevel>1</nestedLevel>
</record>
<record>
  <date>2017-06-28T11:33:28</date>
  <millis>1498617208029</millis>
  <sequence>84</sequence>
  <level>INFO</level>
  <class>com.kms.katalon.core.logging.KeywordLogger</class>
  <method>logMessage</method>
  <thread>1</thread>
  <message>Checking timeout</message>
  <nestedLevel>1</nestedLevel>
</record>
<record>
  <date>2017-06-28T11:33:28</date>
  <millis>1498617208030</millis>
  <sequence>85</sequence>
  <level>INFO</level>
  <class>com.kms.katalon.core.logging.KeywordLogger</class>
  <method>logMessage</method>
  <thread>1</thread>
  <message>Finding web element with id: &amp;apos;Object Repository/SCENARIO_TEST/CHINA/Mobile/02. Page_ - SUHD Curved TV UHD TVFULL H/04. button_results&amp;apos; located by &amp;apos;By.xpath: //button[count(. | id(\&amp;quot;content\&amp;quot;)/div[@class=\&amp;quot;js-fs-blank\&amp;quot;]/div[@class=\&amp;quot;filter-sort\&amp;quot;]/div[@class=\&amp;quot;filter-sort__wrap\&amp;quot;]/div[@class=\&amp;quot;filter-sort__menu\&amp;quot;]/div[@class=\&amp;quot;filter-sort__results-mo\&amp;quot;]/button[@class=\&amp;quot;filter-sort__results-btn\&amp;quot;]) = count(id(\&amp;quot;content\&amp;quot;)/div[@class=\&amp;quot;js-fs-blank\&amp;quot;]/div[@class=\&amp;quot;filter-sort\&amp;quot;]/div[@class=\&amp;quot;filter-sort__wrap\&amp;quot;]/div[@class=\&amp;quot;filter-sort__menu\&amp;quot;]/div[@class=\&amp;quot;filter-sort__results-mo\&amp;quot;]/button[@class=\&amp;quot;filter-sort__results-btn\&amp;quot;])]&amp;apos; in &amp;apos;30&amp;apos; second(s)</message>
  <nestedLevel>1</nestedLevel>
</record>
<record>
  <date>2017-06-28T11:33:59</date>
  <millis>1498617239487</millis>
  <sequence>86</sequence>
  <level>FAILED</level>
  <class>com.kms.katalon.core.logging.KeywordLogger</class>
  <method>logMessage</method>
  <thread>1</thread>
  <message>Unable to click on object &amp;apos;Object Repository/SCENARIO_TEST/CHINA/Mobile/02. Page_ - SUHD Curved TV UHD TVFULL H/04. button_results&amp;apos; (Root cause: com.kms.katalon.core.webui.exception.WebElementNotFoundException: Web element with id: &amp;apos;Object Repository/SCENARIO_TEST/CHINA/Mobile/02. Page_ - SUHD Curved TV UHD TVFULL H/04. button_results&amp;apos; located by &amp;apos;By.xpath: //button[count(. | id(\&amp;quot;content\&amp;quot;)/div[@class=\&amp;quot;js-fs-blank\&amp;quot;]/div[@class=\&amp;quot;filter-sort\&amp;quot;]/div[@class=\&amp;quot;filter-sort__wrap\&amp;quot;]/div[@class=\&amp;quot;filter-sort__menu\&amp;quot;]/div[@class=\&amp;quot;filter-sort__results-mo\&amp;quot;]/button[@class=\&amp;quot;filter-sort__results-btn\&amp;quot;]) = count(id(\&amp;quot;content\&amp;quot;)/div[@class=\&amp;quot;js-fs-blank\&amp;quot;]/div[@class=\&amp;quot;filter-sort\&amp;quot;]/div[@class=\&amp;quot;filter-sort__wrap\&amp;quot;]/div[@class=\&amp;quot;filter-sort__menu\&amp;quot;]/div[@class=\&amp;quot;filter-sort__results-mo\&amp;quot;]/button[@class=\&amp;quot;filter-sort__results-btn\&amp;quot;])]&amp;apos; not found)</message>
  <nestedLevel>1</nestedLevel>
  <property name="attachment">1498617239375.png</property>
</record>
<record>
  <date>2017-06-28T11:33:59</date>
  <millis>1498617239488</millis>
  <sequence>87</sequence>
  <level>END</level>
  <class>com.kms.katalon.core.logging.KeywordLogger</class>
  <method>endKeyword</method>
  <thread>1</thread>
  <message>End action : click</message>
  <nestedLevel>1</nestedLevel>
</record>
<record>
  <date>2017-06-28T11:33:59</date>
  <millis>1498617239489</millis>
  <sequence>88</sequence>
  <logger>com.kms.katalon.core.logging.KeywordLogger</logger>
  <level>FAILED</level>
  <class>com.kms.katalon.core.logging.KeywordLogger</class>
  <method>logMessage</method>
  <thread>1</thread>
  <message>Test Cases/SCENARIO_TEST/CHINA/Mobile/TC_mobile_01 FAILED because (of) Unable to click on object &amp;apos;Object Repository/SCENARIO_TEST/CHINA/Mobile/02. Page_ - SUHD Curved TV UHD TVFULL H/04. button_results&amp;apos; (Root cause: com.kms.katalon.core.webui.exception.WebElementNotFoundException: Web element with id: &amp;apos;Object Repository/SCENARIO_TEST/CHINA/Mobile/02. Page_ - SUHD Curved TV UHD TVFULL H/04. button_results&amp;apos; located by &amp;apos;By.xpath: //button[count(. | id(\&amp;quot;content\&amp;quot;)/div[@class=\&amp;quot;js-fs-blank\&amp;quot;]/div[@class=\&amp;quot;filter-sort\&amp;quot;]/div[@class=\&amp;quot;filter-sort__wrap\&amp;quot;]/div[@class=\&amp;quot;filter-sort__menu\&amp;quot;]/div[@class=\&amp;quot;filter-sort__results-mo\&amp;quot;]/button[@class=\&amp;quot;filter-sort__results-btn\&amp;quot;]) = count(id(\&amp;quot;content\&amp;quot;)/div[@class=\&amp;quot;js-fs-blank\&amp;quot;]/div[@class=\&amp;quot;filter-sort\&amp;quot;]/div[@class=\&amp;quot;filter-sort__wrap\&amp;quot;]/div[@class=\&amp;quot;filter-sort__menu\&amp;quot;]/div[@class=\&amp;quot;filter-sort__results-mo\&amp;quot;]/button[@class=\&amp;quot;filter-sort__results-btn\&amp;quot;])]&amp;apos; not found)</message>
  <exception>
    <message>com.kms.katalon.core.exception.StepFailedException: Unable to click on object 'Object Repository/SCENARIO_TEST/CHINA/Mobile/02. Page_ - SUHD Curved TV UHD TVFULL H/04. button_results' (Root cause: com.kms.katalon.core.webui.exception.WebElementNotFoundException: Web element with id: 'Object Repository/SCENARIO_TEST/CHINA/Mobile/02. Page_ - SUHD Curved TV UHD TVFULL H/04. button_results' located by 'By.xpath: //button[count(. | id("content")/div[@class="js-fs-blank"]/div[@class="filter-sort"]/div[@class="filter-sort__wrap"]/div[@class="filter-sort__menu"]/div[@class="filter-sort__results-mo"]/button[@class="filter-sort__results-btn"]) = count(id("content")/div[@class="js-fs-blank"]/div[@class="filter-sort"]/div[@class="filter-sort__wrap"]/div[@class="filter-sort__menu"]/div[@class="filter-sort__results-mo"]/button[@class="filter-sort__results-btn"])]' not found)</message>
    <frame>
      <class>com.kms.katalon.core.keyword.internal.KeywordMain</class>
      <method>stepFailed</method>
      <line>28</line>
    </frame>
    <frame>
      <class>com.kms.katalon.core.webui.keyword.internal.WebUIKeywordMain</class>
      <method>stepFailed</method>
      <line>49</line>
    </frame>
    <frame>
      <class>com.kms.katalon.core.webui.keyword.internal.WebUIKeywordMain</class>
      <method>runKeyword</method>
      <line>27</line>
    </frame>
    <frame>
      <class>com.kms.katalon.core.webui.keyword.builtin.ClickKeyword</class>
      <method>click</method>
      <line>86</line>
    </frame>
    <frame>
      <class>com.kms.katalon.core.webui.keyword.builtin.ClickKeyword</class>
      <method>execute</method>
      <line>67</line>
    </frame>
    <frame>
      <class>com.kms.katalon.core.keyword.internal.KeywordExecutor</class>
      <method>executeKeywordForPlatform</method>
      <line>53</line>
    </frame>
    <frame>
      <class>com.kms.katalon.core.webui.keyword.WebUiBuiltInKeywords</class>
      <method>click</method>
      <line>637</line>
    </frame>
    <frame>
      <class>com.kms.katalon.core.webui.keyword.WebUiBuiltInKeywords$click$2</class>
      <method>call</method>
    </frame>
    <frame>
      <class>org.codehaus.groovy.runtime.callsite.CallSiteArray</class>
      <method>defaultCall</method>
      <line>48</line>
    </frame>
    <frame>
      <class>org.codehaus.groovy.runtime.callsite.AbstractCallSite</class>
      <method>call</method>
      <line>113</line>
    </frame>
    <frame>
      <class>org.codehaus.groovy.runtime.callsite.AbstractCallSite</class>
      <method>call</method>
      <line>125</line>
    </frame>
    <frame>
      <class>Script1498116161684</class>
      <method>run</method>
      <line>44</line>
    </frame>
    <frame>
      <class>com.kms.katalon.core.main.ScriptEngine</class>
      <method>run</method>
      <line>180</line>
    </frame>
    <frame>
      <class>com.kms.katalon.core.main.ScriptEngine</class>
      <method>runScriptAsRawText</method>
      <line>106</line>
    </frame>
    <frame>
      <class>com.kms.katalon.core.main.TestCaseExecutor</class>
      <method>runScript</method>
      <line>213</line>
    </frame>
    <frame>
      <class>com.kms.katalon.core.main.TestCaseExecutor</class>
      <method>doExecute</method>
      <line>204</line>
    </frame>
    <frame>
      <class>com.kms.katalon.core.main.TestCaseExecutor</class>
      <method>processExecutionPhase</method>
      <line>183</line>
    </frame>
    <frame>
      <class>com.kms.katalon.core.main.TestCaseExecutor</class>
      <method>accessMainPhase</method>
      <line>175</line>
    </frame>
    <frame>
      <class>com.kms.katalon.core.main.TestCaseExecutor</class>
      <method>execute</method>
      <line>158</line>
    </frame>
    <frame>
      <class>com.kms.katalon.core.main.TestCaseMain</class>
      <method>runTestCase</method>
      <line>102</line>
    </frame>
    <frame>
      <class>com.kms.katalon.core.main.TestCaseMain$runTestCase$0</class>
      <method>call</method>
    </frame>
    <frame>
      <class>org.codehaus.groovy.runtime.callsite.CallSiteArray</class>
      <method>defaultCall</method>
      <line>48</line>
    </frame>
    <frame>
      <class>org.codehaus.groovy.runtime.callsite.AbstractCallSite</class>
      <method>call</method>
      <line>113</line>
    </frame>
    <frame>
      <class>org.codehaus.groovy.runtime.callsite.AbstractCallSite</class>
      <method>call</method>
      <line>141</line>
    </frame>
    <frame>
      <class>TempTestSuite1498617187891</class>
      <method>runTestCase_0</method>
      <line>18</line>
    </frame>
    <frame>
      <class>sun.reflect.NativeMethodAccessorImpl</class>
      <method>invoke0</method>
    </frame>
    <frame>
      <class>sun.reflect.NativeMethodAccessorImpl</class>
      <method>invoke</method>
      <line>62</line>
    </frame>
    <frame>
      <class>sun.reflect.DelegatingMethodAccessorImpl</class>
      <method>invoke</method>
      <line>43</line>
    </frame>
    <frame>
      <class>java.lang.reflect.Method</class>
      <method>invoke</method>
      <line>498</line>
    </frame>
    <frame>
      <class>org.codehaus.groovy.reflection.CachedMethod</class>
      <method>invoke</method>
      <line>93</line>
    </frame>
    <frame>
      <class>groovy.lang.MetaMethod</class>
      <method>doMethodInvoke</method>
      <line>325</line>
    </frame>
    <frame>
      <class>org.codehaus.groovy.runtime.metaclass.ClosureMetaClass</class>
      <method>invokeMethod</method>
      <line>384</line>
    </frame>
    <frame>
      <class>org.codehaus.groovy.runtime.ScriptBytecodeAdapter</class>
      <method>invokeMethodOnCurrentN</method>
      <line>82</line>
    </frame>
    <frame>
      <class>org.codehaus.groovy.runtime.ScriptBytecodeAdapter</class>
      <method>invokeMethodOnCurrent0</method>
      <line>113</line>
    </frame>
    <frame>
      <class>TempTestSuite1498617187891$_run_closure1</class>
      <method>doCall</method>
      <line>44</line>
    </frame>
    <frame>
      <class>sun.reflect.NativeMethodAccessorImpl</class>
      <method>invoke0</method>
    </frame>
    <frame>
      <class>sun.reflect.NativeMethodAccessorImpl</class>
      <method>invoke</method>
      <line>62</line>
    </frame>
    <frame>
      <class>sun.reflect.DelegatingMethodAccessorImpl</class>
      <method>invoke</method>
      <line>43</line>
    </frame>
    <frame>
      <class>java.lang.reflect.Method</class>
      <method>invoke</method>
      <line>498</line>
    </frame>
    <frame>
      <class>org.codehaus.groovy.reflection.CachedMethod</class>
      <method>invoke</method>
      <line>93</line>
    </frame>
    <frame>
      <class>groovy.lang.MetaMethod</class>
      <method>doMethodInvoke</method>
      <line>325</line>
    </frame>
    <frame>
      <class>org.codehaus.groovy.runtime.metaclass.ClosureMetaClass</class>
      <method>invokeMethod</method>
      <line>294</line>
    </frame>
    <frame>
      <class>groovy.lang.MetaClassImpl</class>
      <method>invokeMethod</method>
      <line>1024</line>
    </frame>
    <frame>
      <class>groovy.lang.Closure</class>
      <method>call</method>
      <line>414</line>
    </frame>
    <frame>
      <class>groovy.lang.Closure</class>
      <method>call</method>
      <line>430</line>
    </frame>
    <frame>
      <class>org.codehaus.groovy.runtime.DefaultGroovyMethods</class>
      <method>each</method>
      <line>2030</line>
    </frame>
    <frame>
      <class>org.codehaus.groovy.runtime.DefaultGroovyMethods</class>
      <method>each</method>
      <line>2015</line>
    </frame>
    <frame>
      <class>org.codehaus.groovy.runtime.DefaultGroovyMethods</class>
      <method>each</method>
      <line>2056</line>
    </frame>
    <frame>
      <class>org.codehaus.groovy.runtime.dgm$162</class>
      <method>invoke</method>
    </frame>
    <frame>
      <class>org.codehaus.groovy.runtime.callsite.PojoMetaMethodSite$PojoMetaMethodSiteNoUnwrapNoCoerce</class>
      <method>invoke</method>
      <line>274</line>
    </frame>
    <frame>
      <class>org.codehaus.groovy.runtime.callsite.PojoMetaMethodSite</class>
      <method>call</method>
      <line>56</line>
    </frame>
    <frame>
      <class>org.codehaus.groovy.runtime.callsite.CallSiteArray</class>
      <method>defaultCall</method>
      <line>48</line>
    </frame>
    <frame>
      <class>org.codehaus.groovy.runtime.callsite.AbstractCallSite</class>
      <method>call</method>
      <line>113</line>
    </frame>
    <frame>
      <class>org.codehaus.groovy.runtime.callsite.AbstractCallSite</class>
      <method>call</method>
      <line>125</line>
    </frame>
    <frame>
      <class>TempTestSuite1498617187891</class>
      <method>run</method>
      <line>43</line>
    </frame>
    <frame>
      <class>groovy.lang.GroovyShell</class>
      <method>runScriptOrMainOrTestOrRunnable</method>
      <line>263</line>
    </frame>
    <frame>
      <class>groovy.lang.GroovyShell</class>
      <method>run</method>
      <line>518</line>
    </frame>
    <frame>
      <class>groovy.lang.GroovyShell</class>
      <method>run</method>
      <line>507</line>
    </frame>
    <frame>
      <class>groovy.ui.GroovyMain</class>
      <method>processOnce</method>
      <line>653</line>
    </frame>
    <frame>
      <class>groovy.ui.GroovyMain</class>
      <method>run</method>
      <line>384</line>
    </frame>
    <frame>
      <class>groovy.ui.GroovyMain</class>
      <method>process</method>
      <line>370</line>
    </frame>
    <frame>
      <class>groovy.ui.GroovyMain</class>
      <method>processArgs</method>
      <line>129</line>
    </frame>
    <frame>
      <class>groovy.ui.GroovyMain</class>
      <method>main</method>
      <line>109</line>
    </frame>
    <frame>
      <class>sun.reflect.NativeMethodAccessorImpl</class>
      <method>invoke0</method>
    </frame>
    <frame>
      <class>sun.reflect.NativeMethodAccessorImpl</class>
      <method>invoke</method>
      <line>62</line>
    </frame>
    <frame>
      <class>sun.reflect.DelegatingMethodAccessorImpl</class>
      <method>invoke</method>
      <line>43</line>
    </frame>
    <frame>
      <class>java.lang.reflect.Method</class>
      <method>invoke</method>
      <line>498</line>
    </frame>
    <frame>
      <class>org.codehaus.groovy.tools.GroovyStarter</class>
      <method>rootLoader</method>
      <line>109</line>
    </frame>
    <frame>
      <class>org.codehaus.groovy.tools.GroovyStarter</class>
      <method>main</method>
      <line>131</line>
    </frame>
  </exception>
  <nestedLevel>0</nestedLevel>
</record>
<record>
  <date>2017-06-28T11:33:59</date>
  <millis>1498617239517</millis>
  <sequence>89</sequence>
  <level>END</level>
  <class>com.kms.katalon.core.logging.KeywordLogger</class>
  <method>endTest</method>
  <thread>1</thread>
  <message>End Test Case : Test Cases/SCENARIO_TEST/CHINA/Mobile/TC_mobile_01</message>
  <nestedLevel>0</nestedLevel>
</record>
<record>
  <date>2017-06-28T11:33:59</date>
  <millis>1498617239519</millis>
  <sequence>90</sequence>
  <level>END</level>
  <class>com.kms.katalon.core.logging.KeywordLogger</class>
  <method>endSuite</method>
  <thread>1</thread>
  <message>End Test Suite : TS_China_Mobile</message>
  <nestedLevel>0</nestedLevel>
</record>
</log>
