<?xml version="1.0" encoding="UTF-8" standalone="no"?>
<!DOCTYPE log SYSTEM "logger.dtd">
<log>
<record>
  <date>2017-06-26T10:20:14</date>
  <millis>1498440014611</millis>
  <sequence>0</sequence>
  <level>START</level>
  <class>com.kms.katalon.core.logging.KeywordLogger</class>
  <method>startSuite</method>
  <thread>1</thread>
  <message>Start Test Suite : TSC_UK_PC</message>
  <nestedLevel>0</nestedLevel>
  <property name="name">TSC_UK_PC</property>
  <property name="description"></property>
  <property name="id">Test Suites/TSC_UK_PC</property>
</record>
<record>
  <date>2017-06-26T10:20:14</date>
  <millis>1498440014643</millis>
  <sequence>1</sequence>
  <level>RUN_DATA</level>
  <class>com.kms.katalon.core.logging.KeywordLogger</class>
  <method>logMessage</method>
  <thread>1</thread>
  <message>Logging run data &amp;apos;hostName&amp;apos; with value &amp;apos;User - User-PC&amp;apos;</message>
  <nestedLevel>0</nestedLevel>
  <property name="hostName">User - User-PC</property>
</record>
<record>
  <date>2017-06-26T10:20:14</date>
  <millis>1498440014644</millis>
  <sequence>2</sequence>
  <level>RUN_DATA</level>
  <class>com.kms.katalon.core.logging.KeywordLogger</class>
  <method>logMessage</method>
  <thread>1</thread>
  <message>Logging run data &amp;apos;os&amp;apos; with value &amp;apos;Windows 7 64bit&amp;apos;</message>
  <nestedLevel>0</nestedLevel>
  <property name="os">Windows 7 64bit</property>
</record>
<record>
  <date>2017-06-26T10:20:14</date>
  <millis>1498440014645</millis>
  <sequence>3</sequence>
  <level>RUN_DATA</level>
  <class>com.kms.katalon.core.logging.KeywordLogger</class>
  <method>logMessage</method>
  <thread>1</thread>
  <message>Logging run data &amp;apos;hostAddress&amp;apos; with value &amp;apos;192.168.43.157&amp;apos;</message>
  <nestedLevel>0</nestedLevel>
  <property name="hostAddress">192.168.43.157</property>
</record>
<record>
  <date>2017-06-26T10:20:14</date>
  <millis>1498440014646</millis>
  <sequence>4</sequence>
  <level>RUN_DATA</level>
  <class>com.kms.katalon.core.logging.KeywordLogger</class>
  <method>logMessage</method>
  <thread>1</thread>
  <message>Logging run data &amp;apos;katalonVersion&amp;apos; with value &amp;apos;4.6.0.2&amp;apos;</message>
  <nestedLevel>0</nestedLevel>
  <property name="katalonVersion">4.6.0.2</property>
</record>
<record>
  <date>2017-06-26T10:20:14</date>
  <millis>1498440014981</millis>
  <sequence>5</sequence>
  <level>START</level>
  <class>com.kms.katalon.core.logging.KeywordLogger</class>
  <method>startTest</method>
  <thread>1</thread>
  <message>Start Test Case : Test Cases/SCENARIO_TEST/UNITED_KINGDOM/PC/TC_pc_01</message>
  <nestedLevel>1</nestedLevel>
  <property name="name">Test Cases/SCENARIO_TEST/UNITED_KINGDOM/PC/TC_pc_01</property>
  <property name="description"></property>
  <property name="id">Test Cases/SCENARIO_TEST/UNITED_KINGDOM/PC/TC_pc_01</property>
  <property name="source">C:\\Users\\User\\git\\Test_AutomationTest Cases\\SCENARIO_TEST\\UNITED_KINGDOM\\PC\\TC_pc_01.tc</property>
  <property name="isOptional">false</property>
</record>
<record>
  <date>2017-06-26T10:20:15</date>
  <millis>1498440015152</millis>
  <sequence>6</sequence>
  <level>INFO</level>
  <class>com.kms.katalon.core.logging.KeywordLogger</class>
  <method>logMessage</method>
  <thread>1</thread>
  <message>Evaluating variables for test case</message>
  <nestedLevel>1</nestedLevel>
</record>
<record>
  <date>2017-06-26T10:20:15</date>
  <millis>1498440015528</millis>
  <sequence>7</sequence>
  <level>START</level>
  <class>com.kms.katalon.core.logging.KeywordLogger</class>
  <method>startKeyword</method>
  <thread>1</thread>
  <message>Start action : openBrowser</message>
  <nestedLevel>1</nestedLevel>
  <property name="startLine">23</property>
  <property name="stepIndex">1</property>
  <property name="description">open browser</property>
</record>
<record>
  <date>2017-06-26T10:20:15</date>
  <millis>1498440015831</millis>
  <sequence>8</sequence>
  <level>INFO</level>
  <class>com.kms.katalon.core.logging.KeywordLogger</class>
  <method>logMessage</method>
  <thread>1</thread>
  <message>Opening browser</message>
  <nestedLevel>1</nestedLevel>
</record>
<record>
  <date>2017-06-26T10:20:15</date>
  <millis>1498440015971</millis>
  <sequence>9</sequence>
  <level>INFO</level>
  <class>com.kms.katalon.core.logging.KeywordLogger</class>
  <method>logMessage</method>
  <thread>1</thread>
  <message>Starting &amp;apos;Chrome&amp;apos; driver</message>
  <nestedLevel>1</nestedLevel>
</record>
<record>
  <date>2017-06-26T10:20:18</date>
  <millis>1498440018950</millis>
  <sequence>10</sequence>
  <level>RUN_DATA</level>
  <class>com.kms.katalon.core.logging.KeywordLogger</class>
  <method>logMessage</method>
  <thread>1</thread>
  <message>Logging run data &amp;apos;sessionId&amp;apos; with value &amp;apos;1ec7368e7edd706c46e199ac21537de1&amp;apos;</message>
  <nestedLevel>1</nestedLevel>
  <property name="sessionId">1ec7368e7edd706c46e199ac21537de1</property>
</record>
<record>
  <date>2017-06-26T10:20:18</date>
  <millis>1498440018997</millis>
  <sequence>11</sequence>
  <level>RUN_DATA</level>
  <class>com.kms.katalon.core.logging.KeywordLogger</class>
  <method>logMessage</method>
  <thread>1</thread>
  <message>Logging run data &amp;apos;browser&amp;apos; with value &amp;apos;Chrome 59.0.3071.109&amp;apos;</message>
  <nestedLevel>1</nestedLevel>
  <property name="browser">Chrome 59.0.3071.109</property>
</record>
<record>
  <date>2017-06-26T10:20:18</date>
  <millis>1498440018999</millis>
  <sequence>12</sequence>
  <level>RUN_DATA</level>
  <class>com.kms.katalon.core.logging.KeywordLogger</class>
  <method>logMessage</method>
  <thread>1</thread>
  <message>Logging run data &amp;apos;platform&amp;apos; with value &amp;apos;Windows 7&amp;apos;</message>
  <nestedLevel>1</nestedLevel>
  <property name="platform">Windows 7</property>
</record>
<record>
  <date>2017-06-26T10:20:19</date>
  <millis>1498440019001</millis>
  <sequence>13</sequence>
  <level>RUN_DATA</level>
  <class>com.kms.katalon.core.logging.KeywordLogger</class>
  <method>logMessage</method>
  <thread>1</thread>
  <message>Logging run data &amp;apos;seleniumVersion&amp;apos; with value &amp;apos;2.53.0&amp;apos;</message>
  <nestedLevel>1</nestedLevel>
  <property name="seleniumVersion">2.53.0</property>
</record>
<record>
  <date>2017-06-26T10:20:19</date>
  <millis>1498440019003</millis>
  <sequence>14</sequence>
  <level>RUN_DATA</level>
  <class>com.kms.katalon.core.logging.KeywordLogger</class>
  <method>logMessage</method>
  <thread>1</thread>
  <message>Logging run data &amp;apos;proxyInformation&amp;apos; with value &amp;apos;ProxyInformation{proxyOption=NO_PROXY, proxyServerType=HTTP, password=, proxyServerAddress=, proxyServerPort=0}&amp;apos;</message>
  <nestedLevel>1</nestedLevel>
  <property name="proxyInformation">ProxyInformation{proxyOption=NO_PROXY, proxyServerType=HTTP, password=, proxyServerAddress=, proxyServerPort=0}</property>
</record>
<record>
  <date>2017-06-26T10:20:19</date>
  <millis>1498440019004</millis>
  <sequence>15</sequence>
  <level>PASSED</level>
  <class>com.kms.katalon.core.logging.KeywordLogger</class>
  <method>logMessage</method>
  <thread>1</thread>
  <message>Browser is opened with url: &amp;apos;&amp;apos;</message>
  <nestedLevel>1</nestedLevel>
</record>
<record>
  <date>2017-06-26T10:20:19</date>
  <millis>1498440019005</millis>
  <sequence>16</sequence>
  <level>END</level>
  <class>com.kms.katalon.core.logging.KeywordLogger</class>
  <method>endKeyword</method>
  <thread>1</thread>
  <message>End action : openBrowser</message>
  <nestedLevel>1</nestedLevel>
</record>
<record>
  <date>2017-06-26T10:20:19</date>
  <millis>1498440019005</millis>
  <sequence>17</sequence>
  <level>START</level>
  <class>com.kms.katalon.core.logging.KeywordLogger</class>
  <method>startKeyword</method>
  <thread>1</thread>
  <message>Start action : maximizeWindow</message>
  <nestedLevel>1</nestedLevel>
  <property name="startLine">25</property>
  <property name="stepIndex">2</property>
</record>
<record>
  <date>2017-06-26T10:20:19</date>
  <millis>1498440019038</millis>
  <sequence>18</sequence>
  <level>INFO</level>
  <class>com.kms.katalon.core.logging.KeywordLogger</class>
  <method>logMessage</method>
  <thread>1</thread>
  <message>Maximizing current window</message>
  <nestedLevel>1</nestedLevel>
</record>
<record>
  <date>2017-06-26T10:20:20</date>
  <millis>1498440020198</millis>
  <sequence>19</sequence>
  <level>PASSED</level>
  <class>com.kms.katalon.core.logging.KeywordLogger</class>
  <method>logMessage</method>
  <thread>1</thread>
  <message>Current window maximized</message>
  <nestedLevel>1</nestedLevel>
</record>
<record>
  <date>2017-06-26T10:20:20</date>
  <millis>1498440020198</millis>
  <sequence>20</sequence>
  <level>END</level>
  <class>com.kms.katalon.core.logging.KeywordLogger</class>
  <method>endKeyword</method>
  <thread>1</thread>
  <message>End action : maximizeWindow</message>
  <nestedLevel>1</nestedLevel>
</record>
<record>
  <date>2017-06-26T10:20:20</date>
  <millis>1498440020199</millis>
  <sequence>21</sequence>
  <level>START</level>
  <class>com.kms.katalon.core.logging.KeywordLogger</class>
  <method>startKeyword</method>
  <thread>1</thread>
  <message>Start action : navigateToUrl</message>
  <nestedLevel>1</nestedLevel>
  <property name="startLine">28</property>
  <property name="stepIndex">3</property>
  <property name="description">go to \&quot;https://shop.samsung.com/uk/\&quot;</property>
</record>
<record>
  <date>2017-06-26T10:20:20</date>
  <millis>1498440020212</millis>
  <sequence>22</sequence>
  <level>INFO</level>
  <class>com.kms.katalon.core.logging.KeywordLogger</class>
  <method>logMessage</method>
  <thread>1</thread>
  <message>Checking url</message>
  <nestedLevel>1</nestedLevel>
</record>
<record>
  <date>2017-06-26T10:20:20</date>
  <millis>1498440020213</millis>
  <sequence>23</sequence>
  <level>INFO</level>
  <class>com.kms.katalon.core.logging.KeywordLogger</class>
  <method>logMessage</method>
  <thread>1</thread>
  <message>Navigating to &amp;apos;https://shop.samsung.com/uk/&amp;apos;</message>
  <nestedLevel>1</nestedLevel>
</record>
<record>
  <date>2017-06-26T10:20:35</date>
  <millis>1498440035687</millis>
  <sequence>24</sequence>
  <level>PASSED</level>
  <class>com.kms.katalon.core.logging.KeywordLogger</class>
  <method>logMessage</method>
  <thread>1</thread>
  <message>Navigate to &amp;apos;https://shop.samsung.com/uk/&amp;apos; successfully</message>
  <nestedLevel>1</nestedLevel>
</record>
<record>
  <date>2017-06-26T10:20:35</date>
  <millis>1498440035688</millis>
  <sequence>25</sequence>
  <level>END</level>
  <class>com.kms.katalon.core.logging.KeywordLogger</class>
  <method>endKeyword</method>
  <thread>1</thread>
  <message>End action : navigateToUrl</message>
  <nestedLevel>1</nestedLevel>
</record>
<record>
  <date>2017-06-26T10:20:35</date>
  <millis>1498440035688</millis>
  <sequence>26</sequence>
  <level>START</level>
  <class>com.kms.katalon.core.logging.KeywordLogger</class>
  <method>startKeyword</method>
  <thread>1</thread>
  <message>Start action : click</message>
  <nestedLevel>1</nestedLevel>
  <property name="startLine">31</property>
  <property name="stepIndex">4</property>
  <property name="description">hit a &apos;sign in&apos; button</property>
</record>
<record>
  <date>2017-06-26T10:20:35</date>
  <millis>1498440035726</millis>
  <sequence>27</sequence>
  <level>INFO</level>
  <class>com.kms.katalon.core.logging.KeywordLogger</class>
  <method>logMessage</method>
  <thread>1</thread>
  <message>Finding Test Object with id &amp;apos;Object Repository/SENARIO_TEST/UNITED_KINGDOM/PC/01. Page_Home  Samsung Store UK/01. a_Sign In&amp;apos;</message>
  <nestedLevel>1</nestedLevel>
</record>
<record>
  <date>2017-06-26T10:20:35</date>
  <millis>1498440035743</millis>
  <sequence>28</sequence>
  <level>INFO</level>
  <class>com.kms.katalon.core.logging.KeywordLogger</class>
  <method>logMessage</method>
  <thread>1</thread>
  <message>Checking object</message>
  <nestedLevel>1</nestedLevel>
</record>
<record>
  <date>2017-06-26T10:20:35</date>
  <millis>1498440035747</millis>
  <sequence>29</sequence>
  <level>INFO</level>
  <class>com.kms.katalon.core.logging.KeywordLogger</class>
  <method>logMessage</method>
  <thread>1</thread>
  <message>Checking timeout</message>
  <nestedLevel>1</nestedLevel>
</record>
<record>
  <date>2017-06-26T10:20:35</date>
  <millis>1498440035754</millis>
  <sequence>30</sequence>
  <level>INFO</level>
  <class>com.kms.katalon.core.logging.KeywordLogger</class>
  <method>logMessage</method>
  <thread>1</thread>
  <message>Finding web element with id: &amp;apos;Object Repository/SENARIO_TEST/UNITED_KINGDOM/PC/01. Page_Home  Samsung Store UK/01. a_Sign In&amp;apos; located by &amp;apos;By.xpath: //a[count(. | id(\&amp;quot;signInButton\&amp;quot;)) = count(id(\&amp;quot;signInButton\&amp;quot;))]&amp;apos; in &amp;apos;30&amp;apos; second(s)</message>
  <nestedLevel>1</nestedLevel>
</record>
<record>
  <date>2017-06-26T10:20:35</date>
  <millis>1498440035911</millis>
  <sequence>31</sequence>
  <level>INFO</level>
  <class>com.kms.katalon.core.logging.KeywordLogger</class>
  <method>logMessage</method>
  <thread>1</thread>
  <message>Found 1 web elements with id: &amp;apos;Object Repository/SENARIO_TEST/UNITED_KINGDOM/PC/01. Page_Home  Samsung Store UK/01. a_Sign In&amp;apos; located by &amp;apos;By.xpath: //a[count(. | id(\&amp;quot;signInButton\&amp;quot;)) = count(id(\&amp;quot;signInButton\&amp;quot;))]&amp;apos; in &amp;apos;30&amp;apos; second(s)</message>
  <nestedLevel>1</nestedLevel>
</record>
<record>
  <date>2017-06-26T10:20:35</date>
  <millis>1498440035913</millis>
  <sequence>32</sequence>
  <level>INFO</level>
  <class>com.kms.katalon.core.logging.KeywordLogger</class>
  <method>logMessage</method>
  <thread>1</thread>
  <message>Clicking on object: &amp;apos;Object Repository/SENARIO_TEST/UNITED_KINGDOM/PC/01. Page_Home  Samsung Store UK/01. a_Sign In&amp;apos;</message>
  <nestedLevel>1</nestedLevel>
</record>
<record>
  <date>2017-06-26T10:20:36</date>
  <millis>1498440036057</millis>
  <sequence>33</sequence>
  <level>PASSED</level>
  <class>com.kms.katalon.core.logging.KeywordLogger</class>
  <method>logMessage</method>
  <thread>1</thread>
  <message>Object: &amp;apos;Object Repository/SENARIO_TEST/UNITED_KINGDOM/PC/01. Page_Home  Samsung Store UK/01. a_Sign In&amp;apos; is clicked on</message>
  <nestedLevel>1</nestedLevel>
</record>
<record>
  <date>2017-06-26T10:20:36</date>
  <millis>1498440036058</millis>
  <sequence>34</sequence>
  <level>END</level>
  <class>com.kms.katalon.core.logging.KeywordLogger</class>
  <method>endKeyword</method>
  <thread>1</thread>
  <message>End action : click</message>
  <nestedLevel>1</nestedLevel>
</record>
<record>
  <date>2017-06-26T10:20:36</date>
  <millis>1498440036058</millis>
  <sequence>35</sequence>
  <level>START</level>
  <class>com.kms.katalon.core.logging.KeywordLogger</class>
  <method>startKeyword</method>
  <thread>1</thread>
  <message>Start action : setText</message>
  <nestedLevel>1</nestedLevel>
  <property name="startLine">34</property>
  <property name="stepIndex">5</property>
  <property name="description">enter your &apos;WRONG&apos; account</property>
</record>
<record>
  <date>2017-06-26T10:20:36</date>
  <millis>1498440036060</millis>
  <sequence>36</sequence>
  <level>INFO</level>
  <class>com.kms.katalon.core.logging.KeywordLogger</class>
  <method>logMessage</method>
  <thread>1</thread>
  <message>Finding Test Object with id &amp;apos;Object Repository/SENARIO_TEST/UNITED_KINGDOM/PC/02. Page_Home  Samsung Store UK (1)/02. input_svcIptLgnID&amp;apos;</message>
  <nestedLevel>1</nestedLevel>
</record>
<record>
  <date>2017-06-26T10:20:36</date>
  <millis>1498440036078</millis>
  <sequence>37</sequence>
  <level>INFO</level>
  <class>com.kms.katalon.core.logging.KeywordLogger</class>
  <method>logMessage</method>
  <thread>1</thread>
  <message>Checking object</message>
  <nestedLevel>1</nestedLevel>
</record>
<record>
  <date>2017-06-26T10:20:36</date>
  <millis>1498440036079</millis>
  <sequence>38</sequence>
  <level>INFO</level>
  <class>com.kms.katalon.core.logging.KeywordLogger</class>
  <method>logMessage</method>
  <thread>1</thread>
  <message>Checking text</message>
  <nestedLevel>1</nestedLevel>
</record>
<record>
  <date>2017-06-26T10:20:36</date>
  <millis>1498440036079</millis>
  <sequence>39</sequence>
  <level>INFO</level>
  <class>com.kms.katalon.core.logging.KeywordLogger</class>
  <method>logMessage</method>
  <thread>1</thread>
  <message>Checking timeout</message>
  <nestedLevel>1</nestedLevel>
</record>
<record>
  <date>2017-06-26T10:20:36</date>
  <millis>1498440036080</millis>
  <sequence>40</sequence>
  <level>INFO</level>
  <class>com.kms.katalon.core.logging.KeywordLogger</class>
  <method>logMessage</method>
  <thread>1</thread>
  <message>Finding web element with id: &amp;apos;Object Repository/SENARIO_TEST/UNITED_KINGDOM/PC/02. Page_Home  Samsung Store UK (1)/02. input_svcIptLgnID&amp;apos; located by &amp;apos;By.xpath: //input[count(. | id(\&amp;quot;UserEmail\&amp;quot;)) = count(id(\&amp;quot;UserEmail\&amp;quot;))]&amp;apos; in &amp;apos;30&amp;apos; second(s)</message>
  <nestedLevel>1</nestedLevel>
</record>
<record>
  <date>2017-06-26T10:20:36</date>
  <millis>1498440036135</millis>
  <sequence>41</sequence>
  <level>INFO</level>
  <class>com.kms.katalon.core.logging.KeywordLogger</class>
  <method>logMessage</method>
  <thread>1</thread>
  <message>Found 1 web elements with id: &amp;apos;Object Repository/SENARIO_TEST/UNITED_KINGDOM/PC/02. Page_Home  Samsung Store UK (1)/02. input_svcIptLgnID&amp;apos; located by &amp;apos;By.xpath: //input[count(. | id(\&amp;quot;UserEmail\&amp;quot;)) = count(id(\&amp;quot;UserEmail\&amp;quot;))]&amp;apos; in &amp;apos;30&amp;apos; second(s)</message>
  <nestedLevel>1</nestedLevel>
</record>
<record>
  <date>2017-06-26T10:20:36</date>
  <millis>1498440036136</millis>
  <sequence>42</sequence>
  <level>INFO</level>
  <class>com.kms.katalon.core.logging.KeywordLogger</class>
  <method>logMessage</method>
  <thread>1</thread>
  <message>Clearing text of object &amp;apos;Object Repository/SENARIO_TEST/UNITED_KINGDOM/PC/02. Page_Home  Samsung Store UK (1)/02. input_svcIptLgnID&amp;apos;</message>
  <nestedLevel>1</nestedLevel>
</record>
<record>
  <date>2017-06-26T10:20:36</date>
  <millis>1498440036180</millis>
  <sequence>43</sequence>
  <level>INFO</level>
  <class>com.kms.katalon.core.logging.KeywordLogger</class>
  <method>logMessage</method>
  <thread>1</thread>
  <message>Checking timeout</message>
  <nestedLevel>1</nestedLevel>
</record>
<record>
  <date>2017-06-26T10:20:36</date>
  <millis>1498440036182</millis>
  <sequence>44</sequence>
  <level>INFO</level>
  <class>com.kms.katalon.core.logging.KeywordLogger</class>
  <method>logMessage</method>
  <thread>1</thread>
  <message>Finding web element with id: &amp;apos;Object Repository/SENARIO_TEST/UNITED_KINGDOM/PC/02. Page_Home  Samsung Store UK (1)/02. input_svcIptLgnID&amp;apos; located by &amp;apos;By.xpath: //input[count(. | id(\&amp;quot;UserEmail\&amp;quot;)) = count(id(\&amp;quot;UserEmail\&amp;quot;))]&amp;apos; in &amp;apos;30&amp;apos; second(s)</message>
  <nestedLevel>1</nestedLevel>
</record>
<record>
  <date>2017-06-26T10:20:36</date>
  <millis>1498440036195</millis>
  <sequence>45</sequence>
  <level>INFO</level>
  <class>com.kms.katalon.core.logging.KeywordLogger</class>
  <method>logMessage</method>
  <thread>1</thread>
  <message>Found 1 web elements with id: &amp;apos;Object Repository/SENARIO_TEST/UNITED_KINGDOM/PC/02. Page_Home  Samsung Store UK (1)/02. input_svcIptLgnID&amp;apos; located by &amp;apos;By.xpath: //input[count(. | id(\&amp;quot;UserEmail\&amp;quot;)) = count(id(\&amp;quot;UserEmail\&amp;quot;))]&amp;apos; in &amp;apos;30&amp;apos; second(s)</message>
  <nestedLevel>1</nestedLevel>
</record>
<record>
  <date>2017-06-26T10:20:36</date>
  <millis>1498440036196</millis>
  <sequence>46</sequence>
  <level>INFO</level>
  <class>com.kms.katalon.core.logging.KeywordLogger</class>
  <method>logMessage</method>
  <thread>1</thread>
  <message>Setting text of object &amp;apos;Object Repository/SENARIO_TEST/UNITED_KINGDOM/PC/02. Page_Home  Samsung Store UK (1)/02. input_svcIptLgnID&amp;apos; to value &amp;apos;sangmook.kim@kr.ey.com&amp;apos;</message>
  <nestedLevel>1</nestedLevel>
</record>
<record>
  <date>2017-06-26T10:20:36</date>
  <millis>1498440036380</millis>
  <sequence>47</sequence>
  <level>PASSED</level>
  <class>com.kms.katalon.core.logging.KeywordLogger</class>
  <method>logMessage</method>
  <thread>1</thread>
  <message>Text &amp;apos;sangmook.kim@kr.ey.com&amp;apos; is set on object &amp;apos;Object Repository/SENARIO_TEST/UNITED_KINGDOM/PC/02. Page_Home  Samsung Store UK (1)/02. input_svcIptLgnID&amp;apos;</message>
  <nestedLevel>1</nestedLevel>
</record>
<record>
  <date>2017-06-26T10:20:36</date>
  <millis>1498440036380</millis>
  <sequence>48</sequence>
  <level>END</level>
  <class>com.kms.katalon.core.logging.KeywordLogger</class>
  <method>endKeyword</method>
  <thread>1</thread>
  <message>End action : setText</message>
  <nestedLevel>1</nestedLevel>
</record>
<record>
  <date>2017-06-26T10:20:36</date>
  <millis>1498440036381</millis>
  <sequence>49</sequence>
  <level>START</level>
  <class>com.kms.katalon.core.logging.KeywordLogger</class>
  <method>startKeyword</method>
  <thread>1</thread>
  <message>Start action : click</message>
  <nestedLevel>1</nestedLevel>
  <property name="startLine">37</property>
  <property name="stepIndex">6</property>
</record>
<record>
  <date>2017-06-26T10:20:36</date>
  <millis>1498440036382</millis>
  <sequence>50</sequence>
  <level>INFO</level>
  <class>com.kms.katalon.core.logging.KeywordLogger</class>
  <method>logMessage</method>
  <thread>1</thread>
  <message>Finding Test Object with id &amp;apos;Object Repository/SENARIO_TEST/UNITED_KINGDOM/PC/02. Page_Home  Samsung Store UK (1)/03. div_popup_cont&amp;apos;</message>
  <nestedLevel>1</nestedLevel>
</record>
<record>
  <date>2017-06-26T10:20:36</date>
  <millis>1498440036386</millis>
  <sequence>51</sequence>
  <level>INFO</level>
  <class>com.kms.katalon.core.logging.KeywordLogger</class>
  <method>logMessage</method>
  <thread>1</thread>
  <message>Checking object</message>
  <nestedLevel>1</nestedLevel>
</record>
<record>
  <date>2017-06-26T10:20:36</date>
  <millis>1498440036387</millis>
  <sequence>52</sequence>
  <level>INFO</level>
  <class>com.kms.katalon.core.logging.KeywordLogger</class>
  <method>logMessage</method>
  <thread>1</thread>
  <message>Checking timeout</message>
  <nestedLevel>1</nestedLevel>
</record>
<record>
  <date>2017-06-26T10:20:36</date>
  <millis>1498440036388</millis>
  <sequence>53</sequence>
  <level>INFO</level>
  <class>com.kms.katalon.core.logging.KeywordLogger</class>
  <method>logMessage</method>
  <thread>1</thread>
  <message>Finding web element with id: &amp;apos;Object Repository/SENARIO_TEST/UNITED_KINGDOM/PC/02. Page_Home  Samsung Store UK (1)/03. div_popup_cont&amp;apos; located by &amp;apos;By.xpath: //div[count(. | id(\&amp;quot;SloginForm\&amp;quot;)/fieldset[1]/div[@class=\&amp;quot;signin-lb__inner\&amp;quot;]/div[@class=\&amp;quot;popup_cont\&amp;quot;]) = count(id(\&amp;quot;SloginForm\&amp;quot;)/fieldset[1]/div[@class=\&amp;quot;signin-lb__inner\&amp;quot;]/div[@class=\&amp;quot;popup_cont\&amp;quot;])]&amp;apos; in &amp;apos;30&amp;apos; second(s)</message>
  <nestedLevel>1</nestedLevel>
</record>
<record>
  <date>2017-06-26T10:20:36</date>
  <millis>1498440036430</millis>
  <sequence>54</sequence>
  <level>INFO</level>
  <class>com.kms.katalon.core.logging.KeywordLogger</class>
  <method>logMessage</method>
  <thread>1</thread>
  <message>Found 1 web elements with id: &amp;apos;Object Repository/SENARIO_TEST/UNITED_KINGDOM/PC/02. Page_Home  Samsung Store UK (1)/03. div_popup_cont&amp;apos; located by &amp;apos;By.xpath: //div[count(. | id(\&amp;quot;SloginForm\&amp;quot;)/fieldset[1]/div[@class=\&amp;quot;signin-lb__inner\&amp;quot;]/div[@class=\&amp;quot;popup_cont\&amp;quot;]) = count(id(\&amp;quot;SloginForm\&amp;quot;)/fieldset[1]/div[@class=\&amp;quot;signin-lb__inner\&amp;quot;]/div[@class=\&amp;quot;popup_cont\&amp;quot;])]&amp;apos; in &amp;apos;30&amp;apos; second(s)</message>
  <nestedLevel>1</nestedLevel>
</record>
<record>
  <date>2017-06-26T10:20:36</date>
  <millis>1498440036431</millis>
  <sequence>55</sequence>
  <level>INFO</level>
  <class>com.kms.katalon.core.logging.KeywordLogger</class>
  <method>logMessage</method>
  <thread>1</thread>
  <message>Clicking on object: &amp;apos;Object Repository/SENARIO_TEST/UNITED_KINGDOM/PC/02. Page_Home  Samsung Store UK (1)/03. div_popup_cont&amp;apos;</message>
  <nestedLevel>1</nestedLevel>
</record>
<record>
  <date>2017-06-26T10:20:36</date>
  <millis>1498440036554</millis>
  <sequence>56</sequence>
  <level>PASSED</level>
  <class>com.kms.katalon.core.logging.KeywordLogger</class>
  <method>logMessage</method>
  <thread>1</thread>
  <message>Object: &amp;apos;Object Repository/SENARIO_TEST/UNITED_KINGDOM/PC/02. Page_Home  Samsung Store UK (1)/03. div_popup_cont&amp;apos; is clicked on</message>
  <nestedLevel>1</nestedLevel>
</record>
<record>
  <date>2017-06-26T10:20:36</date>
  <millis>1498440036555</millis>
  <sequence>57</sequence>
  <level>END</level>
  <class>com.kms.katalon.core.logging.KeywordLogger</class>
  <method>endKeyword</method>
  <thread>1</thread>
  <message>End action : click</message>
  <nestedLevel>1</nestedLevel>
</record>
<record>
  <date>2017-06-26T10:20:36</date>
  <millis>1498440036556</millis>
  <sequence>58</sequence>
  <level>START</level>
  <class>com.kms.katalon.core.logging.KeywordLogger</class>
  <method>startKeyword</method>
  <thread>1</thread>
  <message>Start action : setText</message>
  <nestedLevel>1</nestedLevel>
  <property name="startLine">40</property>
  <property name="stepIndex">7</property>
  <property name="description">enter your password</property>
</record>
<record>
  <date>2017-06-26T10:20:36</date>
  <millis>1498440036556</millis>
  <sequence>59</sequence>
  <level>INFO</level>
  <class>com.kms.katalon.core.logging.KeywordLogger</class>
  <method>logMessage</method>
  <thread>1</thread>
  <message>Finding Test Object with id &amp;apos;Object Repository/SENARIO_TEST/UNITED_KINGDOM/PC/02. Page_Home  Samsung Store UK (1)/04. input_svcIptLgnPD&amp;apos;</message>
  <nestedLevel>1</nestedLevel>
</record>
<record>
  <date>2017-06-26T10:20:36</date>
  <millis>1498440036563</millis>
  <sequence>60</sequence>
  <level>INFO</level>
  <class>com.kms.katalon.core.logging.KeywordLogger</class>
  <method>logMessage</method>
  <thread>1</thread>
  <message>Checking object</message>
  <nestedLevel>1</nestedLevel>
</record>
<record>
  <date>2017-06-26T10:20:36</date>
  <millis>1498440036563</millis>
  <sequence>61</sequence>
  <level>INFO</level>
  <class>com.kms.katalon.core.logging.KeywordLogger</class>
  <method>logMessage</method>
  <thread>1</thread>
  <message>Checking text</message>
  <nestedLevel>1</nestedLevel>
</record>
<record>
  <date>2017-06-26T10:20:36</date>
  <millis>1498440036564</millis>
  <sequence>62</sequence>
  <level>INFO</level>
  <class>com.kms.katalon.core.logging.KeywordLogger</class>
  <method>logMessage</method>
  <thread>1</thread>
  <message>Checking timeout</message>
  <nestedLevel>1</nestedLevel>
</record>
<record>
  <date>2017-06-26T10:20:36</date>
  <millis>1498440036564</millis>
  <sequence>63</sequence>
  <level>INFO</level>
  <class>com.kms.katalon.core.logging.KeywordLogger</class>
  <method>logMessage</method>
  <thread>1</thread>
  <message>Finding web element with id: &amp;apos;Object Repository/SENARIO_TEST/UNITED_KINGDOM/PC/02. Page_Home  Samsung Store UK (1)/04. input_svcIptLgnPD&amp;apos; located by &amp;apos;By.xpath: //input[count(. | id(\&amp;quot;UserPass\&amp;quot;)) = count(id(\&amp;quot;UserPass\&amp;quot;))]&amp;apos; in &amp;apos;30&amp;apos; second(s)</message>
  <nestedLevel>1</nestedLevel>
</record>
<record>
  <date>2017-06-26T10:20:36</date>
  <millis>1498440036654</millis>
  <sequence>64</sequence>
  <level>INFO</level>
  <class>com.kms.katalon.core.logging.KeywordLogger</class>
  <method>logMessage</method>
  <thread>1</thread>
  <message>Found 1 web elements with id: &amp;apos;Object Repository/SENARIO_TEST/UNITED_KINGDOM/PC/02. Page_Home  Samsung Store UK (1)/04. input_svcIptLgnPD&amp;apos; located by &amp;apos;By.xpath: //input[count(. | id(\&amp;quot;UserPass\&amp;quot;)) = count(id(\&amp;quot;UserPass\&amp;quot;))]&amp;apos; in &amp;apos;30&amp;apos; second(s)</message>
  <nestedLevel>1</nestedLevel>
</record>
<record>
  <date>2017-06-26T10:20:36</date>
  <millis>1498440036655</millis>
  <sequence>65</sequence>
  <level>INFO</level>
  <class>com.kms.katalon.core.logging.KeywordLogger</class>
  <method>logMessage</method>
  <thread>1</thread>
  <message>Clearing text of object &amp;apos;Object Repository/SENARIO_TEST/UNITED_KINGDOM/PC/02. Page_Home  Samsung Store UK (1)/04. input_svcIptLgnPD&amp;apos;</message>
  <nestedLevel>1</nestedLevel>
</record>
<record>
  <date>2017-06-26T10:20:36</date>
  <millis>1498440036688</millis>
  <sequence>66</sequence>
  <level>INFO</level>
  <class>com.kms.katalon.core.logging.KeywordLogger</class>
  <method>logMessage</method>
  <thread>1</thread>
  <message>Checking timeout</message>
  <nestedLevel>1</nestedLevel>
</record>
<record>
  <date>2017-06-26T10:20:36</date>
  <millis>1498440036689</millis>
  <sequence>67</sequence>
  <level>INFO</level>
  <class>com.kms.katalon.core.logging.KeywordLogger</class>
  <method>logMessage</method>
  <thread>1</thread>
  <message>Finding web element with id: &amp;apos;Object Repository/SENARIO_TEST/UNITED_KINGDOM/PC/02. Page_Home  Samsung Store UK (1)/04. input_svcIptLgnPD&amp;apos; located by &amp;apos;By.xpath: //input[count(. | id(\&amp;quot;UserPass\&amp;quot;)) = count(id(\&amp;quot;UserPass\&amp;quot;))]&amp;apos; in &amp;apos;30&amp;apos; second(s)</message>
  <nestedLevel>1</nestedLevel>
</record>
<record>
  <date>2017-06-26T10:20:36</date>
  <millis>1498440036706</millis>
  <sequence>68</sequence>
  <level>INFO</level>
  <class>com.kms.katalon.core.logging.KeywordLogger</class>
  <method>logMessage</method>
  <thread>1</thread>
  <message>Found 1 web elements with id: &amp;apos;Object Repository/SENARIO_TEST/UNITED_KINGDOM/PC/02. Page_Home  Samsung Store UK (1)/04. input_svcIptLgnPD&amp;apos; located by &amp;apos;By.xpath: //input[count(. | id(\&amp;quot;UserPass\&amp;quot;)) = count(id(\&amp;quot;UserPass\&amp;quot;))]&amp;apos; in &amp;apos;30&amp;apos; second(s)</message>
  <nestedLevel>1</nestedLevel>
</record>
<record>
  <date>2017-06-26T10:20:36</date>
  <millis>1498440036707</millis>
  <sequence>69</sequence>
  <level>INFO</level>
  <class>com.kms.katalon.core.logging.KeywordLogger</class>
  <method>logMessage</method>
  <thread>1</thread>
  <message>Setting text of object &amp;apos;Object Repository/SENARIO_TEST/UNITED_KINGDOM/PC/02. Page_Home  Samsung Store UK (1)/04. input_svcIptLgnPD&amp;apos; to value &amp;apos;test!test2&amp;apos;</message>
  <nestedLevel>1</nestedLevel>
</record>
<record>
  <date>2017-06-26T10:20:36</date>
  <millis>1498440036829</millis>
  <sequence>70</sequence>
  <level>PASSED</level>
  <class>com.kms.katalon.core.logging.KeywordLogger</class>
  <method>logMessage</method>
  <thread>1</thread>
  <message>Text &amp;apos;test!test2&amp;apos; is set on object &amp;apos;Object Repository/SENARIO_TEST/UNITED_KINGDOM/PC/02. Page_Home  Samsung Store UK (1)/04. input_svcIptLgnPD&amp;apos;</message>
  <nestedLevel>1</nestedLevel>
</record>
<record>
  <date>2017-06-26T10:20:36</date>
  <millis>1498440036830</millis>
  <sequence>71</sequence>
  <level>END</level>
  <class>com.kms.katalon.core.logging.KeywordLogger</class>
  <method>endKeyword</method>
  <thread>1</thread>
  <message>End action : setText</message>
  <nestedLevel>1</nestedLevel>
</record>
<record>
  <date>2017-06-26T10:20:36</date>
  <millis>1498440036831</millis>
  <sequence>72</sequence>
  <level>START</level>
  <class>com.kms.katalon.core.logging.KeywordLogger</class>
  <method>startKeyword</method>
  <thread>1</thread>
  <message>Start action : click</message>
  <nestedLevel>1</nestedLevel>
  <property name="startLine">44</property>
  <property name="stepIndex">8</property>
  <property name="description">hit the &apos;sign in&apos; button</property>
</record>
<record>
  <date>2017-06-26T10:20:36</date>
  <millis>1498440036832</millis>
  <sequence>73</sequence>
  <level>INFO</level>
  <class>com.kms.katalon.core.logging.KeywordLogger</class>
  <method>logMessage</method>
  <thread>1</thread>
  <message>Finding Test Object with id &amp;apos;Object Repository/SENARIO_TEST/UNITED_KINGDOM/PC/02. Page_Home  Samsung Store UK (1)/05.a_SIGN IN&amp;apos;</message>
  <nestedLevel>1</nestedLevel>
</record>
<record>
  <date>2017-06-26T10:20:36</date>
  <millis>1498440036839</millis>
  <sequence>74</sequence>
  <level>INFO</level>
  <class>com.kms.katalon.core.logging.KeywordLogger</class>
  <method>logMessage</method>
  <thread>1</thread>
  <message>Checking object</message>
  <nestedLevel>1</nestedLevel>
</record>
<record>
  <date>2017-06-26T10:20:36</date>
  <millis>1498440036839</millis>
  <sequence>75</sequence>
  <level>INFO</level>
  <class>com.kms.katalon.core.logging.KeywordLogger</class>
  <method>logMessage</method>
  <thread>1</thread>
  <message>Checking timeout</message>
  <nestedLevel>1</nestedLevel>
</record>
<record>
  <date>2017-06-26T10:20:36</date>
  <millis>1498440036840</millis>
  <sequence>76</sequence>
  <level>INFO</level>
  <class>com.kms.katalon.core.logging.KeywordLogger</class>
  <method>logMessage</method>
  <thread>1</thread>
  <message>Finding web element with id: &amp;apos;Object Repository/SENARIO_TEST/UNITED_KINGDOM/PC/02. Page_Home  Samsung Store UK (1)/05.a_SIGN IN&amp;apos; located by &amp;apos;By.xpath: //a[count(. | id(\&amp;quot;SloginForm\&amp;quot;)/fieldset[1]/div[@class=\&amp;quot;signin-lb__inner\&amp;quot;]/div[@class=\&amp;quot;popup_cont\&amp;quot;]/div[@class=\&amp;quot;signin-lb__row signin-lb__row--center\&amp;quot;]/a[@class=\&amp;quot;button sign-in-btn\&amp;quot;]) = count(id(\&amp;quot;SloginForm\&amp;quot;)/fieldset[1]/div[@class=\&amp;quot;signin-lb__inner\&amp;quot;]/div[@class=\&amp;quot;popup_cont\&amp;quot;]/div[@class=\&amp;quot;signin-lb__row signin-lb__row--center\&amp;quot;]/a[@class=\&amp;quot;button sign-in-btn\&amp;quot;])]&amp;apos; in &amp;apos;30&amp;apos; second(s)</message>
  <nestedLevel>1</nestedLevel>
</record>
<record>
  <date>2017-06-26T10:20:36</date>
  <millis>1498440036891</millis>
  <sequence>77</sequence>
  <level>INFO</level>
  <class>com.kms.katalon.core.logging.KeywordLogger</class>
  <method>logMessage</method>
  <thread>1</thread>
  <message>Found 1 web elements with id: &amp;apos;Object Repository/SENARIO_TEST/UNITED_KINGDOM/PC/02. Page_Home  Samsung Store UK (1)/05.a_SIGN IN&amp;apos; located by &amp;apos;By.xpath: //a[count(. | id(\&amp;quot;SloginForm\&amp;quot;)/fieldset[1]/div[@class=\&amp;quot;signin-lb__inner\&amp;quot;]/div[@class=\&amp;quot;popup_cont\&amp;quot;]/div[@class=\&amp;quot;signin-lb__row signin-lb__row--center\&amp;quot;]/a[@class=\&amp;quot;button sign-in-btn\&amp;quot;]) = count(id(\&amp;quot;SloginForm\&amp;quot;)/fieldset[1]/div[@class=\&amp;quot;signin-lb__inner\&amp;quot;]/div[@class=\&amp;quot;popup_cont\&amp;quot;]/div[@class=\&amp;quot;signin-lb__row signin-lb__row--center\&amp;quot;]/a[@class=\&amp;quot;button sign-in-btn\&amp;quot;])]&amp;apos; in &amp;apos;30&amp;apos; second(s)</message>
  <nestedLevel>1</nestedLevel>
</record>
<record>
  <date>2017-06-26T10:20:36</date>
  <millis>1498440036891</millis>
  <sequence>78</sequence>
  <level>INFO</level>
  <class>com.kms.katalon.core.logging.KeywordLogger</class>
  <method>logMessage</method>
  <thread>1</thread>
  <message>Clicking on object: &amp;apos;Object Repository/SENARIO_TEST/UNITED_KINGDOM/PC/02. Page_Home  Samsung Store UK (1)/05.a_SIGN IN&amp;apos;</message>
  <nestedLevel>1</nestedLevel>
</record>
<record>
  <date>2017-06-26T10:20:40</date>
  <millis>1498440040953</millis>
  <sequence>79</sequence>
  <level>PASSED</level>
  <class>com.kms.katalon.core.logging.KeywordLogger</class>
  <method>logMessage</method>
  <thread>1</thread>
  <message>Object: &amp;apos;Object Repository/SENARIO_TEST/UNITED_KINGDOM/PC/02. Page_Home  Samsung Store UK (1)/05.a_SIGN IN&amp;apos; is clicked on</message>
  <nestedLevel>1</nestedLevel>
</record>
<record>
  <date>2017-06-26T10:20:40</date>
  <millis>1498440040954</millis>
  <sequence>80</sequence>
  <level>END</level>
  <class>com.kms.katalon.core.logging.KeywordLogger</class>
  <method>endKeyword</method>
  <thread>1</thread>
  <message>End action : click</message>
  <nestedLevel>1</nestedLevel>
</record>
<record>
  <date>2017-06-26T10:20:40</date>
  <millis>1498440040954</millis>
  <sequence>81</sequence>
  <level>START</level>
  <class>com.kms.katalon.core.logging.KeywordLogger</class>
  <method>startKeyword</method>
  <thread>1</thread>
  <message>Start action : setText</message>
  <nestedLevel>1</nestedLevel>
  <property name="startLine">47</property>
  <property name="stepIndex">9</property>
  <property name="description">enter your &apos;RIGHT&apos; account</property>
</record>
<record>
  <date>2017-06-26T10:20:40</date>
  <millis>1498440040955</millis>
  <sequence>82</sequence>
  <level>INFO</level>
  <class>com.kms.katalon.core.logging.KeywordLogger</class>
  <method>logMessage</method>
  <thread>1</thread>
  <message>Finding Test Object with id &amp;apos;Object Repository/SENARIO_TEST/UNITED_KINGDOM/PC/03. Page_Sign in  Samsung account/06. input_OTBezNK8eObdbKvnsfginput&amp;apos;</message>
  <nestedLevel>1</nestedLevel>
</record>
<record>
  <date>2017-06-26T10:20:40</date>
  <millis>1498440040960</millis>
  <sequence>83</sequence>
  <level>INFO</level>
  <class>com.kms.katalon.core.logging.KeywordLogger</class>
  <method>logMessage</method>
  <thread>1</thread>
  <message>Checking object</message>
  <nestedLevel>1</nestedLevel>
</record>
<record>
  <date>2017-06-26T10:20:40</date>
  <millis>1498440040960</millis>
  <sequence>84</sequence>
  <level>INFO</level>
  <class>com.kms.katalon.core.logging.KeywordLogger</class>
  <method>logMessage</method>
  <thread>1</thread>
  <message>Checking text</message>
  <nestedLevel>1</nestedLevel>
</record>
<record>
  <date>2017-06-26T10:20:40</date>
  <millis>1498440040961</millis>
  <sequence>85</sequence>
  <level>INFO</level>
  <class>com.kms.katalon.core.logging.KeywordLogger</class>
  <method>logMessage</method>
  <thread>1</thread>
  <message>Checking timeout</message>
  <nestedLevel>1</nestedLevel>
</record>
<record>
  <date>2017-06-26T10:20:40</date>
  <millis>1498440040962</millis>
  <sequence>86</sequence>
  <level>INFO</level>
  <class>com.kms.katalon.core.logging.KeywordLogger</class>
  <method>logMessage</method>
  <thread>1</thread>
  <message>Finding web element with id: &amp;apos;Object Repository/SENARIO_TEST/UNITED_KINGDOM/PC/03. Page_Sign in  Samsung account/06. input_OTBezNK8eObdbKvnsfginput&amp;apos; located by &amp;apos;By.xpath: //input[count(. | //*[@id=\&amp;quot;XOoT8RDsulykinputUserID\&amp;quot;]) = count(//*[@id=\&amp;quot;XOoT8RDsulykinputUserID\&amp;quot;])]&amp;apos; in &amp;apos;30&amp;apos; second(s)</message>
  <nestedLevel>1</nestedLevel>
</record>
<record>
  <date>2017-06-26T10:21:11</date>
  <millis>1498440071983</millis>
  <sequence>87</sequence>
  <level>FAILED</level>
  <class>com.kms.katalon.core.logging.KeywordLogger</class>
  <method>logMessage</method>
  <thread>1</thread>
  <message>Unable to set text &amp;apos;sang-mook.kim@kr.ey.com&amp;apos; of object &amp;apos;Object Repository/SENARIO_TEST/UNITED_KINGDOM/PC/03. Page_Sign in  Samsung account/06. input_OTBezNK8eObdbKvnsfginput&amp;apos; (Root cause: com.kms.katalon.core.webui.exception.WebElementNotFoundException: Web element with id: &amp;apos;Object Repository/SENARIO_TEST/UNITED_KINGDOM/PC/03. Page_Sign in  Samsung account/06. input_OTBezNK8eObdbKvnsfginput&amp;apos; located by &amp;apos;By.xpath: //input[count(. | //*[@id=\&amp;quot;XOoT8RDsulykinputUserID\&amp;quot;]) = count(//*[@id=\&amp;quot;XOoT8RDsulykinputUserID\&amp;quot;])]&amp;apos; not found)</message>
  <nestedLevel>1</nestedLevel>
  <property name="attachment">1498440071594.png</property>
</record>
<record>
  <date>2017-06-26T10:21:11</date>
  <millis>1498440071984</millis>
  <sequence>88</sequence>
  <level>END</level>
  <class>com.kms.katalon.core.logging.KeywordLogger</class>
  <method>endKeyword</method>
  <thread>1</thread>
  <message>End action : setText</message>
  <nestedLevel>1</nestedLevel>
</record>
<record>
  <date>2017-06-26T10:21:11</date>
  <millis>1498440071985</millis>
  <sequence>89</sequence>
  <logger>com.kms.katalon.core.logging.KeywordLogger</logger>
  <level>FAILED</level>
  <class>com.kms.katalon.core.logging.KeywordLogger</class>
  <method>logMessage</method>
  <thread>1</thread>
  <message>Test Cases/SCENARIO_TEST/UNITED_KINGDOM/PC/TC_pc_01 FAILED because (of) Unable to set text &amp;apos;sang-mook.kim@kr.ey.com&amp;apos; of object &amp;apos;Object Repository/SENARIO_TEST/UNITED_KINGDOM/PC/03. Page_Sign in  Samsung account/06. input_OTBezNK8eObdbKvnsfginput&amp;apos; (Root cause: com.kms.katalon.core.webui.exception.WebElementNotFoundException: Web element with id: &amp;apos;Object Repository/SENARIO_TEST/UNITED_KINGDOM/PC/03. Page_Sign in  Samsung account/06. input_OTBezNK8eObdbKvnsfginput&amp;apos; located by &amp;apos;By.xpath: //input[count(. | //*[@id=\&amp;quot;XOoT8RDsulykinputUserID\&amp;quot;]) = count(//*[@id=\&amp;quot;XOoT8RDsulykinputUserID\&amp;quot;])]&amp;apos; not found)</message>
  <exception>
    <message>com.kms.katalon.core.exception.StepFailedException: Unable to set text 'sang-mook.kim@kr.ey.com' of object 'Object Repository/SENARIO_TEST/UNITED_KINGDOM/PC/03. Page_Sign in  Samsung account/06. input_OTBezNK8eObdbKvnsfginput' (Root cause: com.kms.katalon.core.webui.exception.WebElementNotFoundException: Web element with id: 'Object Repository/SENARIO_TEST/UNITED_KINGDOM/PC/03. Page_Sign in  Samsung account/06. input_OTBezNK8eObdbKvnsfginput' located by 'By.xpath: //input[count(. | //*[@id="XOoT8RDsulykinputUserID"]) = count(//*[@id="XOoT8RDsulykinputUserID"])]' not found)</message>
    <frame>
      <class>com.kms.katalon.core.keyword.internal.KeywordMain</class>
      <method>stepFailed</method>
      <line>28</line>
    </frame>
    <frame>
      <class>com.kms.katalon.core.webui.keyword.internal.WebUIKeywordMain</class>
      <method>stepFailed</method>
      <line>49</line>
    </frame>
    <frame>
      <class>com.kms.katalon.core.webui.keyword.internal.WebUIKeywordMain</class>
      <method>runKeyword</method>
      <line>27</line>
    </frame>
    <frame>
      <class>com.kms.katalon.core.webui.keyword.builtin.SetTextKeyword</class>
      <method>setText</method>
      <line>95</line>
    </frame>
    <frame>
      <class>com.kms.katalon.core.webui.keyword.builtin.SetTextKeyword</class>
      <method>execute</method>
      <line>68</line>
    </frame>
    <frame>
      <class>com.kms.katalon.core.keyword.internal.KeywordExecutor</class>
      <method>executeKeywordForPlatform</method>
      <line>53</line>
    </frame>
    <frame>
      <class>com.kms.katalon.core.webui.keyword.WebUiBuiltInKeywords</class>
      <method>setText</method>
      <line>884</line>
    </frame>
    <frame>
      <class>com.kms.katalon.core.webui.keyword.WebUiBuiltInKeywords$setText$3</class>
      <method>call</method>
    </frame>
    <frame>
      <class>org.codehaus.groovy.runtime.callsite.CallSiteArray</class>
      <method>defaultCall</method>
      <line>48</line>
    </frame>
    <frame>
      <class>org.codehaus.groovy.runtime.callsite.AbstractCallSite</class>
      <method>call</method>
      <line>113</line>
    </frame>
    <frame>
      <class>org.codehaus.groovy.runtime.callsite.AbstractCallSite</class>
      <method>call</method>
      <line>133</line>
    </frame>
    <frame>
      <class>Script1498208320038</class>
      <method>run</method>
      <line>47</line>
    </frame>
    <frame>
      <class>com.kms.katalon.core.main.ScriptEngine</class>
      <method>run</method>
      <line>180</line>
    </frame>
    <frame>
      <class>com.kms.katalon.core.main.ScriptEngine</class>
      <method>runScriptAsRawText</method>
      <line>106</line>
    </frame>
    <frame>
      <class>com.kms.katalon.core.main.TestCaseExecutor</class>
      <method>runScript</method>
      <line>213</line>
    </frame>
    <frame>
      <class>com.kms.katalon.core.main.TestCaseExecutor</class>
      <method>doExecute</method>
      <line>204</line>
    </frame>
    <frame>
      <class>com.kms.katalon.core.main.TestCaseExecutor</class>
      <method>processExecutionPhase</method>
      <line>183</line>
    </frame>
    <frame>
      <class>com.kms.katalon.core.main.TestCaseExecutor</class>
      <method>accessMainPhase</method>
      <line>175</line>
    </frame>
    <frame>
      <class>com.kms.katalon.core.main.TestCaseExecutor</class>
      <method>execute</method>
      <line>158</line>
    </frame>
    <frame>
      <class>com.kms.katalon.core.main.TestCaseMain</class>
      <method>runTestCase</method>
      <line>102</line>
    </frame>
    <frame>
      <class>com.kms.katalon.core.main.TestCaseMain$runTestCase$0</class>
      <method>call</method>
    </frame>
    <frame>
      <class>org.codehaus.groovy.runtime.callsite.CallSiteArray</class>
      <method>defaultCall</method>
      <line>48</line>
    </frame>
    <frame>
      <class>org.codehaus.groovy.runtime.callsite.AbstractCallSite</class>
      <method>call</method>
      <line>113</line>
    </frame>
    <frame>
      <class>org.codehaus.groovy.runtime.callsite.AbstractCallSite</class>
      <method>call</method>
      <line>141</line>
    </frame>
    <frame>
      <class>TempTestSuite1498440012728</class>
      <method>runTestCase_0</method>
      <line>18</line>
    </frame>
    <frame>
      <class>sun.reflect.NativeMethodAccessorImpl</class>
      <method>invoke0</method>
    </frame>
    <frame>
      <class>sun.reflect.NativeMethodAccessorImpl</class>
      <method>invoke</method>
      <line>62</line>
    </frame>
    <frame>
      <class>sun.reflect.DelegatingMethodAccessorImpl</class>
      <method>invoke</method>
      <line>43</line>
    </frame>
    <frame>
      <class>java.lang.reflect.Method</class>
      <method>invoke</method>
      <line>498</line>
    </frame>
    <frame>
      <class>org.codehaus.groovy.reflection.CachedMethod</class>
      <method>invoke</method>
      <line>93</line>
    </frame>
    <frame>
      <class>groovy.lang.MetaMethod</class>
      <method>doMethodInvoke</method>
      <line>325</line>
    </frame>
    <frame>
      <class>org.codehaus.groovy.runtime.metaclass.ClosureMetaClass</class>
      <method>invokeMethod</method>
      <line>384</line>
    </frame>
    <frame>
      <class>org.codehaus.groovy.runtime.ScriptBytecodeAdapter</class>
      <method>invokeMethodOnCurrentN</method>
      <line>82</line>
    </frame>
    <frame>
      <class>org.codehaus.groovy.runtime.ScriptBytecodeAdapter</class>
      <method>invokeMethodOnCurrent0</method>
      <line>113</line>
    </frame>
    <frame>
      <class>TempTestSuite1498440012728$_run_closure1</class>
      <method>doCall</method>
      <line>44</line>
    </frame>
    <frame>
      <class>sun.reflect.NativeMethodAccessorImpl</class>
      <method>invoke0</method>
    </frame>
    <frame>
      <class>sun.reflect.NativeMethodAccessorImpl</class>
      <method>invoke</method>
      <line>62</line>
    </frame>
    <frame>
      <class>sun.reflect.DelegatingMethodAccessorImpl</class>
      <method>invoke</method>
      <line>43</line>
    </frame>
    <frame>
      <class>java.lang.reflect.Method</class>
      <method>invoke</method>
      <line>498</line>
    </frame>
    <frame>
      <class>org.codehaus.groovy.reflection.CachedMethod</class>
      <method>invoke</method>
      <line>93</line>
    </frame>
    <frame>
      <class>groovy.lang.MetaMethod</class>
      <method>doMethodInvoke</method>
      <line>325</line>
    </frame>
    <frame>
      <class>org.codehaus.groovy.runtime.metaclass.ClosureMetaClass</class>
      <method>invokeMethod</method>
      <line>294</line>
    </frame>
    <frame>
      <class>groovy.lang.MetaClassImpl</class>
      <method>invokeMethod</method>
      <line>1024</line>
    </frame>
    <frame>
      <class>groovy.lang.Closure</class>
      <method>call</method>
      <line>414</line>
    </frame>
    <frame>
      <class>groovy.lang.Closure</class>
      <method>call</method>
      <line>430</line>
    </frame>
    <frame>
      <class>org.codehaus.groovy.runtime.DefaultGroovyMethods</class>
      <method>each</method>
      <line>2030</line>
    </frame>
    <frame>
      <class>org.codehaus.groovy.runtime.DefaultGroovyMethods</class>
      <method>each</method>
      <line>2015</line>
    </frame>
    <frame>
      <class>org.codehaus.groovy.runtime.DefaultGroovyMethods</class>
      <method>each</method>
      <line>2056</line>
    </frame>
    <frame>
      <class>org.codehaus.groovy.runtime.dgm$162</class>
      <method>invoke</method>
    </frame>
    <frame>
      <class>org.codehaus.groovy.runtime.callsite.PojoMetaMethodSite$PojoMetaMethodSiteNoUnwrapNoCoerce</class>
      <method>invoke</method>
      <line>274</line>
    </frame>
    <frame>
      <class>org.codehaus.groovy.runtime.callsite.PojoMetaMethodSite</class>
      <method>call</method>
      <line>56</line>
    </frame>
    <frame>
      <class>org.codehaus.groovy.runtime.callsite.CallSiteArray</class>
      <method>defaultCall</method>
      <line>48</line>
    </frame>
    <frame>
      <class>org.codehaus.groovy.runtime.callsite.AbstractCallSite</class>
      <method>call</method>
      <line>113</line>
    </frame>
    <frame>
      <class>org.codehaus.groovy.runtime.callsite.AbstractCallSite</class>
      <method>call</method>
      <line>125</line>
    </frame>
    <frame>
      <class>TempTestSuite1498440012728</class>
      <method>run</method>
      <line>43</line>
    </frame>
    <frame>
      <class>groovy.lang.GroovyShell</class>
      <method>runScriptOrMainOrTestOrRunnable</method>
      <line>263</line>
    </frame>
    <frame>
      <class>groovy.lang.GroovyShell</class>
      <method>run</method>
      <line>518</line>
    </frame>
    <frame>
      <class>groovy.lang.GroovyShell</class>
      <method>run</method>
      <line>507</line>
    </frame>
    <frame>
      <class>groovy.ui.GroovyMain</class>
      <method>processOnce</method>
      <line>653</line>
    </frame>
    <frame>
      <class>groovy.ui.GroovyMain</class>
      <method>run</method>
      <line>384</line>
    </frame>
    <frame>
      <class>groovy.ui.GroovyMain</class>
      <method>process</method>
      <line>370</line>
    </frame>
    <frame>
      <class>groovy.ui.GroovyMain</class>
      <method>processArgs</method>
      <line>129</line>
    </frame>
    <frame>
      <class>groovy.ui.GroovyMain</class>
      <method>main</method>
      <line>109</line>
    </frame>
    <frame>
      <class>sun.reflect.NativeMethodAccessorImpl</class>
      <method>invoke0</method>
    </frame>
    <frame>
      <class>sun.reflect.NativeMethodAccessorImpl</class>
      <method>invoke</method>
      <line>62</line>
    </frame>
    <frame>
      <class>sun.reflect.DelegatingMethodAccessorImpl</class>
      <method>invoke</method>
      <line>43</line>
    </frame>
    <frame>
      <class>java.lang.reflect.Method</class>
      <method>invoke</method>
      <line>498</line>
    </frame>
    <frame>
      <class>org.codehaus.groovy.tools.GroovyStarter</class>
      <method>rootLoader</method>
      <line>109</line>
    </frame>
    <frame>
      <class>org.codehaus.groovy.tools.GroovyStarter</class>
      <method>main</method>
      <line>131</line>
    </frame>
  </exception>
  <nestedLevel>0</nestedLevel>
</record>
<record>
  <date>2017-06-26T10:21:11</date>
  <millis>1498440071987</millis>
  <sequence>90</sequence>
  <level>END</level>
  <class>com.kms.katalon.core.logging.KeywordLogger</class>
  <method>endTest</method>
  <thread>1</thread>
  <message>End Test Case : Test Cases/SCENARIO_TEST/UNITED_KINGDOM/PC/TC_pc_01</message>
  <nestedLevel>0</nestedLevel>
</record>
<record>
  <date>2017-06-26T10:21:11</date>
  <millis>1498440071989</millis>
  <sequence>91</sequence>
  <level>END</level>
  <class>com.kms.katalon.core.logging.KeywordLogger</class>
  <method>endSuite</method>
  <thread>1</thread>
  <message>End Test Suite : TSC_UK_PC</message>
  <nestedLevel>0</nestedLevel>
</record>
</log>
