<?xml version="1.0" encoding="UTF-8" standalone="no"?>
<!DOCTYPE log SYSTEM "logger.dtd">
<log>
<record>
  <date>2017-06-27T19:49:57</date>
  <millis>1498560597628</millis>
  <sequence>0</sequence>
  <level>START</level>
  <class>com.kms.katalon.core.logging.KeywordLogger</class>
  <method>startSuite</method>
  <thread>1</thread>
  <message>Start Test Suite : TS_China_Mobile</message>
  <nestedLevel>0</nestedLevel>
  <property name="name">TS_China_Mobile</property>
  <property name="description"></property>
  <property name="id">Test Suites/TS_China_Mobile</property>
</record>
<record>
  <date>2017-06-27T19:49:57</date>
  <millis>1498560597679</millis>
  <sequence>1</sequence>
  <level>RUN_DATA</level>
  <class>com.kms.katalon.core.logging.KeywordLogger</class>
  <method>logMessage</method>
  <thread>1</thread>
  <message>Logging run data &amp;apos;hostName&amp;apos; with value &amp;apos;User - 10.241.21.212&amp;apos;</message>
  <nestedLevel>0</nestedLevel>
  <property name="hostName">User - 10.241.21.212</property>
</record>
<record>
  <date>2017-06-27T19:49:57</date>
  <millis>1498560597680</millis>
  <sequence>2</sequence>
  <level>RUN_DATA</level>
  <class>com.kms.katalon.core.logging.KeywordLogger</class>
  <method>logMessage</method>
  <thread>1</thread>
  <message>Logging run data &amp;apos;os&amp;apos; with value &amp;apos;Windows 7 64bit&amp;apos;</message>
  <nestedLevel>0</nestedLevel>
  <property name="os">Windows 7 64bit</property>
</record>
<record>
  <date>2017-06-27T19:49:57</date>
  <millis>1498560597681</millis>
  <sequence>3</sequence>
  <level>RUN_DATA</level>
  <class>com.kms.katalon.core.logging.KeywordLogger</class>
  <method>logMessage</method>
  <thread>1</thread>
  <message>Logging run data &amp;apos;hostAddress&amp;apos; with value &amp;apos;10.241.21.212&amp;apos;</message>
  <nestedLevel>0</nestedLevel>
  <property name="hostAddress">10.241.21.212</property>
</record>
<record>
  <date>2017-06-27T19:49:57</date>
  <millis>1498560597682</millis>
  <sequence>4</sequence>
  <level>RUN_DATA</level>
  <class>com.kms.katalon.core.logging.KeywordLogger</class>
  <method>logMessage</method>
  <thread>1</thread>
  <message>Logging run data &amp;apos;katalonVersion&amp;apos; with value &amp;apos;4.6.0.2&amp;apos;</message>
  <nestedLevel>0</nestedLevel>
  <property name="katalonVersion">4.6.0.2</property>
</record>
<record>
  <date>2017-06-27T19:49:57</date>
  <millis>1498560597979</millis>
  <sequence>5</sequence>
  <level>START</level>
  <class>com.kms.katalon.core.logging.KeywordLogger</class>
  <method>startTest</method>
  <thread>1</thread>
  <message>Start Test Case : Test Cases/SCENARIO_TEST/CHINA/Mobile/TC_mobile_01</message>
  <nestedLevel>1</nestedLevel>
  <property name="name">Test Cases/SCENARIO_TEST/CHINA/Mobile/TC_mobile_01</property>
  <property name="description"></property>
  <property name="id">Test Cases/SCENARIO_TEST/CHINA/Mobile/TC_mobile_01</property>
  <property name="source">C:\\Users\\User\\git\\Test_AutomationTest Cases\\SCENARIO_TEST\\CHINA\\Mobile\\TC_mobile_01.tc</property>
  <property name="isOptional">false</property>
</record>
<record>
  <date>2017-06-27T19:49:58</date>
  <millis>1498560598144</millis>
  <sequence>6</sequence>
  <level>INFO</level>
  <class>com.kms.katalon.core.logging.KeywordLogger</class>
  <method>logMessage</method>
  <thread>1</thread>
  <message>Evaluating variables for test case</message>
  <nestedLevel>1</nestedLevel>
</record>
<record>
  <date>2017-06-27T19:49:58</date>
  <millis>1498560598479</millis>
  <sequence>7</sequence>
  <level>START</level>
  <class>com.kms.katalon.core.logging.KeywordLogger</class>
  <method>startKeyword</method>
  <thread>1</thread>
  <message>Start action : openBrowser</message>
  <nestedLevel>1</nestedLevel>
  <property name="startLine">22</property>
  <property name="stepIndex">1</property>
</record>
<record>
  <date>2017-06-27T19:49:58</date>
  <millis>1498560598786</millis>
  <sequence>8</sequence>
  <level>INFO</level>
  <class>com.kms.katalon.core.logging.KeywordLogger</class>
  <method>logMessage</method>
  <thread>1</thread>
  <message>Opening browser</message>
  <nestedLevel>1</nestedLevel>
</record>
<record>
  <date>2017-06-27T19:49:58</date>
  <millis>1498560598909</millis>
  <sequence>9</sequence>
  <level>INFO</level>
  <class>com.kms.katalon.core.logging.KeywordLogger</class>
  <method>logMessage</method>
  <thread>1</thread>
  <message>Starting &amp;apos;Chrome&amp;apos; driver</message>
  <nestedLevel>1</nestedLevel>
</record>
<record>
  <date>2017-06-27T19:50:01</date>
  <millis>1498560601757</millis>
  <sequence>10</sequence>
  <level>RUN_DATA</level>
  <class>com.kms.katalon.core.logging.KeywordLogger</class>
  <method>logMessage</method>
  <thread>1</thread>
  <message>Logging run data &amp;apos;sessionId&amp;apos; with value &amp;apos;08fbe639412ce57ef997a892e9910c55&amp;apos;</message>
  <nestedLevel>1</nestedLevel>
  <property name="sessionId">08fbe639412ce57ef997a892e9910c55</property>
</record>
<record>
  <date>2017-06-27T19:50:01</date>
  <millis>1498560601799</millis>
  <sequence>11</sequence>
  <level>RUN_DATA</level>
  <class>com.kms.katalon.core.logging.KeywordLogger</class>
  <method>logMessage</method>
  <thread>1</thread>
  <message>Logging run data &amp;apos;browser&amp;apos; with value &amp;apos;Chrome 59.0.3071.115&amp;apos;</message>
  <nestedLevel>1</nestedLevel>
  <property name="browser">Chrome 59.0.3071.115</property>
</record>
<record>
  <date>2017-06-27T19:50:01</date>
  <millis>1498560601801</millis>
  <sequence>12</sequence>
  <level>RUN_DATA</level>
  <class>com.kms.katalon.core.logging.KeywordLogger</class>
  <method>logMessage</method>
  <thread>1</thread>
  <message>Logging run data &amp;apos;platform&amp;apos; with value &amp;apos;Windows 7&amp;apos;</message>
  <nestedLevel>1</nestedLevel>
  <property name="platform">Windows 7</property>
</record>
<record>
  <date>2017-06-27T19:50:01</date>
  <millis>1498560601802</millis>
  <sequence>13</sequence>
  <level>RUN_DATA</level>
  <class>com.kms.katalon.core.logging.KeywordLogger</class>
  <method>logMessage</method>
  <thread>1</thread>
  <message>Logging run data &amp;apos;seleniumVersion&amp;apos; with value &amp;apos;2.53.0&amp;apos;</message>
  <nestedLevel>1</nestedLevel>
  <property name="seleniumVersion">2.53.0</property>
</record>
<record>
  <date>2017-06-27T19:50:01</date>
  <millis>1498560601803</millis>
  <sequence>14</sequence>
  <level>RUN_DATA</level>
  <class>com.kms.katalon.core.logging.KeywordLogger</class>
  <method>logMessage</method>
  <thread>1</thread>
  <message>Logging run data &amp;apos;proxyInformation&amp;apos; with value &amp;apos;ProxyInformation{proxyOption=NO_PROXY, proxyServerType=HTTP, password=, proxyServerAddress=, proxyServerPort=0}&amp;apos;</message>
  <nestedLevel>1</nestedLevel>
  <property name="proxyInformation">ProxyInformation{proxyOption=NO_PROXY, proxyServerType=HTTP, password=, proxyServerAddress=, proxyServerPort=0}</property>
</record>
<record>
  <date>2017-06-27T19:50:01</date>
  <millis>1498560601805</millis>
  <sequence>15</sequence>
  <level>PASSED</level>
  <class>com.kms.katalon.core.logging.KeywordLogger</class>
  <method>logMessage</method>
  <thread>1</thread>
  <message>Browser is opened with url: &amp;apos;&amp;apos;</message>
  <nestedLevel>1</nestedLevel>
</record>
<record>
  <date>2017-06-27T19:50:01</date>
  <millis>1498560601807</millis>
  <sequence>16</sequence>
  <level>END</level>
  <class>com.kms.katalon.core.logging.KeywordLogger</class>
  <method>endKeyword</method>
  <thread>1</thread>
  <message>End action : openBrowser</message>
  <nestedLevel>1</nestedLevel>
</record>
<record>
  <date>2017-06-27T19:50:01</date>
  <millis>1498560601807</millis>
  <sequence>17</sequence>
  <level>START</level>
  <class>com.kms.katalon.core.logging.KeywordLogger</class>
  <method>startKeyword</method>
  <thread>1</thread>
  <message>Start action : setViewPortSize</message>
  <nestedLevel>1</nestedLevel>
  <property name="startLine">25</property>
  <property name="stepIndex">2</property>
  <property name="description">iPhone 6 diplay size</property>
</record>
<record>
  <date>2017-06-27T19:50:01</date>
  <millis>1498560601853</millis>
  <sequence>18</sequence>
  <level>INFO</level>
  <class>com.kms.katalon.core.logging.KeywordLogger</class>
  <method>logMessage</method>
  <thread>1</thread>
  <message>Checking width</message>
  <nestedLevel>1</nestedLevel>
</record>
<record>
  <date>2017-06-27T19:50:01</date>
  <millis>1498560601855</millis>
  <sequence>19</sequence>
  <level>INFO</level>
  <class>com.kms.katalon.core.logging.KeywordLogger</class>
  <method>logMessage</method>
  <thread>1</thread>
  <message>Checking height</message>
  <nestedLevel>1</nestedLevel>
</record>
<record>
  <date>2017-06-27T19:50:03</date>
  <millis>1498560603023</millis>
  <sequence>20</sequence>
  <level>PASSED</level>
  <class>com.kms.katalon.core.logging.KeywordLogger</class>
  <method>logMessage</method>
  <thread>1</thread>
  <message>Viewport is set to new size with width = 375 and height = 667</message>
  <nestedLevel>1</nestedLevel>
</record>
<record>
  <date>2017-06-27T19:50:03</date>
  <millis>1498560603024</millis>
  <sequence>21</sequence>
  <level>END</level>
  <class>com.kms.katalon.core.logging.KeywordLogger</class>
  <method>endKeyword</method>
  <thread>1</thread>
  <message>End action : setViewPortSize</message>
  <nestedLevel>1</nestedLevel>
</record>
<record>
  <date>2017-06-27T19:50:03</date>
  <millis>1498560603024</millis>
  <sequence>22</sequence>
  <level>START</level>
  <class>com.kms.katalon.core.logging.KeywordLogger</class>
  <method>startKeyword</method>
  <thread>1</thread>
  <message>Start action : navigateToUrl</message>
  <nestedLevel>1</nestedLevel>
  <property name="startLine">28</property>
  <property name="stepIndex">3</property>
  <property name="description">navigate to www.samsung.com/cn</property>
</record>
<record>
  <date>2017-06-27T19:50:03</date>
  <millis>1498560603049</millis>
  <sequence>23</sequence>
  <level>INFO</level>
  <class>com.kms.katalon.core.logging.KeywordLogger</class>
  <method>logMessage</method>
  <thread>1</thread>
  <message>Checking url</message>
  <nestedLevel>1</nestedLevel>
</record>
<record>
  <date>2017-06-27T19:50:03</date>
  <millis>1498560603051</millis>
  <sequence>24</sequence>
  <level>INFO</level>
  <class>com.kms.katalon.core.logging.KeywordLogger</class>
  <method>logMessage</method>
  <thread>1</thread>
  <message>Navigating to &amp;apos;http://www.samsung.com/cn/&amp;apos;</message>
  <nestedLevel>1</nestedLevel>
</record>
<record>
  <date>2017-06-27T19:50:05</date>
  <millis>1498560605784</millis>
  <sequence>25</sequence>
  <level>PASSED</level>
  <class>com.kms.katalon.core.logging.KeywordLogger</class>
  <method>logMessage</method>
  <thread>1</thread>
  <message>Navigate to &amp;apos;http://www.samsung.com/cn/&amp;apos; successfully</message>
  <nestedLevel>1</nestedLevel>
</record>
<record>
  <date>2017-06-27T19:50:05</date>
  <millis>1498560605785</millis>
  <sequence>26</sequence>
  <level>END</level>
  <class>com.kms.katalon.core.logging.KeywordLogger</class>
  <method>endKeyword</method>
  <thread>1</thread>
  <message>End action : navigateToUrl</message>
  <nestedLevel>1</nestedLevel>
</record>
<record>
  <date>2017-06-27T19:50:05</date>
  <millis>1498560605785</millis>
  <sequence>27</sequence>
  <level>START</level>
  <class>com.kms.katalon.core.logging.KeywordLogger</class>
  <method>startKeyword</method>
  <thread>1</thread>
  <message>Start action : click</message>
  <nestedLevel>1</nestedLevel>
  <property name="startLine">31</property>
  <property name="stepIndex">4</property>
  <property name="description">hit the menu button</property>
</record>
<record>
  <date>2017-06-27T19:50:05</date>
  <millis>1498560605798</millis>
  <sequence>28</sequence>
  <level>INFO</level>
  <class>com.kms.katalon.core.logging.KeywordLogger</class>
  <method>logMessage</method>
  <thread>1</thread>
  <message>Finding Test Object with id &amp;apos;Object Repository/SENARIO_TEST/CHINA/Mobile/01. Page_/01. button_s-svg s-gnb-toggler&amp;apos;</message>
  <nestedLevel>1</nestedLevel>
</record>
<record>
  <date>2017-06-27T19:50:05</date>
  <millis>1498560605815</millis>
  <sequence>29</sequence>
  <level>INFO</level>
  <class>com.kms.katalon.core.logging.KeywordLogger</class>
  <method>logMessage</method>
  <thread>1</thread>
  <message>Checking object</message>
  <nestedLevel>1</nestedLevel>
</record>
<record>
  <date>2017-06-27T19:50:05</date>
  <millis>1498560605815</millis>
  <sequence>30</sequence>
  <level>INFO</level>
  <class>com.kms.katalon.core.logging.KeywordLogger</class>
  <method>logMessage</method>
  <thread>1</thread>
  <message>Checking timeout</message>
  <nestedLevel>1</nestedLevel>
</record>
<record>
  <date>2017-06-27T19:50:05</date>
  <millis>1498560605820</millis>
  <sequence>31</sequence>
  <level>INFO</level>
  <class>com.kms.katalon.core.logging.KeywordLogger</class>
  <method>logMessage</method>
  <thread>1</thread>
  <message>Finding web element with id: &amp;apos;Object Repository/SENARIO_TEST/CHINA/Mobile/01. Page_/01. button_s-svg s-gnb-toggler&amp;apos; located by &amp;apos;By.xpath: //button[count(. | id(\&amp;quot;header\&amp;quot;)/div[@class=\&amp;quot;cm-g-gnb gnb\&amp;quot;]/nav[@class=\&amp;quot;gb-gnb\&amp;quot;]/div[@class=\&amp;quot;gb-gnb__bar\&amp;quot;]/div[@class=\&amp;quot;gb-gnb__bar-inner\&amp;quot;]/button[@class=\&amp;quot;s-svg s-gnb-toggler\&amp;quot;]) = count(id(\&amp;quot;header\&amp;quot;)/div[@class=\&amp;quot;cm-g-gnb gnb\&amp;quot;]/nav[@class=\&amp;quot;gb-gnb\&amp;quot;]/div[@class=\&amp;quot;gb-gnb__bar\&amp;quot;]/div[@class=\&amp;quot;gb-gnb__bar-inner\&amp;quot;]/button[@class=\&amp;quot;s-svg s-gnb-toggler\&amp;quot;])]&amp;apos; in &amp;apos;30&amp;apos; second(s)</message>
  <nestedLevel>1</nestedLevel>
</record>
<record>
  <date>2017-06-27T19:50:05</date>
  <millis>1498560605960</millis>
  <sequence>32</sequence>
  <level>INFO</level>
  <class>com.kms.katalon.core.logging.KeywordLogger</class>
  <method>logMessage</method>
  <thread>1</thread>
  <message>Found 1 web elements with id: &amp;apos;Object Repository/SENARIO_TEST/CHINA/Mobile/01. Page_/01. button_s-svg s-gnb-toggler&amp;apos; located by &amp;apos;By.xpath: //button[count(. | id(\&amp;quot;header\&amp;quot;)/div[@class=\&amp;quot;cm-g-gnb gnb\&amp;quot;]/nav[@class=\&amp;quot;gb-gnb\&amp;quot;]/div[@class=\&amp;quot;gb-gnb__bar\&amp;quot;]/div[@class=\&amp;quot;gb-gnb__bar-inner\&amp;quot;]/button[@class=\&amp;quot;s-svg s-gnb-toggler\&amp;quot;]) = count(id(\&amp;quot;header\&amp;quot;)/div[@class=\&amp;quot;cm-g-gnb gnb\&amp;quot;]/nav[@class=\&amp;quot;gb-gnb\&amp;quot;]/div[@class=\&amp;quot;gb-gnb__bar\&amp;quot;]/div[@class=\&amp;quot;gb-gnb__bar-inner\&amp;quot;]/button[@class=\&amp;quot;s-svg s-gnb-toggler\&amp;quot;])]&amp;apos; in &amp;apos;30&amp;apos; second(s)</message>
  <nestedLevel>1</nestedLevel>
</record>
<record>
  <date>2017-06-27T19:50:05</date>
  <millis>1498560605961</millis>
  <sequence>33</sequence>
  <level>INFO</level>
  <class>com.kms.katalon.core.logging.KeywordLogger</class>
  <method>logMessage</method>
  <thread>1</thread>
  <message>Clicking on object: &amp;apos;Object Repository/SENARIO_TEST/CHINA/Mobile/01. Page_/01. button_s-svg s-gnb-toggler&amp;apos;</message>
  <nestedLevel>1</nestedLevel>
</record>
<record>
  <date>2017-06-27T19:50:06</date>
  <millis>1498560606131</millis>
  <sequence>34</sequence>
  <level>PASSED</level>
  <class>com.kms.katalon.core.logging.KeywordLogger</class>
  <method>logMessage</method>
  <thread>1</thread>
  <message>Object: &amp;apos;Object Repository/SENARIO_TEST/CHINA/Mobile/01. Page_/01. button_s-svg s-gnb-toggler&amp;apos; is clicked on</message>
  <nestedLevel>1</nestedLevel>
</record>
<record>
  <date>2017-06-27T19:50:06</date>
  <millis>1498560606132</millis>
  <sequence>35</sequence>
  <level>END</level>
  <class>com.kms.katalon.core.logging.KeywordLogger</class>
  <method>endKeyword</method>
  <thread>1</thread>
  <message>End action : click</message>
  <nestedLevel>1</nestedLevel>
</record>
<record>
  <date>2017-06-27T19:50:06</date>
  <millis>1498560606132</millis>
  <sequence>36</sequence>
  <level>START</level>
  <class>com.kms.katalon.core.logging.KeywordLogger</class>
  <method>startKeyword</method>
  <thread>1</thread>
  <message>Start action : click</message>
  <nestedLevel>1</nestedLevel>
  <property name="startLine">33</property>
  <property name="stepIndex">5</property>
</record>
<record>
  <date>2017-06-27T19:50:06</date>
  <millis>1498560606133</millis>
  <sequence>37</sequence>
  <level>INFO</level>
  <class>com.kms.katalon.core.logging.KeywordLogger</class>
  <method>logMessage</method>
  <thread>1</thread>
  <message>Finding Test Object with id &amp;apos;Object Repository/SENARIO_TEST/CHINA/Mobile/01. Page_/02. a_TV&amp;apos;</message>
  <nestedLevel>1</nestedLevel>
</record>
<record>
  <date>2017-06-27T19:50:06</date>
  <millis>1498560606138</millis>
  <sequence>38</sequence>
  <level>INFO</level>
  <class>com.kms.katalon.core.logging.KeywordLogger</class>
  <method>logMessage</method>
  <thread>1</thread>
  <message>Checking object</message>
  <nestedLevel>1</nestedLevel>
</record>
<record>
  <date>2017-06-27T19:50:06</date>
  <millis>1498560606138</millis>
  <sequence>39</sequence>
  <level>INFO</level>
  <class>com.kms.katalon.core.logging.KeywordLogger</class>
  <method>logMessage</method>
  <thread>1</thread>
  <message>Checking timeout</message>
  <nestedLevel>1</nestedLevel>
</record>
<record>
  <date>2017-06-27T19:50:06</date>
  <millis>1498560606139</millis>
  <sequence>40</sequence>
  <level>INFO</level>
  <class>com.kms.katalon.core.logging.KeywordLogger</class>
  <method>logMessage</method>
  <thread>1</thread>
  <message>Finding web element with id: &amp;apos;Object Repository/SENARIO_TEST/CHINA/Mobile/01. Page_/02. a_TV&amp;apos; located by &amp;apos;By.xpath: //a[count(. | id(\&amp;quot;mobile_left\&amp;quot;)/li[2]/a[@class=\&amp;quot;s-depth1-link\&amp;quot;]) = count(id(\&amp;quot;mobile_left\&amp;quot;)/li[2]/a[@class=\&amp;quot;s-depth1-link\&amp;quot;])]&amp;apos; in &amp;apos;30&amp;apos; second(s)</message>
  <nestedLevel>1</nestedLevel>
</record>
<record>
  <date>2017-06-27T19:50:06</date>
  <millis>1498560606181</millis>
  <sequence>41</sequence>
  <level>INFO</level>
  <class>com.kms.katalon.core.logging.KeywordLogger</class>
  <method>logMessage</method>
  <thread>1</thread>
  <message>Found 1 web elements with id: &amp;apos;Object Repository/SENARIO_TEST/CHINA/Mobile/01. Page_/02. a_TV&amp;apos; located by &amp;apos;By.xpath: //a[count(. | id(\&amp;quot;mobile_left\&amp;quot;)/li[2]/a[@class=\&amp;quot;s-depth1-link\&amp;quot;]) = count(id(\&amp;quot;mobile_left\&amp;quot;)/li[2]/a[@class=\&amp;quot;s-depth1-link\&amp;quot;])]&amp;apos; in &amp;apos;30&amp;apos; second(s)</message>
  <nestedLevel>1</nestedLevel>
</record>
<record>
  <date>2017-06-27T19:50:06</date>
  <millis>1498560606182</millis>
  <sequence>42</sequence>
  <level>INFO</level>
  <class>com.kms.katalon.core.logging.KeywordLogger</class>
  <method>logMessage</method>
  <thread>1</thread>
  <message>Clicking on object: &amp;apos;Object Repository/SENARIO_TEST/CHINA/Mobile/01. Page_/02. a_TV&amp;apos;</message>
  <nestedLevel>1</nestedLevel>
</record>
<record>
  <date>2017-06-27T19:50:06</date>
  <millis>1498560606327</millis>
  <sequence>43</sequence>
  <level>PASSED</level>
  <class>com.kms.katalon.core.logging.KeywordLogger</class>
  <method>logMessage</method>
  <thread>1</thread>
  <message>Object: &amp;apos;Object Repository/SENARIO_TEST/CHINA/Mobile/01. Page_/02. a_TV&amp;apos; is clicked on</message>
  <nestedLevel>1</nestedLevel>
</record>
<record>
  <date>2017-06-27T19:50:06</date>
  <millis>1498560606328</millis>
  <sequence>44</sequence>
  <level>END</level>
  <class>com.kms.katalon.core.logging.KeywordLogger</class>
  <method>endKeyword</method>
  <thread>1</thread>
  <message>End action : click</message>
  <nestedLevel>1</nestedLevel>
</record>
<record>
  <date>2017-06-27T19:50:06</date>
  <millis>1498560606328</millis>
  <sequence>45</sequence>
  <level>START</level>
  <class>com.kms.katalon.core.logging.KeywordLogger</class>
  <method>startKeyword</method>
  <thread>1</thread>
  <message>Start action : click</message>
  <nestedLevel>1</nestedLevel>
  <property name="startLine">35</property>
  <property name="stepIndex">6</property>
</record>
<record>
  <date>2017-06-27T19:50:06</date>
  <millis>1498560606329</millis>
  <sequence>46</sequence>
  <level>INFO</level>
  <class>com.kms.katalon.core.logging.KeywordLogger</class>
  <method>logMessage</method>
  <thread>1</thread>
  <message>Finding Test Object with id &amp;apos;Object Repository/SENARIO_TEST/CHINA/Mobile/01. Page_/03. a_Premium UHD TV&amp;apos;</message>
  <nestedLevel>1</nestedLevel>
</record>
<record>
  <date>2017-06-27T19:50:06</date>
  <millis>1498560606335</millis>
  <sequence>47</sequence>
  <level>INFO</level>
  <class>com.kms.katalon.core.logging.KeywordLogger</class>
  <method>logMessage</method>
  <thread>1</thread>
  <message>Checking object</message>
  <nestedLevel>1</nestedLevel>
</record>
<record>
  <date>2017-06-27T19:50:06</date>
  <millis>1498560606336</millis>
  <sequence>48</sequence>
  <level>INFO</level>
  <class>com.kms.katalon.core.logging.KeywordLogger</class>
  <method>logMessage</method>
  <thread>1</thread>
  <message>Checking timeout</message>
  <nestedLevel>1</nestedLevel>
</record>
<record>
  <date>2017-06-27T19:50:06</date>
  <millis>1498560606337</millis>
  <sequence>49</sequence>
  <level>INFO</level>
  <class>com.kms.katalon.core.logging.KeywordLogger</class>
  <method>logMessage</method>
  <thread>1</thread>
  <message>Finding web element with id: &amp;apos;Object Repository/SENARIO_TEST/CHINA/Mobile/01. Page_/03. a_Premium UHD TV&amp;apos; located by &amp;apos;By.xpath: //a[count(. | //*[@id=\&amp;quot;header\&amp;quot;]/div[4]/nav/div[2]/div/div[1]/div/div/ul/li[1]/ul/li[2]/a) = count(//*[@id=\&amp;quot;header\&amp;quot;]/div[4]/nav/div[2]/div/div[1]/div/div/ul/li[1]/ul/li[2]/a)]&amp;apos; in &amp;apos;30&amp;apos; second(s)</message>
  <nestedLevel>1</nestedLevel>
</record>
<record>
  <date>2017-06-27T19:50:06</date>
  <millis>1498560606486</millis>
  <sequence>50</sequence>
  <level>INFO</level>
  <class>com.kms.katalon.core.logging.KeywordLogger</class>
  <method>logMessage</method>
  <thread>1</thread>
  <message>Found 1 web elements with id: &amp;apos;Object Repository/SENARIO_TEST/CHINA/Mobile/01. Page_/03. a_Premium UHD TV&amp;apos; located by &amp;apos;By.xpath: //a[count(. | //*[@id=\&amp;quot;header\&amp;quot;]/div[4]/nav/div[2]/div/div[1]/div/div/ul/li[1]/ul/li[2]/a) = count(//*[@id=\&amp;quot;header\&amp;quot;]/div[4]/nav/div[2]/div/div[1]/div/div/ul/li[1]/ul/li[2]/a)]&amp;apos; in &amp;apos;30&amp;apos; second(s)</message>
  <nestedLevel>1</nestedLevel>
</record>
<record>
  <date>2017-06-27T19:50:06</date>
  <millis>1498560606487</millis>
  <sequence>51</sequence>
  <level>INFO</level>
  <class>com.kms.katalon.core.logging.KeywordLogger</class>
  <method>logMessage</method>
  <thread>1</thread>
  <message>Clicking on object: &amp;apos;Object Repository/SENARIO_TEST/CHINA/Mobile/01. Page_/03. a_Premium UHD TV&amp;apos;</message>
  <nestedLevel>1</nestedLevel>
</record>
<record>
  <date>2017-06-27T19:50:09</date>
  <millis>1498560609671</millis>
  <sequence>52</sequence>
  <level>PASSED</level>
  <class>com.kms.katalon.core.logging.KeywordLogger</class>
  <method>logMessage</method>
  <thread>1</thread>
  <message>Object: &amp;apos;Object Repository/SENARIO_TEST/CHINA/Mobile/01. Page_/03. a_Premium UHD TV&amp;apos; is clicked on</message>
  <nestedLevel>1</nestedLevel>
</record>
<record>
  <date>2017-06-27T19:50:09</date>
  <millis>1498560609671</millis>
  <sequence>53</sequence>
  <level>END</level>
  <class>com.kms.katalon.core.logging.KeywordLogger</class>
  <method>endKeyword</method>
  <thread>1</thread>
  <message>End action : click</message>
  <nestedLevel>1</nestedLevel>
</record>
<record>
  <date>2017-06-27T19:50:09</date>
  <millis>1498560609672</millis>
  <sequence>54</sequence>
  <level>START</level>
  <class>com.kms.katalon.core.logging.KeywordLogger</class>
  <method>startKeyword</method>
  <thread>1</thread>
  <message>Start action : click</message>
  <nestedLevel>1</nestedLevel>
  <property name="startLine">37</property>
  <property name="stepIndex">7</property>
</record>
<record>
  <date>2017-06-27T19:50:09</date>
  <millis>1498560609684</millis>
  <sequence>55</sequence>
  <level>INFO</level>
  <class>com.kms.katalon.core.logging.KeywordLogger</class>
  <method>logMessage</method>
  <thread>1</thread>
  <message>Finding Test Object with id &amp;apos;Object Repository/SENARIO_TEST/CHINA/Mobile/02. Page_ - SUHD Curved TV UHD TVFULL H/04. button_&amp;apos;</message>
  <nestedLevel>1</nestedLevel>
</record>
<record>
  <date>2017-06-27T19:50:09</date>
  <millis>1498560609694</millis>
  <sequence>56</sequence>
  <level>INFO</level>
  <class>com.kms.katalon.core.logging.KeywordLogger</class>
  <method>logMessage</method>
  <thread>1</thread>
  <message>Checking object</message>
  <nestedLevel>1</nestedLevel>
</record>
<record>
  <date>2017-06-27T19:50:09</date>
  <millis>1498560609698</millis>
  <sequence>57</sequence>
  <level>INFO</level>
  <class>com.kms.katalon.core.logging.KeywordLogger</class>
  <method>logMessage</method>
  <thread>1</thread>
  <message>Checking timeout</message>
  <nestedLevel>1</nestedLevel>
</record>
<record>
  <date>2017-06-27T19:50:09</date>
  <millis>1498560609699</millis>
  <sequence>58</sequence>
  <level>INFO</level>
  <class>com.kms.katalon.core.logging.KeywordLogger</class>
  <method>logMessage</method>
  <thread>1</thread>
  <message>Finding web element with id: &amp;apos;Object Repository/SENARIO_TEST/CHINA/Mobile/02. Page_ - SUHD Curved TV UHD TVFULL H/04. button_&amp;apos; located by &amp;apos;By.xpath: //button[count(. | id(\&amp;quot;content\&amp;quot;)/div[@class=\&amp;quot;js-fs-blank\&amp;quot;]/div[@class=\&amp;quot;filter-sort\&amp;quot;]/div[@class=\&amp;quot;filter-sort__wrap\&amp;quot;]/div[@class=\&amp;quot;filter-sort__menu\&amp;quot;]/div[@class=\&amp;quot;filter-sort__results-mo\&amp;quot;]/button[@class=\&amp;quot;filter-sort__results-btn\&amp;quot;]) = count(id(\&amp;quot;content\&amp;quot;)/div[@class=\&amp;quot;js-fs-blank\&amp;quot;]/div[@class=\&amp;quot;filter-sort\&amp;quot;]/div[@class=\&amp;quot;filter-sort__wrap\&amp;quot;]/div[@class=\&amp;quot;filter-sort__menu\&amp;quot;]/div[@class=\&amp;quot;filter-sort__results-mo\&amp;quot;]/button[@class=\&amp;quot;filter-sort__results-btn\&amp;quot;])]&amp;apos; in &amp;apos;30&amp;apos; second(s)</message>
  <nestedLevel>1</nestedLevel>
</record>
<record>
  <date>2017-06-27T19:50:09</date>
  <millis>1498560609723</millis>
  <sequence>59</sequence>
  <level>INFO</level>
  <class>com.kms.katalon.core.logging.KeywordLogger</class>
  <method>logMessage</method>
  <thread>1</thread>
  <message>Found 1 web elements with id: &amp;apos;Object Repository/SENARIO_TEST/CHINA/Mobile/02. Page_ - SUHD Curved TV UHD TVFULL H/04. button_&amp;apos; located by &amp;apos;By.xpath: //button[count(. | id(\&amp;quot;content\&amp;quot;)/div[@class=\&amp;quot;js-fs-blank\&amp;quot;]/div[@class=\&amp;quot;filter-sort\&amp;quot;]/div[@class=\&amp;quot;filter-sort__wrap\&amp;quot;]/div[@class=\&amp;quot;filter-sort__menu\&amp;quot;]/div[@class=\&amp;quot;filter-sort__results-mo\&amp;quot;]/button[@class=\&amp;quot;filter-sort__results-btn\&amp;quot;]) = count(id(\&amp;quot;content\&amp;quot;)/div[@class=\&amp;quot;js-fs-blank\&amp;quot;]/div[@class=\&amp;quot;filter-sort\&amp;quot;]/div[@class=\&amp;quot;filter-sort__wrap\&amp;quot;]/div[@class=\&amp;quot;filter-sort__menu\&amp;quot;]/div[@class=\&amp;quot;filter-sort__results-mo\&amp;quot;]/button[@class=\&amp;quot;filter-sort__results-btn\&amp;quot;])]&amp;apos; in &amp;apos;30&amp;apos; second(s)</message>
  <nestedLevel>1</nestedLevel>
</record>
<record>
  <date>2017-06-27T19:50:09</date>
  <millis>1498560609723</millis>
  <sequence>60</sequence>
  <level>INFO</level>
  <class>com.kms.katalon.core.logging.KeywordLogger</class>
  <method>logMessage</method>
  <thread>1</thread>
  <message>Clicking on object: &amp;apos;Object Repository/SENARIO_TEST/CHINA/Mobile/02. Page_ - SUHD Curved TV UHD TVFULL H/04. button_&amp;apos;</message>
  <nestedLevel>1</nestedLevel>
</record>
<record>
  <date>2017-06-27T19:50:09</date>
  <millis>1498560609836</millis>
  <sequence>61</sequence>
  <level>PASSED</level>
  <class>com.kms.katalon.core.logging.KeywordLogger</class>
  <method>logMessage</method>
  <thread>1</thread>
  <message>Object: &amp;apos;Object Repository/SENARIO_TEST/CHINA/Mobile/02. Page_ - SUHD Curved TV UHD TVFULL H/04. button_&amp;apos; is clicked on</message>
  <nestedLevel>1</nestedLevel>
</record>
<record>
  <date>2017-06-27T19:50:09</date>
  <millis>1498560609837</millis>
  <sequence>62</sequence>
  <level>END</level>
  <class>com.kms.katalon.core.logging.KeywordLogger</class>
  <method>endKeyword</method>
  <thread>1</thread>
  <message>End action : click</message>
  <nestedLevel>1</nestedLevel>
</record>
<record>
  <date>2017-06-27T19:50:09</date>
  <millis>1498560609837</millis>
  <sequence>63</sequence>
  <level>START</level>
  <class>com.kms.katalon.core.logging.KeywordLogger</class>
  <method>startKeyword</method>
  <thread>1</thread>
  <message>Start action : click</message>
  <nestedLevel>1</nestedLevel>
  <property name="startLine">39</property>
  <property name="stepIndex">8</property>
</record>
<record>
  <date>2017-06-27T19:50:09</date>
  <millis>1498560609840</millis>
  <sequence>64</sequence>
  <level>INFO</level>
  <class>com.kms.katalon.core.logging.KeywordLogger</class>
  <method>logMessage</method>
  <thread>1</thread>
  <message>Finding Test Object with id &amp;apos;Object Repository/SENARIO_TEST/CHINA/Mobile/02. Page_ - SUHD Curved TV UHD TVFULL H/05. a_&amp;apos;</message>
  <nestedLevel>1</nestedLevel>
</record>
<record>
  <date>2017-06-27T19:50:09</date>
  <millis>1498560609846</millis>
  <sequence>65</sequence>
  <level>INFO</level>
  <class>com.kms.katalon.core.logging.KeywordLogger</class>
  <method>logMessage</method>
  <thread>1</thread>
  <message>Checking object</message>
  <nestedLevel>1</nestedLevel>
</record>
<record>
  <date>2017-06-27T19:50:09</date>
  <millis>1498560609847</millis>
  <sequence>66</sequence>
  <level>INFO</level>
  <class>com.kms.katalon.core.logging.KeywordLogger</class>
  <method>logMessage</method>
  <thread>1</thread>
  <message>Checking timeout</message>
  <nestedLevel>1</nestedLevel>
</record>
<record>
  <date>2017-06-27T19:50:09</date>
  <millis>1498560609848</millis>
  <sequence>67</sequence>
  <level>INFO</level>
  <class>com.kms.katalon.core.logging.KeywordLogger</class>
  <method>logMessage</method>
  <thread>1</thread>
  <message>Finding web element with id: &amp;apos;Object Repository/SENARIO_TEST/CHINA/Mobile/02. Page_ - SUHD Curved TV UHD TVFULL H/05. a_&amp;apos; located by &amp;apos;By.xpath: //a[count(. | id(\&amp;quot;content\&amp;quot;)/div[@class=\&amp;quot;product-filter-grid\&amp;quot;]/div[@class=\&amp;quot;product-filter-grid__left js-filter-left-fix\&amp;quot;]/div[@class=\&amp;quot;filter-sort__fix-wrap\&amp;quot;]/div[@class=\&amp;quot;filter-sort__list-wrap\&amp;quot;]/div[@class=\&amp;quot;filter-sort__list\&amp;quot;]/a[@class=\&amp;quot;filter-sort__list-title\&amp;quot;]) = count(id(\&amp;quot;content\&amp;quot;)/div[@class=\&amp;quot;product-filter-grid\&amp;quot;]/div[@class=\&amp;quot;product-filter-grid__left js-filter-left-fix\&amp;quot;]/div[@class=\&amp;quot;filter-sort__fix-wrap\&amp;quot;]/div[@class=\&amp;quot;filter-sort__list-wrap\&amp;quot;]/div[@class=\&amp;quot;filter-sort__list\&amp;quot;]/a[@class=\&amp;quot;filter-sort__list-title\&amp;quot;])]&amp;apos; in &amp;apos;30&amp;apos; second(s)</message>
  <nestedLevel>1</nestedLevel>
</record>
<record>
  <date>2017-06-27T19:50:10</date>
  <millis>1498560610420</millis>
  <sequence>68</sequence>
  <level>INFO</level>
  <class>com.kms.katalon.core.logging.KeywordLogger</class>
  <method>logMessage</method>
  <thread>1</thread>
  <message>Found 3 web elements with id: &amp;apos;Object Repository/SENARIO_TEST/CHINA/Mobile/02. Page_ - SUHD Curved TV UHD TVFULL H/05. a_&amp;apos; located by &amp;apos;By.xpath: //a[count(. | id(\&amp;quot;content\&amp;quot;)/div[@class=\&amp;quot;product-filter-grid\&amp;quot;]/div[@class=\&amp;quot;product-filter-grid__left js-filter-left-fix\&amp;quot;]/div[@class=\&amp;quot;filter-sort__fix-wrap\&amp;quot;]/div[@class=\&amp;quot;filter-sort__list-wrap\&amp;quot;]/div[@class=\&amp;quot;filter-sort__list\&amp;quot;]/a[@class=\&amp;quot;filter-sort__list-title\&amp;quot;]) = count(id(\&amp;quot;content\&amp;quot;)/div[@class=\&amp;quot;product-filter-grid\&amp;quot;]/div[@class=\&amp;quot;product-filter-grid__left js-filter-left-fix\&amp;quot;]/div[@class=\&amp;quot;filter-sort__fix-wrap\&amp;quot;]/div[@class=\&amp;quot;filter-sort__list-wrap\&amp;quot;]/div[@class=\&amp;quot;filter-sort__list\&amp;quot;]/a[@class=\&amp;quot;filter-sort__list-title\&amp;quot;])]&amp;apos; in &amp;apos;30&amp;apos; second(s)</message>
  <nestedLevel>1</nestedLevel>
</record>
<record>
  <date>2017-06-27T19:50:10</date>
  <millis>1498560610421</millis>
  <sequence>69</sequence>
  <level>INFO</level>
  <class>com.kms.katalon.core.logging.KeywordLogger</class>
  <method>logMessage</method>
  <thread>1</thread>
  <message>Clicking on object: &amp;apos;Object Repository/SENARIO_TEST/CHINA/Mobile/02. Page_ - SUHD Curved TV UHD TVFULL H/05. a_&amp;apos;</message>
  <nestedLevel>1</nestedLevel>
</record>
<record>
  <date>2017-06-27T19:50:10</date>
  <millis>1498560610550</millis>
  <sequence>70</sequence>
  <level>PASSED</level>
  <class>com.kms.katalon.core.logging.KeywordLogger</class>
  <method>logMessage</method>
  <thread>1</thread>
  <message>Object: &amp;apos;Object Repository/SENARIO_TEST/CHINA/Mobile/02. Page_ - SUHD Curved TV UHD TVFULL H/05. a_&amp;apos; is clicked on</message>
  <nestedLevel>1</nestedLevel>
</record>
<record>
  <date>2017-06-27T19:50:10</date>
  <millis>1498560610551</millis>
  <sequence>71</sequence>
  <level>END</level>
  <class>com.kms.katalon.core.logging.KeywordLogger</class>
  <method>endKeyword</method>
  <thread>1</thread>
  <message>End action : click</message>
  <nestedLevel>1</nestedLevel>
</record>
<record>
  <date>2017-06-27T19:50:10</date>
  <millis>1498560610552</millis>
  <sequence>72</sequence>
  <level>START</level>
  <class>com.kms.katalon.core.logging.KeywordLogger</class>
  <method>startKeyword</method>
  <thread>1</thread>
  <message>Start action : click</message>
  <nestedLevel>1</nestedLevel>
  <property name="startLine">41</property>
  <property name="stepIndex">9</property>
</record>
<record>
  <date>2017-06-27T19:50:10</date>
  <millis>1498560610553</millis>
  <sequence>73</sequence>
  <level>INFO</level>
  <class>com.kms.katalon.core.logging.KeywordLogger</class>
  <method>logMessage</method>
  <thread>1</thread>
  <message>Finding Test Object with id &amp;apos;Object Repository/SENARIO_TEST/CHINA/Mobile/02. Page_ - SUHD Curved TV UHD TVFULL H/06.p_Premium UHD TV&amp;apos;</message>
  <nestedLevel>1</nestedLevel>
</record>
<record>
  <date>2017-06-27T19:50:10</date>
  <millis>1498560610558</millis>
  <sequence>74</sequence>
  <level>INFO</level>
  <class>com.kms.katalon.core.logging.KeywordLogger</class>
  <method>logMessage</method>
  <thread>1</thread>
  <message>Checking object</message>
  <nestedLevel>1</nestedLevel>
</record>
<record>
  <date>2017-06-27T19:50:10</date>
  <millis>1498560610558</millis>
  <sequence>75</sequence>
  <level>INFO</level>
  <class>com.kms.katalon.core.logging.KeywordLogger</class>
  <method>logMessage</method>
  <thread>1</thread>
  <message>Checking timeout</message>
  <nestedLevel>1</nestedLevel>
</record>
<record>
  <date>2017-06-27T19:50:10</date>
  <millis>1498560610562</millis>
  <sequence>76</sequence>
  <level>INFO</level>
  <class>com.kms.katalon.core.logging.KeywordLogger</class>
  <method>logMessage</method>
  <thread>1</thread>
  <message>Finding web element with id: &amp;apos;Object Repository/SENARIO_TEST/CHINA/Mobile/02. Page_ - SUHD Curved TV UHD TVFULL H/06.p_Premium UHD TV&amp;apos; located by &amp;apos;By.xpath: //p[count(. | id(\&amp;quot;content\&amp;quot;)/div[@class=\&amp;quot;product-filter-grid\&amp;quot;]/div[@class=\&amp;quot;product-filter-grid__left js-filter-left-fix\&amp;quot;]/div[@class=\&amp;quot;filter-sort__fix-wrap\&amp;quot;]/div[@class=\&amp;quot;filter-sort__list-wrap\&amp;quot;]/div[@class=\&amp;quot;filter-sort__list active\&amp;quot;]/div[@class=\&amp;quot;filter-sort__item\&amp;quot;]/ul[1]/li[2]/label[1]/p[@class=\&amp;quot;filter-sort__text\&amp;quot;]) = count(id(\&amp;quot;content\&amp;quot;)/div[@class=\&amp;quot;product-filter-grid\&amp;quot;]/div[@class=\&amp;quot;product-filter-grid__left js-filter-left-fix\&amp;quot;]/div[@class=\&amp;quot;filter-sort__fix-wrap\&amp;quot;]/div[@class=\&amp;quot;filter-sort__list-wrap\&amp;quot;]/div[@class=\&amp;quot;filter-sort__list active\&amp;quot;]/div[@class=\&amp;quot;filter-sort__item\&amp;quot;]/ul[1]/li[2]/label[1]/p[@class=\&amp;quot;filter-sort__text\&amp;quot;])]&amp;apos; in &amp;apos;30&amp;apos; second(s)</message>
  <nestedLevel>1</nestedLevel>
</record>
<record>
  <date>2017-06-27T19:50:11</date>
  <millis>1498560611122</millis>
  <sequence>77</sequence>
  <level>INFO</level>
  <class>com.kms.katalon.core.logging.KeywordLogger</class>
  <method>logMessage</method>
  <thread>1</thread>
  <message>Found 1 web elements with id: &amp;apos;Object Repository/SENARIO_TEST/CHINA/Mobile/02. Page_ - SUHD Curved TV UHD TVFULL H/06.p_Premium UHD TV&amp;apos; located by &amp;apos;By.xpath: //p[count(. | id(\&amp;quot;content\&amp;quot;)/div[@class=\&amp;quot;product-filter-grid\&amp;quot;]/div[@class=\&amp;quot;product-filter-grid__left js-filter-left-fix\&amp;quot;]/div[@class=\&amp;quot;filter-sort__fix-wrap\&amp;quot;]/div[@class=\&amp;quot;filter-sort__list-wrap\&amp;quot;]/div[@class=\&amp;quot;filter-sort__list active\&amp;quot;]/div[@class=\&amp;quot;filter-sort__item\&amp;quot;]/ul[1]/li[2]/label[1]/p[@class=\&amp;quot;filter-sort__text\&amp;quot;]) = count(id(\&amp;quot;content\&amp;quot;)/div[@class=\&amp;quot;product-filter-grid\&amp;quot;]/div[@class=\&amp;quot;product-filter-grid__left js-filter-left-fix\&amp;quot;]/div[@class=\&amp;quot;filter-sort__fix-wrap\&amp;quot;]/div[@class=\&amp;quot;filter-sort__list-wrap\&amp;quot;]/div[@class=\&amp;quot;filter-sort__list active\&amp;quot;]/div[@class=\&amp;quot;filter-sort__item\&amp;quot;]/ul[1]/li[2]/label[1]/p[@class=\&amp;quot;filter-sort__text\&amp;quot;])]&amp;apos; in &amp;apos;30&amp;apos; second(s)</message>
  <nestedLevel>1</nestedLevel>
</record>
<record>
  <date>2017-06-27T19:50:11</date>
  <millis>1498560611122</millis>
  <sequence>78</sequence>
  <level>INFO</level>
  <class>com.kms.katalon.core.logging.KeywordLogger</class>
  <method>logMessage</method>
  <thread>1</thread>
  <message>Clicking on object: &amp;apos;Object Repository/SENARIO_TEST/CHINA/Mobile/02. Page_ - SUHD Curved TV UHD TVFULL H/06.p_Premium UHD TV&amp;apos;</message>
  <nestedLevel>1</nestedLevel>
</record>
<record>
  <date>2017-06-27T19:50:11</date>
  <millis>1498560611222</millis>
  <sequence>79</sequence>
  <level>PASSED</level>
  <class>com.kms.katalon.core.logging.KeywordLogger</class>
  <method>logMessage</method>
  <thread>1</thread>
  <message>Object: &amp;apos;Object Repository/SENARIO_TEST/CHINA/Mobile/02. Page_ - SUHD Curved TV UHD TVFULL H/06.p_Premium UHD TV&amp;apos; is clicked on</message>
  <nestedLevel>1</nestedLevel>
</record>
<record>
  <date>2017-06-27T19:50:11</date>
  <millis>1498560611223</millis>
  <sequence>80</sequence>
  <level>END</level>
  <class>com.kms.katalon.core.logging.KeywordLogger</class>
  <method>endKeyword</method>
  <thread>1</thread>
  <message>End action : click</message>
  <nestedLevel>1</nestedLevel>
</record>
<record>
  <date>2017-06-27T19:50:11</date>
  <millis>1498560611223</millis>
  <sequence>81</sequence>
  <level>START</level>
  <class>com.kms.katalon.core.logging.KeywordLogger</class>
  <method>startKeyword</method>
  <thread>1</thread>
  <message>Start action : click</message>
  <nestedLevel>1</nestedLevel>
  <property name="startLine">43</property>
  <property name="stepIndex">10</property>
</record>
<record>
  <date>2017-06-27T19:50:11</date>
  <millis>1498560611224</millis>
  <sequence>82</sequence>
  <level>INFO</level>
  <class>com.kms.katalon.core.logging.KeywordLogger</class>
  <method>logMessage</method>
  <thread>1</thread>
  <message>Finding Test Object with id &amp;apos;Object Repository/SENARIO_TEST/CHINA/Mobile/Page_ - SUHD Curved TV UHD TVFULL H (1)/button_&amp;apos;</message>
  <nestedLevel>1</nestedLevel>
</record>
<record>
  <date>2017-06-27T19:50:11</date>
  <millis>1498560611227</millis>
  <sequence>83</sequence>
  <level>INFO</level>
  <class>com.kms.katalon.core.logging.KeywordLogger</class>
  <method>logMessage</method>
  <thread>1</thread>
  <message>Checking object</message>
  <nestedLevel>1</nestedLevel>
</record>
<record>
  <date>2017-06-27T19:50:11</date>
  <millis>1498560611227</millis>
  <sequence>84</sequence>
  <level>INFO</level>
  <class>com.kms.katalon.core.logging.KeywordLogger</class>
  <method>logMessage</method>
  <thread>1</thread>
  <message>Checking timeout</message>
  <nestedLevel>1</nestedLevel>
</record>
<record>
  <date>2017-06-27T19:50:11</date>
  <millis>1498560611227</millis>
  <sequence>85</sequence>
  <level>INFO</level>
  <class>com.kms.katalon.core.logging.KeywordLogger</class>
  <method>logMessage</method>
  <thread>1</thread>
  <message>Finding web element with id: &amp;apos;Object Repository/SENARIO_TEST/CHINA/Mobile/Page_ - SUHD Curved TV UHD TVFULL H (1)/button_&amp;apos; located by &amp;apos;By.xpath: //button[count(. | id(\&amp;quot;content\&amp;quot;)/div[@class=\&amp;quot;js-fs-blank\&amp;quot;]/div[@class=\&amp;quot;filter-sort js-fs-top-fix\&amp;quot;]/div[@class=\&amp;quot;filter-sort__wrap\&amp;quot;]/div[@class=\&amp;quot;filter-sort__menu\&amp;quot;]/div[@class=\&amp;quot;filter-sort__results-mo\&amp;quot;]/button[@class=\&amp;quot;filter-sort__results-btn\&amp;quot;]) = count(id(\&amp;quot;content\&amp;quot;)/div[@class=\&amp;quot;js-fs-blank\&amp;quot;]/div[@class=\&amp;quot;filter-sort js-fs-top-fix\&amp;quot;]/div[@class=\&amp;quot;filter-sort__wrap\&amp;quot;]/div[@class=\&amp;quot;filter-sort__menu\&amp;quot;]/div[@class=\&amp;quot;filter-sort__results-mo\&amp;quot;]/button[@class=\&amp;quot;filter-sort__results-btn\&amp;quot;])]&amp;apos; in &amp;apos;30&amp;apos; second(s)</message>
  <nestedLevel>1</nestedLevel>
</record>
<record>
  <date>2017-06-27T19:50:11</date>
  <millis>1498560611264</millis>
  <sequence>86</sequence>
  <level>INFO</level>
  <class>com.kms.katalon.core.logging.KeywordLogger</class>
  <method>logMessage</method>
  <thread>1</thread>
  <message>Found 1 web elements with id: &amp;apos;Object Repository/SENARIO_TEST/CHINA/Mobile/Page_ - SUHD Curved TV UHD TVFULL H (1)/button_&amp;apos; located by &amp;apos;By.xpath: //button[count(. | id(\&amp;quot;content\&amp;quot;)/div[@class=\&amp;quot;js-fs-blank\&amp;quot;]/div[@class=\&amp;quot;filter-sort js-fs-top-fix\&amp;quot;]/div[@class=\&amp;quot;filter-sort__wrap\&amp;quot;]/div[@class=\&amp;quot;filter-sort__menu\&amp;quot;]/div[@class=\&amp;quot;filter-sort__results-mo\&amp;quot;]/button[@class=\&amp;quot;filter-sort__results-btn\&amp;quot;]) = count(id(\&amp;quot;content\&amp;quot;)/div[@class=\&amp;quot;js-fs-blank\&amp;quot;]/div[@class=\&amp;quot;filter-sort js-fs-top-fix\&amp;quot;]/div[@class=\&amp;quot;filter-sort__wrap\&amp;quot;]/div[@class=\&amp;quot;filter-sort__menu\&amp;quot;]/div[@class=\&amp;quot;filter-sort__results-mo\&amp;quot;]/button[@class=\&amp;quot;filter-sort__results-btn\&amp;quot;])]&amp;apos; in &amp;apos;30&amp;apos; second(s)</message>
  <nestedLevel>1</nestedLevel>
</record>
<record>
  <date>2017-06-27T19:50:11</date>
  <millis>1498560611265</millis>
  <sequence>87</sequence>
  <level>INFO</level>
  <class>com.kms.katalon.core.logging.KeywordLogger</class>
  <method>logMessage</method>
  <thread>1</thread>
  <message>Clicking on object: &amp;apos;Object Repository/SENARIO_TEST/CHINA/Mobile/Page_ - SUHD Curved TV UHD TVFULL H (1)/button_&amp;apos;</message>
  <nestedLevel>1</nestedLevel>
</record>
<record>
  <date>2017-06-27T19:50:11</date>
  <millis>1498560611619</millis>
  <sequence>88</sequence>
  <level>FAILED</level>
  <class>com.kms.katalon.core.logging.KeywordLogger</class>
  <method>logMessage</method>
  <thread>1</thread>
  <message>Unable to click on object &amp;apos;Object Repository/SENARIO_TEST/CHINA/Mobile/Page_ - SUHD Curved TV UHD TVFULL H (1)/button_&amp;apos; (Root cause: org.openqa.selenium.WebDriverException: unknown error: Element &amp;lt;button class=\&amp;quot;filter-sort__results-btn\&amp;quot; aria-expanded=\&amp;quot;true\&amp;quot;&amp;gt;...&amp;lt;/button&amp;gt; is not clickable at point (89, 21). Other element would receive the click: &amp;lt;div class=\&amp;quot;cm-loader cm-loader-type2\&amp;quot; style=\&amp;quot;display: block;\&amp;quot;&amp;gt;...&amp;lt;/div&amp;gt;\n  (Session info: chrome=59.0.3071.115)\n  (Driver info: chromedriver=2.29.461591 (62ebf098771772160f391d75e589dc567915b233),platform=Windows NT 6.1.7601 SP1 x86_64) (WARNING: The server did not provide any stacktrace information)\nCommand duration or timeout: 57 milliseconds\nBuild info: version: &amp;apos;2.53.0&amp;apos;, revision: &amp;apos;35ae25b&amp;apos;, time: &amp;apos;2016-03-15 17:00:58&amp;apos;\nSystem info: host: &amp;apos;User-PC&amp;apos;, ip: &amp;apos;10.241.21.212&amp;apos;, os.name: &amp;apos;Windows 7&amp;apos;, os.arch: &amp;apos;amd64&amp;apos;, os.version: &amp;apos;6.1&amp;apos;, java.version: &amp;apos;1.8.0_102&amp;apos;\nDriver info: org.openqa.selenium.chrome.ChromeDriver\nCapabilities [{applicationCacheEnabled=false, rotatable=false, mobileEmulationEnabled=false, networkConnectionEnabled=false, chrome={chromedriverVersion=2.29.461591 (62ebf098771772160f391d75e589dc567915b233), userDataDir=C:\\Users\\User\\AppData\\Local\\Temp\\scoped_dir8204_12004}, takesHeapSnapshot=true, pageLoadStrategy=normal, databaseEnabled=false, handlesAlerts=true, hasTouchScreen=false, version=59.0.3071.115, platform=XP, browserConnectionEnabled=false, nativeEvents=true, acceptSslCerts=true, locationContextEnabled=true, webStorageEnabled=true, browserName=chrome, takesScreenshot=true, javascriptEnabled=true, cssSelectorsEnabled=true, unexpectedAlertBehaviour=}]\nSession ID: 08fbe639412ce57ef997a892e9910c55)</message>
  <nestedLevel>1</nestedLevel>
  <property name="attachment">1498560611334.png</property>
</record>
<record>
  <date>2017-06-27T19:50:11</date>
  <millis>1498560611624</millis>
  <sequence>89</sequence>
  <level>END</level>
  <class>com.kms.katalon.core.logging.KeywordLogger</class>
  <method>endKeyword</method>
  <thread>1</thread>
  <message>End action : click</message>
  <nestedLevel>1</nestedLevel>
</record>
<record>
  <date>2017-06-27T19:50:11</date>
  <millis>1498560611624</millis>
  <sequence>90</sequence>
  <logger>com.kms.katalon.core.logging.KeywordLogger</logger>
  <level>FAILED</level>
  <class>com.kms.katalon.core.logging.KeywordLogger</class>
  <method>logMessage</method>
  <thread>1</thread>
  <message>Test Cases/SCENARIO_TEST/CHINA/Mobile/TC_mobile_01 FAILED because (of) Unable to click on object &amp;apos;Object Repository/SENARIO_TEST/CHINA/Mobile/Page_ - SUHD Curved TV UHD TVFULL H (1)/button_&amp;apos; (Root cause: org.openqa.selenium.WebDriverException: unknown error: Element &amp;lt;button class=\&amp;quot;filter-sort__results-btn\&amp;quot; aria-expanded=\&amp;quot;true\&amp;quot;&amp;gt;...&amp;lt;/button&amp;gt; is not clickable at point (89, 21). Other element would receive the click: &amp;lt;div class=\&amp;quot;cm-loader cm-loader-type2\&amp;quot; style=\&amp;quot;display: block;\&amp;quot;&amp;gt;...&amp;lt;/div&amp;gt;\n  (Session info: chrome=59.0.3071.115)\n  (Driver info: chromedriver=2.29.461591 (62ebf098771772160f391d75e589dc567915b233),platform=Windows NT 6.1.7601 SP1 x86_64) (WARNING: The server did not provide any stacktrace information)\nCommand duration or timeout: 57 milliseconds\nBuild info: version: &amp;apos;2.53.0&amp;apos;, revision: &amp;apos;35ae25b&amp;apos;, time: &amp;apos;2016-03-15 17:00:58&amp;apos;\nSystem info: host: &amp;apos;User-PC&amp;apos;, ip: &amp;apos;10.241.21.212&amp;apos;, os.name: &amp;apos;Windows 7&amp;apos;, os.arch: &amp;apos;amd64&amp;apos;, os.version: &amp;apos;6.1&amp;apos;, java.version: &amp;apos;1.8.0_102&amp;apos;\nDriver info: org.openqa.selenium.chrome.ChromeDriver\nCapabilities [{applicationCacheEnabled=false, rotatable=false, mobileEmulationEnabled=false, networkConnectionEnabled=false, chrome={chromedriverVersion=2.29.461591 (62ebf098771772160f391d75e589dc567915b233), userDataDir=C:\\Users\\User\\AppData\\Local\\Temp\\scoped_dir8204_12004}, takesHeapSnapshot=true, pageLoadStrategy=normal, databaseEnabled=false, handlesAlerts=true, hasTouchScreen=false, version=59.0.3071.115, platform=XP, browserConnectionEnabled=false, nativeEvents=true, acceptSslCerts=true, locationContextEnabled=true, webStorageEnabled=true, browserName=chrome, takesScreenshot=true, javascriptEnabled=true, cssSelectorsEnabled=true, unexpectedAlertBehaviour=}]\nSession ID: 08fbe639412ce57ef997a892e9910c55)</message>
  <exception>
    <message>com.kms.katalon.core.exception.StepFailedException: Unable to click on object 'Object Repository/SENARIO_TEST/CHINA/Mobile/Page_ - SUHD Curved TV UHD TVFULL H (1)/button_' (Root cause: org.openqa.selenium.WebDriverException: unknown error: Element &lt;button class="filter-sort__results-btn" aria-expanded="true"&gt;...&lt;/button&gt; is not clickable at point (89, 21). Other element would receive the click: &lt;div class="cm-loader cm-loader-type2" style="display: block;"&gt;...&lt;/div&gt;
  (Session info: chrome=59.0.3071.115)
  (Driver info: chromedriver=2.29.461591 (62ebf098771772160f391d75e589dc567915b233),platform=Windows NT 6.1.7601 SP1 x86_64) (WARNING: The server did not provide any stacktrace information)
Command duration or timeout: 57 milliseconds
Build info: version: '2.53.0', revision: '35ae25b', time: '2016-03-15 17:00:58'
System info: host: 'User-PC', ip: '10.241.21.212', os.name: 'Windows 7', os.arch: 'amd64', os.version: '6.1', java.version: '1.8.0_102'
Driver info: org.openqa.selenium.chrome.ChromeDriver
Capabilities [{applicationCacheEnabled=false, rotatable=false, mobileEmulationEnabled=false, networkConnectionEnabled=false, chrome={chromedriverVersion=2.29.461591 (62ebf098771772160f391d75e589dc567915b233), userDataDir=C:\Users\User\AppData\Local\Temp\scoped_dir8204_12004}, takesHeapSnapshot=true, pageLoadStrategy=normal, databaseEnabled=false, handlesAlerts=true, hasTouchScreen=false, version=59.0.3071.115, platform=XP, browserConnectionEnabled=false, nativeEvents=true, acceptSslCerts=true, locationContextEnabled=true, webStorageEnabled=true, browserName=chrome, takesScreenshot=true, javascriptEnabled=true, cssSelectorsEnabled=true, unexpectedAlertBehaviour=}]
Session ID: 08fbe639412ce57ef997a892e9910c55)</message>
    <frame>
      <class>com.kms.katalon.core.keyword.internal.KeywordMain</class>
      <method>stepFailed</method>
      <line>28</line>
    </frame>
    <frame>
      <class>com.kms.katalon.core.webui.keyword.internal.WebUIKeywordMain</class>
      <method>stepFailed</method>
      <line>49</line>
    </frame>
    <frame>
      <class>com.kms.katalon.core.webui.keyword.internal.WebUIKeywordMain</class>
      <method>runKeyword</method>
      <line>27</line>
    </frame>
    <frame>
      <class>com.kms.katalon.core.webui.keyword.builtin.ClickKeyword</class>
      <method>click</method>
      <line>86</line>
    </frame>
    <frame>
      <class>com.kms.katalon.core.webui.keyword.builtin.ClickKeyword</class>
      <method>execute</method>
      <line>67</line>
    </frame>
    <frame>
      <class>com.kms.katalon.core.keyword.internal.KeywordExecutor</class>
      <method>executeKeywordForPlatform</method>
      <line>53</line>
    </frame>
    <frame>
      <class>com.kms.katalon.core.webui.keyword.WebUiBuiltInKeywords</class>
      <method>click</method>
      <line>637</line>
    </frame>
    <frame>
      <class>com.kms.katalon.core.webui.keyword.WebUiBuiltInKeywords$click$2</class>
      <method>call</method>
    </frame>
    <frame>
      <class>org.codehaus.groovy.runtime.callsite.CallSiteArray</class>
      <method>defaultCall</method>
      <line>48</line>
    </frame>
    <frame>
      <class>org.codehaus.groovy.runtime.callsite.AbstractCallSite</class>
      <method>call</method>
      <line>113</line>
    </frame>
    <frame>
      <class>org.codehaus.groovy.runtime.callsite.AbstractCallSite</class>
      <method>call</method>
      <line>125</line>
    </frame>
    <frame>
      <class>Script1498116161684</class>
      <method>run</method>
      <line>43</line>
    </frame>
    <frame>
      <class>com.kms.katalon.core.main.ScriptEngine</class>
      <method>run</method>
      <line>180</line>
    </frame>
    <frame>
      <class>com.kms.katalon.core.main.ScriptEngine</class>
      <method>runScriptAsRawText</method>
      <line>106</line>
    </frame>
    <frame>
      <class>com.kms.katalon.core.main.TestCaseExecutor</class>
      <method>runScript</method>
      <line>213</line>
    </frame>
    <frame>
      <class>com.kms.katalon.core.main.TestCaseExecutor</class>
      <method>doExecute</method>
      <line>204</line>
    </frame>
    <frame>
      <class>com.kms.katalon.core.main.TestCaseExecutor</class>
      <method>processExecutionPhase</method>
      <line>183</line>
    </frame>
    <frame>
      <class>com.kms.katalon.core.main.TestCaseExecutor</class>
      <method>accessMainPhase</method>
      <line>175</line>
    </frame>
    <frame>
      <class>com.kms.katalon.core.main.TestCaseExecutor</class>
      <method>execute</method>
      <line>158</line>
    </frame>
    <frame>
      <class>com.kms.katalon.core.main.TestCaseMain</class>
      <method>runTestCase</method>
      <line>102</line>
    </frame>
    <frame>
      <class>com.kms.katalon.core.main.TestCaseMain$runTestCase$0</class>
      <method>call</method>
    </frame>
    <frame>
      <class>org.codehaus.groovy.runtime.callsite.CallSiteArray</class>
      <method>defaultCall</method>
      <line>48</line>
    </frame>
    <frame>
      <class>org.codehaus.groovy.runtime.callsite.AbstractCallSite</class>
      <method>call</method>
      <line>113</line>
    </frame>
    <frame>
      <class>org.codehaus.groovy.runtime.callsite.AbstractCallSite</class>
      <method>call</method>
      <line>141</line>
    </frame>
    <frame>
      <class>TempTestSuite1498560595938</class>
      <method>runTestCase_0</method>
      <line>18</line>
    </frame>
    <frame>
      <class>sun.reflect.NativeMethodAccessorImpl</class>
      <method>invoke0</method>
    </frame>
    <frame>
      <class>sun.reflect.NativeMethodAccessorImpl</class>
      <method>invoke</method>
      <line>62</line>
    </frame>
    <frame>
      <class>sun.reflect.DelegatingMethodAccessorImpl</class>
      <method>invoke</method>
      <line>43</line>
    </frame>
    <frame>
      <class>java.lang.reflect.Method</class>
      <method>invoke</method>
      <line>498</line>
    </frame>
    <frame>
      <class>org.codehaus.groovy.reflection.CachedMethod</class>
      <method>invoke</method>
      <line>93</line>
    </frame>
    <frame>
      <class>groovy.lang.MetaMethod</class>
      <method>doMethodInvoke</method>
      <line>325</line>
    </frame>
    <frame>
      <class>org.codehaus.groovy.runtime.metaclass.ClosureMetaClass</class>
      <method>invokeMethod</method>
      <line>384</line>
    </frame>
    <frame>
      <class>org.codehaus.groovy.runtime.ScriptBytecodeAdapter</class>
      <method>invokeMethodOnCurrentN</method>
      <line>82</line>
    </frame>
    <frame>
      <class>org.codehaus.groovy.runtime.ScriptBytecodeAdapter</class>
      <method>invokeMethodOnCurrent0</method>
      <line>113</line>
    </frame>
    <frame>
      <class>TempTestSuite1498560595938$_run_closure1</class>
      <method>doCall</method>
      <line>44</line>
    </frame>
    <frame>
      <class>sun.reflect.NativeMethodAccessorImpl</class>
      <method>invoke0</method>
    </frame>
    <frame>
      <class>sun.reflect.NativeMethodAccessorImpl</class>
      <method>invoke</method>
      <line>62</line>
    </frame>
    <frame>
      <class>sun.reflect.DelegatingMethodAccessorImpl</class>
      <method>invoke</method>
      <line>43</line>
    </frame>
    <frame>
      <class>java.lang.reflect.Method</class>
      <method>invoke</method>
      <line>498</line>
    </frame>
    <frame>
      <class>org.codehaus.groovy.reflection.CachedMethod</class>
      <method>invoke</method>
      <line>93</line>
    </frame>
    <frame>
      <class>groovy.lang.MetaMethod</class>
      <method>doMethodInvoke</method>
      <line>325</line>
    </frame>
    <frame>
      <class>org.codehaus.groovy.runtime.metaclass.ClosureMetaClass</class>
      <method>invokeMethod</method>
      <line>294</line>
    </frame>
    <frame>
      <class>groovy.lang.MetaClassImpl</class>
      <method>invokeMethod</method>
      <line>1024</line>
    </frame>
    <frame>
      <class>groovy.lang.Closure</class>
      <method>call</method>
      <line>414</line>
    </frame>
    <frame>
      <class>groovy.lang.Closure</class>
      <method>call</method>
      <line>430</line>
    </frame>
    <frame>
      <class>org.codehaus.groovy.runtime.DefaultGroovyMethods</class>
      <method>each</method>
      <line>2030</line>
    </frame>
    <frame>
      <class>org.codehaus.groovy.runtime.DefaultGroovyMethods</class>
      <method>each</method>
      <line>2015</line>
    </frame>
    <frame>
      <class>org.codehaus.groovy.runtime.DefaultGroovyMethods</class>
      <method>each</method>
      <line>2056</line>
    </frame>
    <frame>
      <class>org.codehaus.groovy.runtime.dgm$162</class>
      <method>invoke</method>
    </frame>
    <frame>
      <class>org.codehaus.groovy.runtime.callsite.PojoMetaMethodSite$PojoMetaMethodSiteNoUnwrapNoCoerce</class>
      <method>invoke</method>
      <line>274</line>
    </frame>
    <frame>
      <class>org.codehaus.groovy.runtime.callsite.PojoMetaMethodSite</class>
      <method>call</method>
      <line>56</line>
    </frame>
    <frame>
      <class>org.codehaus.groovy.runtime.callsite.CallSiteArray</class>
      <method>defaultCall</method>
      <line>48</line>
    </frame>
    <frame>
      <class>org.codehaus.groovy.runtime.callsite.AbstractCallSite</class>
      <method>call</method>
      <line>113</line>
    </frame>
    <frame>
      <class>org.codehaus.groovy.runtime.callsite.AbstractCallSite</class>
      <method>call</method>
      <line>125</line>
    </frame>
    <frame>
      <class>TempTestSuite1498560595938</class>
      <method>run</method>
      <line>43</line>
    </frame>
    <frame>
      <class>groovy.lang.GroovyShell</class>
      <method>runScriptOrMainOrTestOrRunnable</method>
      <line>263</line>
    </frame>
    <frame>
      <class>groovy.lang.GroovyShell</class>
      <method>run</method>
      <line>518</line>
    </frame>
    <frame>
      <class>groovy.lang.GroovyShell</class>
      <method>run</method>
      <line>507</line>
    </frame>
    <frame>
      <class>groovy.ui.GroovyMain</class>
      <method>processOnce</method>
      <line>653</line>
    </frame>
    <frame>
      <class>groovy.ui.GroovyMain</class>
      <method>run</method>
      <line>384</line>
    </frame>
    <frame>
      <class>groovy.ui.GroovyMain</class>
      <method>process</method>
      <line>370</line>
    </frame>
    <frame>
      <class>groovy.ui.GroovyMain</class>
      <method>processArgs</method>
      <line>129</line>
    </frame>
    <frame>
      <class>groovy.ui.GroovyMain</class>
      <method>main</method>
      <line>109</line>
    </frame>
    <frame>
      <class>sun.reflect.NativeMethodAccessorImpl</class>
      <method>invoke0</method>
    </frame>
    <frame>
      <class>sun.reflect.NativeMethodAccessorImpl</class>
      <method>invoke</method>
      <line>62</line>
    </frame>
    <frame>
      <class>sun.reflect.DelegatingMethodAccessorImpl</class>
      <method>invoke</method>
      <line>43</line>
    </frame>
    <frame>
      <class>java.lang.reflect.Method</class>
      <method>invoke</method>
      <line>498</line>
    </frame>
    <frame>
      <class>org.codehaus.groovy.tools.GroovyStarter</class>
      <method>rootLoader</method>
      <line>109</line>
    </frame>
    <frame>
      <class>org.codehaus.groovy.tools.GroovyStarter</class>
      <method>main</method>
      <line>131</line>
    </frame>
  </exception>
  <nestedLevel>0</nestedLevel>
</record>
<record>
  <date>2017-06-27T19:50:11</date>
  <millis>1498560611639</millis>
  <sequence>91</sequence>
  <level>END</level>
  <class>com.kms.katalon.core.logging.KeywordLogger</class>
  <method>endTest</method>
  <thread>1</thread>
  <message>End Test Case : Test Cases/SCENARIO_TEST/CHINA/Mobile/TC_mobile_01</message>
  <nestedLevel>0</nestedLevel>
</record>
<record>
  <date>2017-06-27T19:50:11</date>
  <millis>1498560611641</millis>
  <sequence>92</sequence>
  <level>END</level>
  <class>com.kms.katalon.core.logging.KeywordLogger</class>
  <method>endSuite</method>
  <thread>1</thread>
  <message>End Test Suite : TS_China_Mobile</message>
  <nestedLevel>0</nestedLevel>
</record>
</log>
